Log file open, 09/28/18 09:28:43
LogWindows: Failed to load 'aqProf.dll' (GetLastError=126)
LogWindows: File 'aqProf.dll' does not exist
LogWindows: Failed to load 'VtuneApi.dll' (GetLastError=126)
LogWindows: File 'VtuneApi.dll' does not exist
LogWindows: Failed to load 'VtuneApi32e.dll' (GetLastError=126)
LogWindows: File 'VtuneApi32e.dll' does not exist
LogInit: Display: Running engine for game: VarjoSample
LogPlatformFile: Not using cached read wrapper
LogTaskGraph: Started task graph with 5 named threads and 47 total threads with 3 sets of task threads.
LogStats: Stats thread started at 1.099831
LogD3D11RHI: Loaded GFSDK_Aftermath_Lib.x64.dll
LogICUInternationalization: Display: ICU TimeZone Detection - Raw Offset: +2:00, Platform Override: ''
LogPluginManager: Mounting plugin Paper2D
LogPluginManager: Mounting plugin AISupport
LogPluginManager: Mounting plugin LightPropagationVolume
LogPluginManager: Mounting plugin CLionSourceCodeAccess
LogPluginManager: Mounting plugin CodeLiteSourceCodeAccess
LogPluginManager: Mounting plugin GitSourceControl
LogPluginManager: Mounting plugin KDevelopSourceCodeAccess
LogPluginManager: Mounting plugin NullSourceCodeAccess
LogPluginManager: Mounting plugin PerforceSourceControl
LogPluginManager: Mounting plugin SubversionSourceControl
LogPluginManager: Mounting plugin UObjectPlugin
LogPluginManager: Mounting plugin VisualStudioCodeSourceCodeAccess
LogPluginManager: Mounting plugin VisualStudioSourceCodeAccess
LogPluginManager: Mounting plugin XCodeSourceCodeAccess
LogPluginManager: Mounting plugin AssetManagerEditor
LogPluginManager: Mounting plugin CryptoKeys
LogPluginManager: Mounting plugin DataValidation
LogPluginManager: Mounting plugin FacialAnimation
LogPluginManager: Mounting plugin GameplayTagsEditor
LogPluginManager: Mounting plugin MacGraphicsSwitching
LogPluginManager: Mounting plugin MeshEditor
LogPluginManager: Mounting plugin MobileLauncherProfileWizard
LogPluginManager: Mounting plugin PluginBrowser
LogPluginManager: Mounting plugin SpeedTreeImporter
LogPluginManager: Mounting plugin DatasmithContent
LogPluginManager: Mounting plugin AlembicImporter
LogPluginManager: Mounting plugin AppleImageUtils
LogPluginManager: Mounting plugin AppleVision
LogPluginManager: Mounting plugin BackChannel
LogPluginManager: Mounting plugin CharacterAI
LogPluginManager: Mounting plugin GeometryCache
LogPluginManager: Mounting plugin HTML5Networking
LogPluginManager: Mounting plugin ProxyLODPlugin
LogPluginManager: Mounting plugin MagicLeap
LogPluginManager: Mounting plugin MagicLeapEmulator
LogPluginManager: Mounting plugin MagicLeapMedia
LogPluginManager: Mounting plugin AndroidMedia
LogPluginManager: Mounting plugin AvfMedia
LogPluginManager: Mounting plugin ImgMedia
LogPluginManager: Mounting plugin LinearTimecode
LogPluginManager: Mounting plugin MediaCompositing
LogPluginManager: Mounting plugin MediaPlayerEditor
LogPluginManager: Mounting plugin WmfMedia
LogPluginManager: Mounting plugin TcpMessaging
LogPluginManager: Mounting plugin UdpMessaging
LogPluginManager: Mounting plugin ActorSequence
LogPluginManager: Mounting plugin LevelSequenceEditor
LogPluginManager: Mounting plugin MatineeToLevelSequence
LogPluginManager: Mounting plugin NetcodeUnitTest
LogPluginManager: Mounting plugin NUTUnrealEngine4
LogPluginManager: Mounting plugin OnlineSubsystemGooglePlay
LogPluginManager: Mounting plugin OnlineSubsystemIOS
LogPluginManager: Mounting plugin OnlineSubsystem
LogPluginManager: Mounting plugin OnlineSubsystemNull
LogPluginManager: Mounting plugin OnlineSubsystemUtils
LogPluginManager: Mounting plugin LauncherChunkInstaller
LogPluginManager: Mounting plugin AndroidDeviceProfileSelector
LogPluginManager: Mounting plugin AndroidMoviePlayer
LogPluginManager: Mounting plugin AndroidPermission
LogPluginManager: Mounting plugin AppleMoviePlayer
LogPluginManager: Mounting plugin ArchVisCharacter
LogPluginManager: Mounting plugin AudioCapture
LogPluginManager: Mounting plugin CableComponent
LogPluginManager: Mounting plugin CustomMeshComponent
LogPluginManager: Mounting plugin EditableMesh
LogPluginManager: Mounting plugin ExampleDeviceProfileSelector
LogPluginManager: Mounting plugin GoogleCloudMessaging
LogPluginManager: Mounting plugin ImmediatePhysics
LogPluginManager: Mounting plugin IOSDeviceProfileSelector
LogPluginManager: Mounting plugin LinuxDeviceProfileSelector
LogPluginManager: Mounting plugin LocationServicesBPLibrary
LogPluginManager: Mounting plugin MobilePatchingUtils
LogPluginManager: Mounting plugin PhysXVehicles
LogPluginManager: Mounting plugin ProceduralMeshComponent
LogPluginManager: Mounting plugin RuntimePhysXCooking
LogPluginManager: Mounting plugin VarjoHMD
LogPluginManager: Mounting plugin WindowsMoviePlayer
LogStreaming: Display: Took  0.134s to configure plugins.
LogInit: Using libcurl 7.55.1-DEV
LogInit:  - built for x86_64-pc-win32
LogInit:  - supports SSL with OpenSSL/1.0.2h
LogInit:  - supports HTTP deflate (compression) using libz 1.2.8
LogInit:  - other features:
LogInit:      CURL_VERSION_SSL
LogInit:      CURL_VERSION_LIBZ
LogInit:      CURL_VERSION_IPV6
LogInit:      CURL_VERSION_ASYNCHDNS
LogInit:      CURL_VERSION_LARGEFILE
LogInit:      CURL_VERSION_IDN
LogInit:  CurlRequestOptions (configurable via config and command line):
LogInit:  - bVerifyPeer = false  - Libcurl will NOT verify peer certificate
LogInit:  - bUseHttpProxy = false  - Libcurl will NOT use HTTP proxy
LogInit:  - bDontReuseConnections = false  - Libcurl will reuse connections
LogInit:  - CertBundlePath = nullptr  - Libcurl will use whatever was configured at build time.
LogInit:  - MaxHostConnections = 16  - Libcurl will limit the number of connections to a host
LogInit:  - LocalHostAddr = Default
LogInit:  - BufferSize = 65536
LogInit: WinSock: version 1.1 (2.2), MaxSocks=32767, MaxUdp=65467
LogInit: Build: ++UE4+Release-4.20-CL-0
LogInit: Engine Version: 4.20.2-0+++UE4+Release-4.20
LogInit: Compatible Engine Version: 4.20.0-0+++UE4+Release-4.20
LogInit: Net CL: 0
LogInit: OS: Windows 10 (), CPU: Intel(R) Core(TM) i7-7820X CPU @ 3.60GHz, GPU: NVIDIA GeForce GTX 1080
LogInit: Compiled (64-bit): Sep 18 2018 14:37:17
LogInit: Compiled with Visual C++: 19.14.26430.00
LogInit: Build Configuration: Development
LogInit: Branch Name: ++UE4+Release-4.20
LogInit: Command Line:  -skipcompile
LogInit: Base Directory: C:/Users/marku/UnrealEngine-4.20-Varjo/UnrealEngine-4.20/Engine/Binaries/Win64/
LogInit: Installed Engine Build: 0
LogDevObjectVersion: Number of dev versions registered: 20
LogDevObjectVersion:   Dev-Blueprints (B0D832E4-1F89-4F0D-ACCF-7EB736FD4AA2): 10
LogDevObjectVersion:   Dev-Build (E1C64328-A22C-4D53-A36C-8E866417BD8C): 0
LogDevObjectVersion:   Dev-Core (375EC13C-06E4-48FB-B500-84F0262A717E): 2
LogDevObjectVersion:   Dev-Editor (E4B068ED-F494-42E9-A231-DA0B2E46BB41): 24
LogDevObjectVersion:   Dev-Framework (CFFC743F-43B0-4480-9391-14DF171D2073): 34
LogDevObjectVersion:   Dev-Mobile (B02B49B5-BB20-44E9-A304-32B752E40360): 2
LogDevObjectVersion:   Dev-Networking (A4E4105C-59A1-49B5-A7C5-40C4547EDFEE): 0
LogDevObjectVersion:   Dev-Online (39C831C9-5AE6-47DC-9A44-9C173E1C8E7C): 0
LogDevObjectVersion:   Dev-Physics (78F01B33-EBEA-4F98-B9B4-84EACCB95AA2): 0
LogDevObjectVersion:   Dev-Platform (6631380F-2D4D-43E0-8009-CF276956A95A): 0
LogDevObjectVersion:   Dev-Rendering (12F88B9F-8875-4AFC-A67C-D90C383ABD29): 26
LogDevObjectVersion:   Dev-Sequencer (7B5AE74C-D270-4C10-A958-57980B212A5A): 9
LogDevObjectVersion:   Dev-VR (D7296918-1DD6-4BDD-9DE2-64A83CC13884): 2
LogDevObjectVersion:   Dev-LoadTimes (C2A15278-BFE7-4AFE-6C17-90FF531DF755): 1
LogDevObjectVersion:   Private-Geometry (6EACA3D4-40EC-4CC1-B786-8BED09428FC5): 3
LogDevObjectVersion:   Dev-AnimPhys (29E575DD-E0A3-4627-9D10-D276232CDCEA): 17
LogDevObjectVersion:   Dev-ReflectionCapture (6B266CEC-1EC7-4B8F-A30B-E4D90942FC07): 1
LogDevObjectVersion:   Dev-Automation (0DF73D61-A23F-47EA-B727-89E90C41499A): 1
LogDevObjectVersion:   FortniteMain (601D1886-AC64-4F84-AA16-D3DE0DEAC7D6): 12
LogDevObjectVersion:   Dev-Enterprise (9DFFBCD6-494F-0158-E221-12823C92A888): 1
LogStreaming: Display: Took  0.000s to delete old logs.
LogInit: Presizing for max 8388607 objects, including 0 objects not considered by GC, pre-allocating 0 bytes for permanent pool.
LogInit: Object subsystem initialized
[2018.09.28-06.28.45:076][  0]LogInit: Selected Device Profile: [Windows]
[2018.09.28-06.28.45:076][  0]LogInit: Applying CVar settings loaded from the selected device profile: [Windows]
[2018.09.28-06.28.45:098][  0]LogHAL: Display: Platform has ~ 32 GB [34016522240 / 34359738368 / 32], which maps to Largest [LargestMinGB=32, LargerMinGB=12, DefaultMinGB=8, SmallerMinGB=6, SmallestMinGB=0)
[2018.09.28-06.28.45:098][  0]LogInit: Setting Device Profile CVar: [[r.Vulkan.UseRealUBs:1]]
[2018.09.28-06.28.45:098][  0]LogInit: Going up to parent DeviceProfile []
[2018.09.28-06.28.45:100][  0]LogInit: Computer: DESKTOP-1HEE857
[2018.09.28-06.28.45:100][  0]LogInit: User: marku
[2018.09.28-06.28.45:100][  0]LogInit: CPU Page size=4096, Cores=8
[2018.09.28-06.28.45:100][  0]LogInit: High frequency timer resolution =3.515629 MHz
[2018.09.28-06.28.45:100][  0]LogMemory: Memory total: Physical=31.7GB (32GB approx)
[2018.09.28-06.28.45:100][  0]LogMemory: Platform Memory Stats for Windows
[2018.09.28-06.28.45:100][  0]LogMemory: Process Physical Memory: 90.70 MB used, 90.70 MB peak
[2018.09.28-06.28.45:100][  0]LogMemory: Process Virtual Memory: 84.04 MB used, 84.04 MB peak
[2018.09.28-06.28.45:100][  0]LogMemory: Physical Memory: 8526.15 MB used,  23914.54 MB free, 32440.68 MB total
[2018.09.28-06.28.45:100][  0]LogMemory: Virtual Memory: 4656.96 MB used,  23914.54 MB free, 134217728.00 MB total
[2018.09.28-06.28.45:904][  0]LogInit: Using OS detected language (en-GB).
[2018.09.28-06.28.45:904][  0]LogInit: Using OS detected locale (en-FI).
[2018.09.28-06.28.45:906][  0]LogTextLocalizationManager: No specific localization for 'en-GB' exists, so the 'en' localization will be used.
[2018.09.28-06.28.46:307][  0]LogStreaming: Display: Took  0.402s to InitEngineTextLocalization.
[2018.09.28-06.28.46:307][  0]LogInit: Setting process to per monitor DPI aware
[2018.09.28-06.28.46:417][  0]LogSlate: New Slate User Created.  User Index 0, Is Virtual User: 0
[2018.09.28-06.28.46:417][  0]LogSlate: Slate User Registered.  User Index 0, Is Virtual User: 0
[2018.09.28-06.28.48:775][  0]LogD3D11RHI: D3D11 adapters:
[2018.09.28-06.28.48:840][  0]LogD3D11RHI:    0. 'NVIDIA GeForce GTX 1080' (Feature Level 11_0)
[2018.09.28-06.28.48:840][  0]LogD3D11RHI:       8079/0/16220 MB DedicatedVideo/DedicatedSystem/SharedSystem, Outputs:2, VendorId:0x10de
[2018.09.28-06.28.48:846][  0]LogD3D11RHI:    1. 'Microsoft Basic Render Driver' (Feature Level 11_0)
[2018.09.28-06.28.48:846][  0]LogD3D11RHI:       0/0/16220 MB DedicatedVideo/DedicatedSystem/SharedSystem, Outputs:0, VendorId:0x1414
[2018.09.28-06.28.48:846][  0]LogD3D11RHI: Chosen D3D11 Adapter: 0
[2018.09.28-06.28.48:854][  0]LogD3D11RHI: Creating new Direct3DDevice
[2018.09.28-06.28.48:854][  0]LogD3D11RHI:     GPU DeviceId: 0x1b80 (for the marketing name, search the web for "GPU Device Id")
[2018.09.28-06.28.48:854][  0]LogWindows: EnumDisplayDevices:
[2018.09.28-06.28.48:854][  0]LogWindows:    0. 'NVIDIA GeForce GTX 1080' (P:0 D:1)
[2018.09.28-06.28.48:855][  0]LogWindows:    1. 'NVIDIA GeForce GTX 1080' (P:1 D:1)
[2018.09.28-06.28.48:855][  0]LogWindows:    2. 'NVIDIA GeForce GTX 1080' (P:0 D:0)
[2018.09.28-06.28.48:855][  0]LogWindows:    3. 'NVIDIA GeForce GTX 1080' (P:0 D:0)
[2018.09.28-06.28.48:855][  0]LogWindows: DebugString: FoundDriverCount:4 
[2018.09.28-06.28.48:856][  0]LogD3D11RHI:     Adapter Name: NVIDIA GeForce GTX 1080
[2018.09.28-06.28.48:856][  0]LogD3D11RHI:   Driver Version: 398.82 (internal:24.21.13.9882, unified:398.82)
[2018.09.28-06.28.48:856][  0]LogD3D11RHI:      Driver Date: 7-30-2018
[2018.09.28-06.28.48:856][  0]LogRHI: Texture pool is 5655 MB (70% of 8079 MB)
[2018.09.28-06.28.48:898][  0]LogD3D11RHI: Async texture creation enabled
[2018.09.28-06.28.48:923][  0]LogD3D11RHI: GPU Timing Frequency: 1000.000000 (Debug: 2 2)
[2018.09.28-06.28.49:047][  0]LogShaderCompilers: Guid format shader working directory is 1 characters bigger than the processId version (../../../../../prototyping-unreal/VarjoSample/Intermediate/Shaders/WorkingDirectory/6012/).
[2018.09.28-06.28.49:048][  0]LogShaderCompilers: Cleaned the shader compiler working directory 'C:/Users/marku/AppData/Local/Temp/UnrealShaderWorkingDir/863297DE4561960E5E919388038C9608/'.
[2018.09.28-06.28.49:281][  0]LogTemp: Display: Loaded TP AllDesktopTargetPlatform
[2018.09.28-06.28.49:311][  0]LogTemp: Display: Loaded TP MacClientTargetPlatform
[2018.09.28-06.28.49:344][  0]LogTemp: Display: Loaded TP MacNoEditorTargetPlatform
[2018.09.28-06.28.49:375][  0]LogTemp: Display: Loaded TP MacServerTargetPlatform
[2018.09.28-06.28.49:410][  0]LogTemp: Display: Loaded TP MacTargetPlatform
[2018.09.28-06.28.49:440][  0]LogTemp: Display: Loaded TP WindowsClientTargetPlatform
[2018.09.28-06.28.49:471][  0]LogTemp: Display: Loaded TP WindowsNoEditorTargetPlatform
[2018.09.28-06.28.49:503][  0]LogTemp: Display: Loaded TP WindowsServerTargetPlatform
[2018.09.28-06.28.49:531][  0]LogTemp: Display: Loaded TP WindowsTargetPlatform
[2018.09.28-06.28.49:609][  0]LogTemp: Display: Loaded TP AndroidTargetPlatform
[2018.09.28-06.28.49:609][  0]LogTemp: Display: Loaded TP AndroidTargetPlatform
[2018.09.28-06.28.49:609][  0]LogTemp: Display: Loaded TP AndroidTargetPlatform
[2018.09.28-06.28.49:609][  0]LogTemp: Display: Loaded TP AndroidTargetPlatform
[2018.09.28-06.28.49:609][  0]LogTemp: Display: Loaded TP AndroidTargetPlatform
[2018.09.28-06.28.49:610][  0]LogTemp: Display: Loaded TP AndroidTargetPlatform
[2018.09.28-06.28.49:610][  0]LogTemp: Display: Loaded TP AndroidTargetPlatform
[2018.09.28-06.28.49:610][  0]LogTemp: Display: Loaded TP AndroidTargetPlatform
[2018.09.28-06.28.49:610][  0]LogTemp: Display: Loaded TP AndroidTargetPlatform
[2018.09.28-06.28.49:610][  0]LogTemp: Display: Loaded TP AndroidTargetPlatform
[2018.09.28-06.28.49:610][  0]LogTemp: Display: Loaded TP AndroidTargetPlatform
[2018.09.28-06.28.49:610][  0]LogTemp: Display: Loaded TP AndroidTargetPlatform
[2018.09.28-06.28.49:610][  0]LogTemp: Display: Loaded TP AndroidTargetPlatform
[2018.09.28-06.28.49:610][  0]LogTemp: Display: Loaded TP AndroidTargetPlatform
[2018.09.28-06.28.49:610][  0]LogTemp: Display: Loaded TP AndroidTargetPlatform
[2018.09.28-06.28.49:610][  0]LogTemp: Display: Loaded TP AndroidTargetPlatform
[2018.09.28-06.28.49:610][  0]LogTemp: Display: Loaded TP AndroidTargetPlatform
[2018.09.28-06.28.49:610][  0]LogTemp: Display: Loaded TP AndroidTargetPlatform
[2018.09.28-06.28.49:629][  0]LogTemp: Display: Loaded TP HTML5TargetPlatform
[2018.09.28-06.28.49:749][  0]LogTemp: Display: Loaded TP IOSTargetPlatform
[2018.09.28-06.28.49:749][  0]LogTemp: Display: Loaded TP IOSTargetPlatform
[2018.09.28-06.28.49:785][  0]LogTemp: Display: Loaded TP TVOSTargetPlatform
[2018.09.28-06.28.49:786][  0]LogTemp: Display: Loaded TP TVOSTargetPlatform
[2018.09.28-06.28.49:810][  0]LogTemp: Display: Loaded TP LuminTargetPlatform
[2018.09.28-06.28.49:811][  0]LogTargetPlatformManager: Display: Building Assets For Windows
[2018.09.28-06.28.50:216][  0]LogXGEController: Cleaning working directory: C:/Users/marku/AppData/Local/Temp/UnrealXGEWorkingDir/
[2018.09.28-06.28.50:216][  0]LogXGEController: Cannot use XGE Controller as Incredibuild is not installed on this machine.
[2018.09.28-06.28.50:216][  0]LogShaderCompilers: Cannot use XGE Shader Compiler as Incredibuild is not installed on this machine.
[2018.09.28-06.28.50:217][  0]LogShaderCompilers: Display: Using Local Shader Compiler.
[2018.09.28-06.28.51:903][  0]LogDerivedDataCache: Display: Max Cache Size: 512 MB
[2018.09.28-06.28.52:032][  0]LogDerivedDataCache: Loaded boot cache 0.13s 71MB ../../../../../prototyping-unreal/VarjoSample/DerivedDataCache/Boot.ddc.
[2018.09.28-06.28.52:033][  0]LogDerivedDataCache: Display: Loaded Boot cache: ../../../../../prototyping-unreal/VarjoSample/DerivedDataCache/Boot.ddc
[2018.09.28-06.28.52:034][  0]LogDerivedDataCache: FDerivedDataBackendGraph:  Pak pak cache file ../../../../../prototyping-unreal/VarjoSample/DerivedDataCache/DDC.ddp not found, will not use a pak cache.
[2018.09.28-06.28.52:034][  0]LogDerivedDataCache: Unable to find inner node Pak for hierarchical cache Hierarchy.
[2018.09.28-06.28.52:034][  0]LogDerivedDataCache: FDerivedDataBackendGraph:  EnginePak pak cache file ../../../Engine/DerivedDataCache/DDC.ddp not found, will not use a pak cache.
[2018.09.28-06.28.52:034][  0]LogDerivedDataCache: Unable to find inner node EnginePak for hierarchical cache Hierarchy.
[2018.09.28-06.28.52:048][  0]LogDerivedDataCache: Using Local data cache path ../../../Engine/DerivedDataCache: Writable
[2018.09.28-06.28.52:048][  0]LogDerivedDataCache: Shared data cache path not found in *engine.ini, will not use an Shared cache.
[2018.09.28-06.28.52:048][  0]LogDerivedDataCache: Unable to find inner node Shared for hierarchical cache Hierarchy.
[2018.09.28-06.28.52:068][  0]LogMaterial: Verifying Global Shaders for PCD3D_SM5
[2018.09.28-06.28.52:072][  0]LogSlate: Using FreeType 2.6.0
[2018.09.28-06.28.52:085][  0]LogSlate: SlateFontServices - WITH_FREETYPE: 1, WITH_HARFBUZZ: 1
[2018.09.28-06.28.52:317][  0]LogAssetRegistry: FAssetRegistry took 0.0282 seconds to start up
[2018.09.28-06.28.52:642][  0]LogInit: Selected Device Profile: [Windows]
[2018.09.28-06.28.53:311][  0]LogMeshReduction: Using ProxyLODMeshReduction for automatic mesh merging
[2018.09.28-06.28.53:312][  0]LogMeshReduction: Using QuadricMeshReduction for automatic static mesh reduction
[2018.09.28-06.28.53:312][  0]LogMeshReduction: No automatic skeletal mesh reduction module available
[2018.09.28-06.28.53:312][  0]LogMeshReduction: No distributed automatic mesh merging module available
[2018.09.28-06.28.53:312][  0]LogMeshMerging: No distributed automatic mesh merging module available
[2018.09.28-06.28.53:368][  0]LogNetVersion: VarjoSample 1.0.0, NetCL: 0, EngineNetVer: 5, GameNetVer: 0 (Checksum: 362775630)
[2018.09.28-06.28.54:564][  0]LogPackageLocalizationCache: Processed 10 localized package path(s) for 2 prioritized culture(s) in 0.141361 seconds
[2018.09.28-06.28.54:574][  0]LogUObjectArray: 37918 objects as part of root set at end of initial load.
[2018.09.28-06.28.54:574][  0]LogUObjectAllocator: 6598224 out of 0 bytes used by permanent object pool.
[2018.09.28-06.28.54:574][  0]LogUObjectArray: CloseDisregardForGC: 0/0 objects in disregard for GC pool
[2018.09.28-06.28.56:686][  0]LogStreaming: Warning: Failed to read file '../../../Engine/Content/Editor/Slate/Launcher/Mac/Platform_Mac_24x.png' error.
[2018.09.28-06.28.56:686][  0]LogSlate: Could not find file for Slate resource: ../../../Engine/Content/Editor/Slate/Launcher/Mac/Platform_Mac_24x.png
[2018.09.28-06.28.56:686][  0]LogStreaming: Warning: Failed to read file '../../../Engine/Content/Editor/Slate/Launcher/Mac/Platform_Mac_128x.png' error.
[2018.09.28-06.28.56:686][  0]LogSlate: Could not find file for Slate resource: ../../../Engine/Content/Editor/Slate/Launcher/Mac/Platform_Mac_128x.png
[2018.09.28-06.28.56:686][  0]LogStreaming: Warning: Failed to read file '../../../Engine/Content/Editor/Slate/Launcher/Mac/Platform_Mac_128x.png' error.
[2018.09.28-06.28.56:687][  0]LogSlate: Could not find file for Slate resource: ../../../Engine/Content/Editor/Slate/Launcher/Mac/Platform_Mac_128x.png
[2018.09.28-06.28.56:687][  0]LogStreaming: Warning: Failed to read file '../../../Engine/Content/Editor/Slate/Launcher/Mac/Platform_Mac_24x.png' error.
[2018.09.28-06.28.56:687][  0]LogSlate: Could not find file for Slate resource: ../../../Engine/Content/Editor/Slate/Launcher/Mac/Platform_Mac_24x.png
[2018.09.28-06.28.56:687][  0]LogStreaming: Warning: Failed to read file '../../../Engine/Content/Editor/Slate/Launcher/Mac/Platform_Mac_128x.png' error.
[2018.09.28-06.28.56:687][  0]LogSlate: Could not find file for Slate resource: ../../../Engine/Content/Editor/Slate/Launcher/Mac/Platform_Mac_128x.png
[2018.09.28-06.28.56:687][  0]LogStreaming: Warning: Failed to read file '../../../Engine/Content/Editor/Slate/Launcher/Mac/Platform_Mac_128x.png' error.
[2018.09.28-06.28.56:687][  0]LogSlate: Could not find file for Slate resource: ../../../Engine/Content/Editor/Slate/Launcher/Mac/Platform_Mac_128x.png
[2018.09.28-06.28.56:687][  0]LogStreaming: Warning: Failed to read file '../../../Engine/Content/Editor/Slate/Launcher/Mac/Platform_Mac_24x.png' error.
[2018.09.28-06.28.56:687][  0]LogSlate: Could not find file for Slate resource: ../../../Engine/Content/Editor/Slate/Launcher/Mac/Platform_Mac_24x.png
[2018.09.28-06.28.56:687][  0]LogStreaming: Warning: Failed to read file '../../../Engine/Content/Editor/Slate/Launcher/Mac/Platform_Mac_128x.png' error.
[2018.09.28-06.28.56:687][  0]LogSlate: Could not find file for Slate resource: ../../../Engine/Content/Editor/Slate/Launcher/Mac/Platform_Mac_128x.png
[2018.09.28-06.28.56:687][  0]LogStreaming: Warning: Failed to read file '../../../Engine/Content/Editor/Slate/Launcher/Mac/Platform_Mac_128x.png' error.
[2018.09.28-06.28.56:687][  0]LogSlate: Could not find file for Slate resource: ../../../Engine/Content/Editor/Slate/Launcher/Mac/Platform_Mac_128x.png
[2018.09.28-06.28.56:687][  0]LogStreaming: Warning: Failed to read file '../../../Engine/Content/Editor/Slate/Launcher/Mac/Platform_Mac_24x.png' error.
[2018.09.28-06.28.56:687][  0]LogSlate: Could not find file for Slate resource: ../../../Engine/Content/Editor/Slate/Launcher/Mac/Platform_Mac_24x.png
[2018.09.28-06.28.56:687][  0]LogStreaming: Warning: Failed to read file '../../../Engine/Content/Editor/Slate/Launcher/Mac/Platform_Mac_128x.png' error.
[2018.09.28-06.28.56:687][  0]LogSlate: Could not find file for Slate resource: ../../../Engine/Content/Editor/Slate/Launcher/Mac/Platform_Mac_128x.png
[2018.09.28-06.28.56:688][  0]LogStreaming: Warning: Failed to read file '../../../Engine/Content/Editor/Slate/Launcher/Mac/Platform_Mac_128x.png' error.
[2018.09.28-06.28.56:688][  0]LogSlate: Could not find file for Slate resource: ../../../Engine/Content/Editor/Slate/Launcher/Mac/Platform_Mac_128x.png
[2018.09.28-06.28.56:688][  0]LogStreaming: Warning: Failed to read file '../../../Engine/Content/Editor/Slate/Launcher/Linux/Platform_Linux_24x.png' error.
[2018.09.28-06.28.56:688][  0]LogSlate: Could not find file for Slate resource: ../../../Engine/Content/Editor/Slate/Launcher/Linux/Platform_Linux_24x.png
[2018.09.28-06.28.56:688][  0]LogStreaming: Warning: Failed to read file '../../../Engine/Content/Editor/Slate/Launcher/Linux/Platform_Linux_128x.png' error.
[2018.09.28-06.28.56:688][  0]LogSlate: Could not find file for Slate resource: ../../../Engine/Content/Editor/Slate/Launcher/Linux/Platform_Linux_128x.png
[2018.09.28-06.28.56:688][  0]LogStreaming: Warning: Failed to read file '../../../Engine/Content/Editor/Slate/Launcher/Linux/Platform_Linux_128x.png' error.
[2018.09.28-06.28.56:688][  0]LogSlate: Could not find file for Slate resource: ../../../Engine/Content/Editor/Slate/Launcher/Linux/Platform_Linux_128x.png
[2018.09.28-06.28.56:688][  0]LogStreaming: Warning: Failed to read file '../../../Engine/Content/Editor/Slate/Launcher/Linux/Platform_Linux_24x.png' error.
[2018.09.28-06.28.56:688][  0]LogSlate: Could not find file for Slate resource: ../../../Engine/Content/Editor/Slate/Launcher/Linux/Platform_Linux_24x.png
[2018.09.28-06.28.56:688][  0]LogStreaming: Warning: Failed to read file '../../../Engine/Content/Editor/Slate/Launcher/Linux/Platform_Linux_128x.png' error.
[2018.09.28-06.28.56:688][  0]LogSlate: Could not find file for Slate resource: ../../../Engine/Content/Editor/Slate/Launcher/Linux/Platform_Linux_128x.png
[2018.09.28-06.28.56:688][  0]LogStreaming: Warning: Failed to read file '../../../Engine/Content/Editor/Slate/Launcher/Linux/Platform_Linux_128x.png' error.
[2018.09.28-06.28.56:688][  0]LogSlate: Could not find file for Slate resource: ../../../Engine/Content/Editor/Slate/Launcher/Linux/Platform_Linux_128x.png
[2018.09.28-06.28.56:688][  0]LogStreaming: Warning: Failed to read file '../../../Engine/Content/Editor/Slate/Launcher/Linux/Platform_Linux_24x.png' error.
[2018.09.28-06.28.56:688][  0]LogSlate: Could not find file for Slate resource: ../../../Engine/Content/Editor/Slate/Launcher/Linux/Platform_Linux_24x.png
[2018.09.28-06.28.56:688][  0]LogStreaming: Warning: Failed to read file '../../../Engine/Content/Editor/Slate/Launcher/Linux/Platform_Linux_128x.png' error.
[2018.09.28-06.28.56:688][  0]LogSlate: Could not find file for Slate resource: ../../../Engine/Content/Editor/Slate/Launcher/Linux/Platform_Linux_128x.png
[2018.09.28-06.28.56:689][  0]LogStreaming: Warning: Failed to read file '../../../Engine/Content/Editor/Slate/Launcher/Linux/Platform_Linux_128x.png' error.
[2018.09.28-06.28.56:689][  0]LogSlate: Could not find file for Slate resource: ../../../Engine/Content/Editor/Slate/Launcher/Linux/Platform_Linux_128x.png
[2018.09.28-06.28.56:689][  0]LogStreaming: Warning: Failed to read file '../../../Engine/Content/Editor/Slate/Launcher/Linux/Platform_Linux_24x.png' error.
[2018.09.28-06.28.56:689][  0]LogSlate: Could not find file for Slate resource: ../../../Engine/Content/Editor/Slate/Launcher/Linux/Platform_Linux_24x.png
[2018.09.28-06.28.56:689][  0]LogStreaming: Warning: Failed to read file '../../../Engine/Content/Editor/Slate/Launcher/Linux/Platform_Linux_128x.png' error.
[2018.09.28-06.28.56:689][  0]LogSlate: Could not find file for Slate resource: ../../../Engine/Content/Editor/Slate/Launcher/Linux/Platform_Linux_128x.png
[2018.09.28-06.28.56:689][  0]LogStreaming: Warning: Failed to read file '../../../Engine/Content/Editor/Slate/Launcher/Linux/Platform_Linux_128x.png' error.
[2018.09.28-06.28.56:689][  0]LogSlate: Could not find file for Slate resource: ../../../Engine/Content/Editor/Slate/Launcher/Linux/Platform_Linux_128x.png
[2018.09.28-06.28.56:691][  0]LogStreaming: Warning: Failed to read file '../../../Engine/Content/Editor/Slate/Launcher/Android/Platform_Android_24x.png' error.
[2018.09.28-06.28.56:691][  0]LogSlate: Could not find file for Slate resource: ../../../Engine/Content/Editor/Slate/Launcher/Android/Platform_Android_24x.png
[2018.09.28-06.28.56:691][  0]LogStreaming: Warning: Failed to read file '../../../Engine/Content/Editor/Slate/Launcher/Android/Platform_Android_128x.png' error.
[2018.09.28-06.28.56:691][  0]LogSlate: Could not find file for Slate resource: ../../../Engine/Content/Editor/Slate/Launcher/Android/Platform_Android_128x.png
[2018.09.28-06.28.56:691][  0]LogStreaming: Warning: Failed to read file '../../../Engine/Content/Editor/Slate/Launcher/Android/Platform_Android_128x.png' error.
[2018.09.28-06.28.56:691][  0]LogSlate: Could not find file for Slate resource: ../../../Engine/Content/Editor/Slate/Launcher/Android/Platform_Android_128x.png
[2018.09.28-06.28.56:691][  0]LogStreaming: Warning: Failed to read file '../../../Engine/Content/Editor/Slate/Launcher/Android/Platform_Android_24x.png' error.
[2018.09.28-06.28.56:691][  0]LogSlate: Could not find file for Slate resource: ../../../Engine/Content/Editor/Slate/Launcher/Android/Platform_Android_24x.png
[2018.09.28-06.28.56:691][  0]LogStreaming: Warning: Failed to read file '../../../Engine/Content/Editor/Slate/Launcher/Android/Platform_Android_128x.png' error.
[2018.09.28-06.28.56:691][  0]LogSlate: Could not find file for Slate resource: ../../../Engine/Content/Editor/Slate/Launcher/Android/Platform_Android_128x.png
[2018.09.28-06.28.56:692][  0]LogStreaming: Warning: Failed to read file '../../../Engine/Content/Editor/Slate/Launcher/Android/Platform_Android_128x.png' error.
[2018.09.28-06.28.56:692][  0]LogSlate: Could not find file for Slate resource: ../../../Engine/Content/Editor/Slate/Launcher/Android/Platform_Android_128x.png
[2018.09.28-06.28.56:692][  0]LogStreaming: Warning: Failed to read file '../../../Engine/Content/Editor/Slate/Launcher/Android/Platform_Android_ATC_24x.png' error.
[2018.09.28-06.28.56:692][  0]LogSlate: Could not find file for Slate resource: ../../../Engine/Content/Editor/Slate/Launcher/Android/Platform_Android_ATC_24x.png
[2018.09.28-06.28.56:692][  0]LogStreaming: Warning: Failed to read file '../../../Engine/Content/Editor/Slate/Launcher/Android/Platform_Android_128x.png' error.
[2018.09.28-06.28.56:692][  0]LogSlate: Could not find file for Slate resource: ../../../Engine/Content/Editor/Slate/Launcher/Android/Platform_Android_128x.png
[2018.09.28-06.28.56:692][  0]LogStreaming: Warning: Failed to read file '../../../Engine/Content/Editor/Slate/Launcher/Android/Platform_Android_128x.png' error.
[2018.09.28-06.28.56:692][  0]LogSlate: Could not find file for Slate resource: ../../../Engine/Content/Editor/Slate/Launcher/Android/Platform_Android_128x.png
[2018.09.28-06.28.56:692][  0]LogStreaming: Warning: Failed to read file '../../../Engine/Content/Editor/Slate/Launcher/Android/Platform_Android_DXT_24x.png' error.
[2018.09.28-06.28.56:692][  0]LogSlate: Could not find file for Slate resource: ../../../Engine/Content/Editor/Slate/Launcher/Android/Platform_Android_DXT_24x.png
[2018.09.28-06.28.56:692][  0]LogStreaming: Warning: Failed to read file '../../../Engine/Content/Editor/Slate/Launcher/Android/Platform_Android_128x.png' error.
[2018.09.28-06.28.56:692][  0]LogSlate: Could not find file for Slate resource: ../../../Engine/Content/Editor/Slate/Launcher/Android/Platform_Android_128x.png
[2018.09.28-06.28.56:692][  0]LogStreaming: Warning: Failed to read file '../../../Engine/Content/Editor/Slate/Launcher/Android/Platform_Android_128x.png' error.
[2018.09.28-06.28.56:692][  0]LogSlate: Could not find file for Slate resource: ../../../Engine/Content/Editor/Slate/Launcher/Android/Platform_Android_128x.png
[2018.09.28-06.28.56:692][  0]LogStreaming: Warning: Failed to read file '../../../Engine/Content/Editor/Slate/Launcher/Android/Platform_Android_ETC1_24x.png' error.
[2018.09.28-06.28.56:692][  0]LogSlate: Could not find file for Slate resource: ../../../Engine/Content/Editor/Slate/Launcher/Android/Platform_Android_ETC1_24x.png
[2018.09.28-06.28.56:693][  0]LogStreaming: Warning: Failed to read file '../../../Engine/Content/Editor/Slate/Launcher/Android/Platform_Android_128x.png' error.
[2018.09.28-06.28.56:693][  0]LogSlate: Could not find file for Slate resource: ../../../Engine/Content/Editor/Slate/Launcher/Android/Platform_Android_128x.png
[2018.09.28-06.28.56:693][  0]LogStreaming: Warning: Failed to read file '../../../Engine/Content/Editor/Slate/Launcher/Android/Platform_Android_128x.png' error.
[2018.09.28-06.28.56:693][  0]LogSlate: Could not find file for Slate resource: ../../../Engine/Content/Editor/Slate/Launcher/Android/Platform_Android_128x.png
[2018.09.28-06.28.56:693][  0]LogStreaming: Warning: Failed to read file '../../../Engine/Content/Editor/Slate/Launcher/Android/Platform_Android_ETC1_24x.png' error.
[2018.09.28-06.28.56:693][  0]LogSlate: Could not find file for Slate resource: ../../../Engine/Content/Editor/Slate/Launcher/Android/Platform_Android_ETC1_24x.png
[2018.09.28-06.28.56:693][  0]LogStreaming: Warning: Failed to read file '../../../Engine/Content/Editor/Slate/Launcher/Android/Platform_Android_128x.png' error.
[2018.09.28-06.28.56:693][  0]LogSlate: Could not find file for Slate resource: ../../../Engine/Content/Editor/Slate/Launcher/Android/Platform_Android_128x.png
[2018.09.28-06.28.56:693][  0]LogStreaming: Warning: Failed to read file '../../../Engine/Content/Editor/Slate/Launcher/Android/Platform_Android_128x.png' error.
[2018.09.28-06.28.56:693][  0]LogSlate: Could not find file for Slate resource: ../../../Engine/Content/Editor/Slate/Launcher/Android/Platform_Android_128x.png
[2018.09.28-06.28.56:693][  0]LogStreaming: Warning: Failed to read file '../../../Engine/Content/Editor/Slate/Launcher/Android/Platform_Android_ETC2_24x.png' error.
[2018.09.28-06.28.56:693][  0]LogSlate: Could not find file for Slate resource: ../../../Engine/Content/Editor/Slate/Launcher/Android/Platform_Android_ETC2_24x.png
[2018.09.28-06.28.56:693][  0]LogStreaming: Warning: Failed to read file '../../../Engine/Content/Editor/Slate/Launcher/Android/Platform_Android_128x.png' error.
[2018.09.28-06.28.56:693][  0]LogSlate: Could not find file for Slate resource: ../../../Engine/Content/Editor/Slate/Launcher/Android/Platform_Android_128x.png
[2018.09.28-06.28.56:693][  0]LogStreaming: Warning: Failed to read file '../../../Engine/Content/Editor/Slate/Launcher/Android/Platform_Android_128x.png' error.
[2018.09.28-06.28.56:693][  0]LogSlate: Could not find file for Slate resource: ../../../Engine/Content/Editor/Slate/Launcher/Android/Platform_Android_128x.png
[2018.09.28-06.28.56:693][  0]LogStreaming: Warning: Failed to read file '../../../Engine/Content/Editor/Slate/Launcher/Android/Platform_Android_PVRTC_24x.png' error.
[2018.09.28-06.28.56:693][  0]LogSlate: Could not find file for Slate resource: ../../../Engine/Content/Editor/Slate/Launcher/Android/Platform_Android_PVRTC_24x.png
[2018.09.28-06.28.56:694][  0]LogStreaming: Warning: Failed to read file '../../../Engine/Content/Editor/Slate/Launcher/Android/Platform_Android_128x.png' error.
[2018.09.28-06.28.56:694][  0]LogSlate: Could not find file for Slate resource: ../../../Engine/Content/Editor/Slate/Launcher/Android/Platform_Android_128x.png
[2018.09.28-06.28.56:694][  0]LogStreaming: Warning: Failed to read file '../../../Engine/Content/Editor/Slate/Launcher/Android/Platform_Android_128x.png' error.
[2018.09.28-06.28.56:694][  0]LogSlate: Could not find file for Slate resource: ../../../Engine/Content/Editor/Slate/Launcher/Android/Platform_Android_128x.png
[2018.09.28-06.28.56:694][  0]LogStreaming: Warning: Failed to read file '../../../Engine/Content/Editor/Slate/Launcher/Android/Platform_Android_ASTC_24x.png' error.
[2018.09.28-06.28.56:694][  0]LogSlate: Could not find file for Slate resource: ../../../Engine/Content/Editor/Slate/Launcher/Android/Platform_Android_ASTC_24x.png
[2018.09.28-06.28.56:694][  0]LogStreaming: Warning: Failed to read file '../../../Engine/Content/Editor/Slate/Launcher/Android/Platform_Android_128x.png' error.
[2018.09.28-06.28.56:694][  0]LogSlate: Could not find file for Slate resource: ../../../Engine/Content/Editor/Slate/Launcher/Android/Platform_Android_128x.png
[2018.09.28-06.28.56:694][  0]LogStreaming: Warning: Failed to read file '../../../Engine/Content/Editor/Slate/Launcher/Android/Platform_Android_128x.png' error.
[2018.09.28-06.28.56:694][  0]LogSlate: Could not find file for Slate resource: ../../../Engine/Content/Editor/Slate/Launcher/Android/Platform_Android_128x.png
[2018.09.28-06.28.56:694][  0]LogStreaming: Warning: Failed to read file '../../../Engine/Content/Editor/Slate/Launcher/Android/Platform_Android_24x.png' error.
[2018.09.28-06.28.56:694][  0]LogSlate: Could not find file for Slate resource: ../../../Engine/Content/Editor/Slate/Launcher/Android/Platform_Android_24x.png
[2018.09.28-06.28.56:694][  0]LogStreaming: Warning: Failed to read file '../../../Engine/Content/Editor/Slate/Launcher/Android/Platform_Android_128x.png' error.
[2018.09.28-06.28.56:694][  0]LogSlate: Could not find file for Slate resource: ../../../Engine/Content/Editor/Slate/Launcher/Android/Platform_Android_128x.png
[2018.09.28-06.28.56:694][  0]LogStreaming: Warning: Failed to read file '../../../Engine/Content/Editor/Slate/Launcher/Android/Platform_Android_128x.png' error.
[2018.09.28-06.28.56:694][  0]LogSlate: Could not find file for Slate resource: ../../../Engine/Content/Editor/Slate/Launcher/Android/Platform_Android_128x.png
[2018.09.28-06.28.56:694][  0]LogStreaming: Warning: Failed to read file '../../../Engine/Content/Editor/Slate/Launcher/Android/Platform_Android_24x.png' error.
[2018.09.28-06.28.56:694][  0]LogSlate: Could not find file for Slate resource: ../../../Engine/Content/Editor/Slate/Launcher/Android/Platform_Android_24x.png
[2018.09.28-06.28.56:695][  0]LogStreaming: Warning: Failed to read file '../../../Engine/Content/Editor/Slate/Launcher/Android/Platform_Android_128x.png' error.
[2018.09.28-06.28.56:695][  0]LogSlate: Could not find file for Slate resource: ../../../Engine/Content/Editor/Slate/Launcher/Android/Platform_Android_128x.png
[2018.09.28-06.28.56:695][  0]LogStreaming: Warning: Failed to read file '../../../Engine/Content/Editor/Slate/Launcher/Android/Platform_Android_128x.png' error.
[2018.09.28-06.28.56:695][  0]LogSlate: Could not find file for Slate resource: ../../../Engine/Content/Editor/Slate/Launcher/Android/Platform_Android_128x.png
[2018.09.28-06.28.56:695][  0]LogStreaming: Warning: Failed to read file '../../../Engine/Content/Editor/Slate/Launcher/Android/Platform_Android_ATC_24x.png' error.
[2018.09.28-06.28.56:695][  0]LogSlate: Could not find file for Slate resource: ../../../Engine/Content/Editor/Slate/Launcher/Android/Platform_Android_ATC_24x.png
[2018.09.28-06.28.56:695][  0]LogStreaming: Warning: Failed to read file '../../../Engine/Content/Editor/Slate/Launcher/Android/Platform_Android_128x.png' error.
[2018.09.28-06.28.56:695][  0]LogSlate: Could not find file for Slate resource: ../../../Engine/Content/Editor/Slate/Launcher/Android/Platform_Android_128x.png
[2018.09.28-06.28.56:695][  0]LogStreaming: Warning: Failed to read file '../../../Engine/Content/Editor/Slate/Launcher/Android/Platform_Android_128x.png' error.
[2018.09.28-06.28.56:695][  0]LogSlate: Could not find file for Slate resource: ../../../Engine/Content/Editor/Slate/Launcher/Android/Platform_Android_128x.png
[2018.09.28-06.28.56:695][  0]LogStreaming: Warning: Failed to read file '../../../Engine/Content/Editor/Slate/Launcher/Android/Platform_Android_DXT_24x.png' error.
[2018.09.28-06.28.56:695][  0]LogSlate: Could not find file for Slate resource: ../../../Engine/Content/Editor/Slate/Launcher/Android/Platform_Android_DXT_24x.png
[2018.09.28-06.28.56:695][  0]LogStreaming: Warning: Failed to read file '../../../Engine/Content/Editor/Slate/Launcher/Android/Platform_Android_128x.png' error.
[2018.09.28-06.28.56:695][  0]LogSlate: Could not find file for Slate resource: ../../../Engine/Content/Editor/Slate/Launcher/Android/Platform_Android_128x.png
[2018.09.28-06.28.56:695][  0]LogStreaming: Warning: Failed to read file '../../../Engine/Content/Editor/Slate/Launcher/Android/Platform_Android_128x.png' error.
[2018.09.28-06.28.56:695][  0]LogSlate: Could not find file for Slate resource: ../../../Engine/Content/Editor/Slate/Launcher/Android/Platform_Android_128x.png
[2018.09.28-06.28.56:696][  0]LogStreaming: Warning: Failed to read file '../../../Engine/Content/Editor/Slate/Launcher/Android/Platform_Android_ETC1_24x.png' error.
[2018.09.28-06.28.56:696][  0]LogSlate: Could not find file for Slate resource: ../../../Engine/Content/Editor/Slate/Launcher/Android/Platform_Android_ETC1_24x.png
[2018.09.28-06.28.56:696][  0]LogStreaming: Warning: Failed to read file '../../../Engine/Content/Editor/Slate/Launcher/Android/Platform_Android_128x.png' error.
[2018.09.28-06.28.56:696][  0]LogSlate: Could not find file for Slate resource: ../../../Engine/Content/Editor/Slate/Launcher/Android/Platform_Android_128x.png
[2018.09.28-06.28.56:696][  0]LogStreaming: Warning: Failed to read file '../../../Engine/Content/Editor/Slate/Launcher/Android/Platform_Android_128x.png' error.
[2018.09.28-06.28.56:696][  0]LogSlate: Could not find file for Slate resource: ../../../Engine/Content/Editor/Slate/Launcher/Android/Platform_Android_128x.png
[2018.09.28-06.28.56:696][  0]LogStreaming: Warning: Failed to read file '../../../Engine/Content/Editor/Slate/Launcher/Android/Platform_Android_ETC1_24x.png' error.
[2018.09.28-06.28.56:696][  0]LogSlate: Could not find file for Slate resource: ../../../Engine/Content/Editor/Slate/Launcher/Android/Platform_Android_ETC1_24x.png
[2018.09.28-06.28.56:696][  0]LogStreaming: Warning: Failed to read file '../../../Engine/Content/Editor/Slate/Launcher/Android/Platform_Android_128x.png' error.
[2018.09.28-06.28.56:696][  0]LogSlate: Could not find file for Slate resource: ../../../Engine/Content/Editor/Slate/Launcher/Android/Platform_Android_128x.png
[2018.09.28-06.28.56:696][  0]LogStreaming: Warning: Failed to read file '../../../Engine/Content/Editor/Slate/Launcher/Android/Platform_Android_128x.png' error.
[2018.09.28-06.28.56:696][  0]LogSlate: Could not find file for Slate resource: ../../../Engine/Content/Editor/Slate/Launcher/Android/Platform_Android_128x.png
[2018.09.28-06.28.56:696][  0]LogStreaming: Warning: Failed to read file '../../../Engine/Content/Editor/Slate/Launcher/Android/Platform_Android_ETC2_24x.png' error.
[2018.09.28-06.28.56:696][  0]LogSlate: Could not find file for Slate resource: ../../../Engine/Content/Editor/Slate/Launcher/Android/Platform_Android_ETC2_24x.png
[2018.09.28-06.28.56:696][  0]LogStreaming: Warning: Failed to read file '../../../Engine/Content/Editor/Slate/Launcher/Android/Platform_Android_128x.png' error.
[2018.09.28-06.28.56:696][  0]LogSlate: Could not find file for Slate resource: ../../../Engine/Content/Editor/Slate/Launcher/Android/Platform_Android_128x.png
[2018.09.28-06.28.56:696][  0]LogStreaming: Warning: Failed to read file '../../../Engine/Content/Editor/Slate/Launcher/Android/Platform_Android_128x.png' error.
[2018.09.28-06.28.56:696][  0]LogSlate: Could not find file for Slate resource: ../../../Engine/Content/Editor/Slate/Launcher/Android/Platform_Android_128x.png
[2018.09.28-06.28.56:697][  0]LogStreaming: Warning: Failed to read file '../../../Engine/Content/Editor/Slate/Launcher/Android/Platform_Android_PVRTC_24x.png' error.
[2018.09.28-06.28.56:697][  0]LogSlate: Could not find file for Slate resource: ../../../Engine/Content/Editor/Slate/Launcher/Android/Platform_Android_PVRTC_24x.png
[2018.09.28-06.28.56:697][  0]LogStreaming: Warning: Failed to read file '../../../Engine/Content/Editor/Slate/Launcher/Android/Platform_Android_128x.png' error.
[2018.09.28-06.28.56:697][  0]LogSlate: Could not find file for Slate resource: ../../../Engine/Content/Editor/Slate/Launcher/Android/Platform_Android_128x.png
[2018.09.28-06.28.56:697][  0]LogStreaming: Warning: Failed to read file '../../../Engine/Content/Editor/Slate/Launcher/Android/Platform_Android_128x.png' error.
[2018.09.28-06.28.56:697][  0]LogSlate: Could not find file for Slate resource: ../../../Engine/Content/Editor/Slate/Launcher/Android/Platform_Android_128x.png
[2018.09.28-06.28.56:697][  0]LogStreaming: Warning: Failed to read file '../../../Engine/Content/Editor/Slate/Launcher/Android/Platform_Android_ASTC_24x.png' error.
[2018.09.28-06.28.56:697][  0]LogSlate: Could not find file for Slate resource: ../../../Engine/Content/Editor/Slate/Launcher/Android/Platform_Android_ASTC_24x.png
[2018.09.28-06.28.56:697][  0]LogStreaming: Warning: Failed to read file '../../../Engine/Content/Editor/Slate/Launcher/Android/Platform_Android_128x.png' error.
[2018.09.28-06.28.56:697][  0]LogSlate: Could not find file for Slate resource: ../../../Engine/Content/Editor/Slate/Launcher/Android/Platform_Android_128x.png
[2018.09.28-06.28.56:697][  0]LogStreaming: Warning: Failed to read file '../../../Engine/Content/Editor/Slate/Launcher/Android/Platform_Android_128x.png' error.
[2018.09.28-06.28.56:697][  0]LogSlate: Could not find file for Slate resource: ../../../Engine/Content/Editor/Slate/Launcher/Android/Platform_Android_128x.png
[2018.09.28-06.28.58:710][  0]LogTcpMessaging: Initializing TcpMessaging bridge
[2018.09.28-06.28.58:744][  0]LogUdpMessaging: Initializing bridge on interface 0.0.0.0:0 to multicast group 230.0.0.1:6666.
[2018.09.28-06.28.59:281][  0]SourceControl: Source control is disabled
[2018.09.28-06.28.59:282][  0]SourceControl: Source control is disabled
[2018.09.28-06.28.59:314][  0]SourceControl: Source control is disabled
[2018.09.28-06.28.59:336][  0]SourceControl: Source control is disabled
[2018.09.28-06.29.00:458][  0]LogAndroidPermission: UAndroidPermissionCallbackProxy::GetInstance
[2018.09.28-06.29.01:089][  0]LogEngine: Initializing Engine...
[2018.09.28-06.29.01:203][  0]LogStats: UGameplayTagsManager::ConstructGameplayTagTree: ImportINI prefixes -  0.000 s
[2018.09.28-06.29.01:203][  0]LogStats: UGameplayTagsManager::ConstructGameplayTagTree: Construct from data asset -  0.000 s
[2018.09.28-06.29.01:204][  0]LogStats: UGameplayTagsManager::ConstructGameplayTagTree: ImportINI -  0.000 s
[2018.09.28-06.29.01:204][  0]LogStats: UGameplayTagsManager::ConstructGameplayTagTree: GameplayTagTreeChangedEvent.Broadcast -  0.000 s
[2018.09.28-06.29.01:678][  0]LogInit: Initializing FReadOnlyCVARCache
[2018.09.28-06.29.01:738][  0]LogAIModule: Creating AISystem for world Untitled
[2018.09.28-06.29.01:780][  0]LogInit: XAudio2 using 'Speakers (4- USB Audio Device)' : 2 channels at 48 kHz using 16 bits per sample (channel mask 0x3)
[2018.09.28-06.29.01:814][  0]LogInit: FAudioDevice initialized.
[2018.09.28-06.29.01:814][  0]LogNetVersion: Set ProjectVersion to 1.0.0.0. Version Checksum will be recalculated on next use.
[2018.09.28-06.29.01:863][  0]LogDerivedDataCache: Saved boot cache 0.05s 71MB ../../../../../prototyping-unreal/VarjoSample/DerivedDataCache/Boot.ddc.
[2018.09.28-06.29.01:887][  0]LogInit: Texture streaming: Enabled
[2018.09.28-06.29.01:991][  0]LogEngineSessionManager: EngineSessionManager initialized
[2018.09.28-06.29.01:991][  0]LogEngineSessionManager: EngineSessionManager sent abnormal shutdown report. Type=Debugger, SessionId={0860D921-43E4-FA13-C49C-A19EFEA447FD}
[2018.09.28-06.29.02:033][  0]LogInit: Transaction tracking system initialized
[2018.09.28-06.29.02:226][  0]BlueprintLog: New page: Editor Load
[2018.09.28-06.29.03:199][  0]LocalizationService: Localization service is disabled
[2018.09.28-06.29.04:295][  0]LogCook: Display: Max memory allowance for cook 16384mb min free memory 0mb
[2018.09.28-06.29.04:295][  0]LogCook: Display: Mobile HDR setting 1
[2018.09.28-06.29.04:295][  0]LogGameplayTags: Display: UGameplayTagsManager::DoneAddingNativeTags. DelegateIsBound: 0
[2018.09.28-06.29.04:295][  0]LogStats: UGameplayTagsManager::ConstructGameplayTagTree: ImportINI prefixes -  0.000 s
[2018.09.28-06.29.04:296][  0]LogStats: UGameplayTagsManager::ConstructGameplayTagTree: Construct from data asset -  0.000 s
[2018.09.28-06.29.04:296][  0]LogStats: UGameplayTagsManager::ConstructGameplayTagTree: ImportINI -  0.000 s
[2018.09.28-06.29.04:296][  0]LogStats: UGameplayTagsManager::ConstructGameplayTagTree: GameplayTagTreeChangedEvent.Broadcast -  0.000 s
[2018.09.28-06.29.04:754][  0]LogFileCache: Scanning file cache for directory 'C:/Users/marku/prototyping-unreal/VarjoSample/Content/' took 0.02s
[2018.09.28-06.29.05:286][  0]SourceControl: Source control is disabled
[2018.09.28-06.29.05:287][  0]Cmd: MAP LOAD FILE="../../../../../prototyping-unreal/VarjoSample/Content/StarterContent/Maps/Minimal_Default.umap" TEMPLATE=0 SHOWPROGRESS=1 FEATURELEVEL=3
[2018.09.28-06.29.05:310][  0]LightingResults: New page: Lighting Build
[2018.09.28-06.29.05:329][  0]MapCheck: New page: Map Check
[2018.09.28-06.29.05:331][  0]LightingResults: New page: Lighting Build
[2018.09.28-06.29.06:198][  0]LogAIModule: Creating AISystem for world Minimal_Default
[2018.09.28-06.29.06:252][  0]LogEditorServer: Finished looking for orphan Actors (0.000 secs)
[2018.09.28-06.29.06:288][  0]Cmd: MAP CHECKDEP NOCLEARLOG
[2018.09.28-06.29.06:349][  0]MapCheck: Map check complete: 0 Error(s), 0 Warning(s), took 61.094ms to complete.
[2018.09.28-06.29.06:350][  0]LogFileHelpers: Loading map 'Minimal_Default' took 1.063
[2018.09.28-06.29.06:516][  0]LogSlate: Updating window title bar state: overlay mode, drag disabled, window buttons hidden, title bar hidden
[2018.09.28-06.29.06:525][  0]LogSlate: Updating window title bar state: overlay mode, drag disabled, window buttons hidden, title bar hidden
[2018.09.28-06.29.06:534][  0]LogSlate: Updating window title bar state: overlay mode, drag disabled, window buttons hidden, title bar hidden
[2018.09.28-06.29.06:541][  0]LogSlate: Updating window title bar state: overlay mode, drag disabled, window buttons hidden, title bar hidden
[2018.09.28-06.29.06:576][  0]LogCollectionManager: Loaded 0 collections in 0.005202 seconds
[2018.09.28-06.29.06:636][  0]LogFileCache: Scanning file cache for directory 'C:/Users/marku/prototyping-unreal/VarjoSample/Saved/Collections/' took 0.01s
[2018.09.28-06.29.06:636][  0]LogFileCache: Scanning file cache for directory 'C:/Users/marku/prototyping-unreal/VarjoSample/Content/Developers/marku/Collections/' took 0.01s
[2018.09.28-06.29.06:636][  0]LogFileCache: Scanning file cache for directory 'C:/Users/marku/prototyping-unreal/VarjoSample/Content/Collections/' took 0.01s
[2018.09.28-06.29.06:636][  0]LogCollectionManager: Rebuilt the GUID cache for 0 collections in 0.000001 seconds
[2018.09.28-06.29.06:648][  0]LogContentBrowser: Native class hierarchy populated in 0.0117 seconds. Added 2566 classes and 594 folders.
[2018.09.28-06.29.06:666][  0]LogContentBrowser: Native class hierarchy updated for 'WidgetCarousel' in 0.0005 seconds. Added 0 classes and 0 folders.
[2018.09.28-06.29.07:050][  0]LogContentBrowser: Native class hierarchy updated for 'AddContentDialog' in 0.0004 seconds. Added 0 classes and 0 folders.
[2018.09.28-06.29.07:082][  0]LogContentBrowser: Native class hierarchy updated for 'SceneOutliner' in 0.0004 seconds. Added 1 classes and 2 folders.
[2018.09.28-06.29.07:127][  0]LogSlate: Took 0.005436 seconds to synchronously load lazily loaded font '../../../Engine/Content/Slate/Fonts/Roboto-Regular.ttf' (155K)
[2018.09.28-06.29.07:133][  0]LogSlate: Took 0.004484 seconds to synchronously load lazily loaded font '../../../Engine/Content/Slate/Fonts/Roboto-Bold.ttf' (160K)
[2018.09.28-06.29.07:144][  0]LogSlate: Took 0.004586 seconds to synchronously load lazily loaded font '../../../Engine/Content/Editor/Slate/Fonts/FontAwesome.ttf' (139K)
[2018.09.28-06.29.07:288][  0]LogRenderer: Reallocating scene render targets to support 1608x816 Format 10 NumSamples 1 (Frame:1).
[2018.09.28-06.29.07:470][  0]LogContentBrowser: Native class hierarchy updated for 'HierarchicalLODOutliner' in 0.0005 seconds. Added 0 classes and 0 folders.
[2018.09.28-06.29.07:470][  0]LogLoad: (Engine Initialization) Total time: 26.13 seconds
[2018.09.28-06.29.07:471][  0]LogLoad: (Engine Initialization) Total Blueprint compile time: 0.00 seconds
[2018.09.28-06.29.07:502][  0]LogContentStreaming: Texture pool size now 1000 MB
[2018.09.28-06.29.07:547][  1]LogAssetRegistry: Asset discovery search completed in 15.2547 seconds
[2018.09.28-06.29.07:549][  1]LogCollectionManager: Rebuilt the object cache for 0 collections in 0.000017 seconds (found 0 objects)
[2018.09.28-06.29.07:549][  1]LogCollectionManager: Fixed up redirectors for 0 collections in 0.000222 seconds (updated 0 objects)
[2018.09.28-06.30.34:237][462]LogSlate: FSceneViewport::OnFocusLost() reason 0
[2018.09.28-06.30.34:357][474]LogTemp: Repeating last play command: VR Preview
[2018.09.28-06.30.34:383][474]LogBlueprintUserMessages: Early PlayInEditor Detection: Level '/Game/StarterContent/Maps/Minimal_Default.Minimal_Default:PersistentLevel' has LevelScriptBlueprint '/Game/StarterContent/Maps/Minimal_Default.Minimal_Default:PersistentLevel.Minimal_Default' with GeneratedClass '/Game/StarterContent/Maps/Minimal_Default.Minimal_Default_C' with ClassGeneratedBy '/Game/StarterContent/Maps/Minimal_Default.Minimal_Default:PersistentLevel.Minimal_Default'
[2018.09.28-06.30.34:383][474]LogPlayLevel: PlayLevel: No blueprints needed recompiling
[2018.09.28-06.30.34:400][474]PIE: New page: PIE session: Minimal_Default (Sep 28, 2018, 12:30:34 PM)
[2018.09.28-06.30.34:400][474]LogPlayLevel: Creating play world package: /Game/StarterContent/Maps/UEDPIE_0_Minimal_Default
[2018.09.28-06.30.34:406][474]LogPlayLevel: PIE: StaticDuplicateObject took: (0.005662s)
[2018.09.28-06.30.34:408][474]LogAIModule: Creating AISystem for world Minimal_Default
[2018.09.28-06.30.34:409][474]LogPlayLevel: PIE: World Init took: (0.001803s)
[2018.09.28-06.30.34:409][474]LogPlayLevel: PIE: Created PIE world by copying editor world from /Game/StarterContent/Maps/Minimal_Default.Minimal_Default to /Game/StarterContent/Maps/UEDPIE_0_Minimal_Default.Minimal_Default (0.009043s)
[2018.09.28-06.30.34:529][474]LogInit: XAudio2 using 'Speakers (4- USB Audio Device)' : 2 channels at 48 kHz using 16 bits per sample (channel mask 0x3)
[2018.09.28-06.30.34:610][474]LogInit: FAudioDevice initialized.
[2018.09.28-06.30.34:635][474]LogSlate: Updating window title bar state: overlay mode, drag disabled, window buttons hidden, title bar hidden
[2018.09.28-06.30.34:748][474]LogUObjectGlobals: Warning: Failed to find object 'Class /Script/VarjoSample.VarjoSampleGameMode'
[2018.09.28-06.30.34:748][474]LogLoad: Game class is 'GameModeBase'
[2018.09.28-06.30.34:753][474]LogWorld: Bringing World /Game/StarterContent/Maps/UEDPIE_0_Minimal_Default.Minimal_Default up for play (max tick rate 0) at 2018.09.28-09.30.34
[2018.09.28-06.30.34:754][474]LogWorld: Bringing up level for play took: 0.002964
[2018.09.28-06.30.34:894][474]LogContentBrowser: Native class hierarchy updated for 'MovieSceneCapture' in 0.0006 seconds. Added 10 classes and 0 folders.
[2018.09.28-06.30.34:940][474]PIE: Play in editor start time for /Game/StarterContent/Maps/UEDPIE_0_Minimal_Default -0.001
[2018.09.28-06.30.34:941][474]LogBlueprintUserMessages: Late PlayInEditor Detection: Level '/Game/StarterContent/Maps/Minimal_Default.Minimal_Default:PersistentLevel' has LevelScriptBlueprint '/Game/StarterContent/Maps/Minimal_Default.Minimal_Default:PersistentLevel.Minimal_Default' with GeneratedClass '/Game/StarterContent/Maps/Minimal_Default.Minimal_Default_C' with ClassGeneratedBy '/Game/StarterContent/Maps/Minimal_Default.Minimal_Default:PersistentLevel.Minimal_Default'
[2018.09.28-06.30.35:017][475]LogRenderer: Reallocating scene render targets to support 4096x3200 Format 10 NumSamples 1 (Frame:1).
[2018.09.28-06.31.25:967][574]LogSlate: FSceneViewport::OnFocusLost() reason 2
[2018.09.28-06.31.27:487][642]LogBlueprintUserMessages: Early EndPlayMap Detection: Level '/Game/StarterContent/Maps/Minimal_Default.Minimal_Default:PersistentLevel' has LevelScriptBlueprint '/Game/StarterContent/Maps/Minimal_Default.Minimal_Default:PersistentLevel.Minimal_Default' with GeneratedClass '/Game/StarterContent/Maps/Minimal_Default.Minimal_Default_C' with ClassGeneratedBy '/Game/StarterContent/Maps/Minimal_Default.Minimal_Default:PersistentLevel.Minimal_Default'
[2018.09.28-06.31.27:489][642]LogSlate: Updating window title bar state: overlay mode, drag disabled, window buttons hidden, title bar hidden
[2018.09.28-06.31.27:518][642]LogSlate: Window 'VarjoSample Game Preview Standalone (64-bit/PCD3D_SM5)' being destroyed
[2018.09.28-06.31.27:559][642]LogPlayLevel: Display: Shutting down PIE online subsystems
[2018.09.28-06.31.27:559][642]LogBlueprintUserMessages: Late EndPlayMap Detection: Level '/Game/StarterContent/Maps/Minimal_Default.Minimal_Default:PersistentLevel' has LevelScriptBlueprint '/Game/StarterContent/Maps/Minimal_Default.Minimal_Default:PersistentLevel.Minimal_Default' with GeneratedClass '/Game/StarterContent/Maps/Minimal_Default.Minimal_Default_C' with ClassGeneratedBy '/Game/StarterContent/Maps/Minimal_Default.Minimal_Default:PersistentLevel.Minimal_Default'
[2018.09.28-06.31.27:627][643]LogPlayLevel: Display: Destroying online subsystem :Context_1
[2018.09.28-06.33.29:402][577]LogSlate: Took 0.005738 seconds to synchronously load lazily loaded font '../../../Engine/Content/Slate/Fonts/Roboto-Light.ttf' (167K)
[2018.09.28-06.33.34:541][577]LogSlate: Window 'Pick Parent Class' being destroyed
[2018.09.28-06.34.47:061][ 75]LogSlate: Window 'Pick Parent Class' being destroyed
[2018.09.28-06.35.04:856][386]LogAssetEditorManager: Opening Asset editor for Blueprint /Game/ControllerSetup/NewBlueprint.NewBlueprint
[2018.09.28-06.35.05:499][386]LogContentBrowser: Native class hierarchy updated for 'BlueprintGraph' in 0.0009 seconds. Added 116 classes and 0 folders.
[2018.09.28-06.35.06:241][386]LogMaterial: Display: Missing cached shader map for material GridMaterial, compiling. 
[2018.09.28-06.35.06:293][386]LogShaderCompilers: Display: Shaders left to compile 22
[2018.09.28-06.35.06:293][386]LogShaderCompilers: Display: Shaders left to compile 12
[2018.09.28-06.35.06:293][386]LogShaderCompilers: Display: Shaders left to compile 2
[2018.09.28-06.35.06:293][386]LogStaticMesh: Building static mesh PhAT_FloorBox...
[2018.09.28-06.35.06:311][386]LogStaticMesh: Built static mesh [0.02s] /Engine/EditorMeshes/PhAT_FloorBox.PhAT_FloorBox
[2018.09.28-06.35.06:437][386]LogTexture: Display: Building textures: TilePatine_N (BC5, 512X512)
[2018.09.28-06.35.06:437][386]LogTexture: Display: Building textures: TilePatine_D (AutoDXT, 512X512)
[2018.09.28-06.35.06:437][386]LogMaterial: Display: Missing cached shader map for material PersonaFloorMat, compiling. 
[2018.09.28-06.35.06:478][386]LogShaderCompilers: Display: Shaders left to compile 31
[2018.09.28-06.35.06:478][386]LogShaderCompilers: Display: Shaders left to compile 21
[2018.09.28-06.35.06:478][386]LogShaderCompilers: Display: Shaders left to compile 11
[2018.09.28-06.35.06:478][386]LogShaderCompilers: Display: Shaders left to compile 1
[2018.09.28-06.35.09:577][544]LogSlate: Window 'NewBlueprint*' being destroyed
[2018.09.28-06.35.09:584][544]LogSlate: Window 'NewBlueprint*' being destroyed
[2018.09.28-06.35.17:090][364]LogMetaData: Removing '/Game/ControllerSetup/VRGameMode.VRGameMode:UserConstructionScript.K2Node_FunctionEntry_0' ref from Metadata '/Game/ControllerSetup/NewBlueprint.PackageMetaData'
[2018.09.28-06.35.17:090][364]LogMetaData: Removing '/Game/ControllerSetup/VRGameMode.SKEL_VRGameMode_C' ref from Metadata '/Game/ControllerSetup/NewBlueprint.PackageMetaData'
[2018.09.28-06.35.17:090][364]LogMetaData: Removing '/Game/ControllerSetup/VRGameMode.VRGameMode_C' ref from Metadata '/Game/ControllerSetup/NewBlueprint.PackageMetaData'
[2018.09.28-06.35.17:090][364]LogMetaData: Removing '/Game/ControllerSetup/VRGameMode.VRGameMode:EventGraph.K2Node_Event_0' ref from Metadata '/Game/ControllerSetup/NewBlueprint.PackageMetaData'
[2018.09.28-06.35.17:090][364]LogMetaData: Removing '/Game/ControllerSetup/VRGameMode.VRGameMode:EventGraph.K2Node_Event_1' ref from Metadata '/Game/ControllerSetup/NewBlueprint.PackageMetaData'
[2018.09.28-06.35.17:115][364]Cmd: OBJ SAVEPACKAGE PACKAGE="/Game/ControllerSetup/VRGameMode" FILE="../../../../../prototyping-unreal/VarjoSample/Content/ControllerSetup/VRGameMode.uasset" SILENT=true
[2018.09.28-06.35.17:129][364]LogSavePackage: Moving '../../../../../prototyping-unreal/VarjoSample/Saved/VRGameMode3E3616934EB567DBC254109FDAD2F276.tmp' to '../../../../../prototyping-unreal/VarjoSample/Content/ControllerSetup/VRGameMode.uasset'
[2018.09.28-06.35.30:204][ 21]LogSavePackage: Moving '../../../../../prototyping-unreal/VarjoSample/Saved/Minimal_DefaultCEA247F6414D7617548524935AAD4373.tmp' to '../../../../../prototyping-unreal/VarjoSample/Content/StarterContent/Maps/Minimal_Default.umap'
[2018.09.28-06.35.30:320][ 21]LogSavePackage: Moving '../../../../../prototyping-unreal/VarjoSample/Saved/Minimal_Default_BuiltDataFA0192894A982A096C29C7B352DCBF69.tmp' to '../../../../../prototyping-unreal/VarjoSample/Content/StarterContent/Maps/Minimal_Default_BuiltData.uasset'
[2018.09.28-06.39.22:299][419]LogFactory: FactoryCreateFile: StaticMesh with FbxFactory (0 0 ../../../../../../../Program Files (x86)/Steam/steamapps/common/SteamVR/resources/rendermodels/vr_controller_vive_1_5/vr_controller_vive_1_5.obj)
[2018.09.28-06.39.22:323][419]LogFbx: Loading FBX Scene from ../../../../../../../Program Files (x86)/Steam/steamapps/common/SteamVR/resources/rendermodels/vr_controller_vive_1_5/vr_controller_vive_1_5.obj
[2018.09.28-06.39.22:468][419]LogFbx: FBX Scene Loaded Succesfully
[2018.09.28-06.40.12:805][419]LogSlate: Window 'FBX Import Options' being destroyed
[2018.09.28-06.40.13:224][419]LogMaterial: Display: Missing cached shader map for material whole_model_group1Mat, compiling. 
[2018.09.28-06.40.13:237][419]LogFbx: Warning: Triangulating static mesh whole_model_group1
[2018.09.28-06.40.14:213][419]LogShaderCompilers: Display: Shaders left to compile 22
[2018.09.28-06.40.14:214][419]LogShaderCompilers: Display: Shaders left to compile 12
[2018.09.28-06.40.14:214][419]LogShaderCompilers: Display: Shaders left to compile 2
[2018.09.28-06.40.14:516][419]LogStaticMesh: Building static mesh vr_controller_vive_1_5...
[2018.09.28-06.40.14:992][419]LogStaticMesh: Built static mesh [0.48s] /Game/ControllerSetup/vr_controller_vive_1_5.vr_controller_vive_1_5
[2018.09.28-06.40.39:313][978]LogSavePackage: Moving '../../../../../prototyping-unreal/VarjoSample/Saved/Minimal_Default8645C9C2492F4FC21B039EB364D9EAA2.tmp' to '../../../../../prototyping-unreal/VarjoSample/Content/StarterContent/Maps/Minimal_Default.umap'
[2018.09.28-06.40.39:538][978]LogSavePackage: Moving '../../../../../prototyping-unreal/VarjoSample/Saved/Minimal_Default_BuiltData9ABBC6FB4FDC013F77559F9201FEDBAA.tmp' to '../../../../../prototyping-unreal/VarjoSample/Content/StarterContent/Maps/Minimal_Default_BuiltData.uasset'
[2018.09.28-06.40.55:921][555]LogSlate: Window 'Save Content' being destroyed
[2018.09.28-06.40.55:955][555]Cmd: OBJ SAVEPACKAGE PACKAGE="/Game/ControllerSetup/vr_controller_vive_1_5" FILE="../../../../../prototyping-unreal/VarjoSample/Content/ControllerSetup/vr_controller_vive_1_5.uasset" SILENT=true
[2018.09.28-06.40.55:975][555]LogSavePackage: Moving '../../../../../prototyping-unreal/VarjoSample/Saved/vr_controller_vive_1_5095599E847961ED0C62F1B9F4F8FBD12.tmp' to '../../../../../prototyping-unreal/VarjoSample/Content/ControllerSetup/vr_controller_vive_1_5.uasset'
[2018.09.28-06.40.55:982][555]Cmd: OBJ SAVEPACKAGE PACKAGE="/Game/ControllerSetup/VRPawn" FILE="../../../../../prototyping-unreal/VarjoSample/Content/ControllerSetup/VRPawn.uasset" SILENT=true
[2018.09.28-06.40.55:998][555]LogSavePackage: Moving '../../../../../prototyping-unreal/VarjoSample/Saved/VRPawnFF7604A84E1B5FB092DC7DAF8DB17B29.tmp' to '../../../../../prototyping-unreal/VarjoSample/Content/ControllerSetup/VRPawn.uasset'
[2018.09.28-06.40.56:017][555]Cmd: OBJ SAVEPACKAGE PACKAGE="/Game/ControllerSetup/whole_model_group1Mat" FILE="../../../../../prototyping-unreal/VarjoSample/Content/ControllerSetup/whole_model_group1Mat.uasset" SILENT=true
[2018.09.28-06.40.56:037][555]LogSavePackage: Moving '../../../../../prototyping-unreal/VarjoSample/Saved/whole_model_group1MatE8B790D840EED7F8C4CE2AB11B047F77.tmp' to '../../../../../prototyping-unreal/VarjoSample/Content/ControllerSetup/whole_model_group1Mat.uasset'
[2018.09.28-06.41.16:754][907]LogAssetEditorManager: Opening Asset editor for Blueprint /Game/ControllerSetup/VRPawn.VRPawn
[2018.09.28-06.41.41:581][912]LogSlate: Took 0.004335 seconds to synchronously load lazily loaded font '../../../Engine/Content/Slate/Fonts/Roboto-Italic.ttf' (157K)
[2018.09.28-06.41.57:023][651]BlueprintLog: New page: Compile VRPawn
[2018.09.28-06.42.02:272][915]Cmd: OBJ SAVEPACKAGE PACKAGE="/Game/ControllerSetup/VRPawn" FILE="../../../../../prototyping-unreal/VarjoSample/Content/ControllerSetup/VRPawn.uasset" SILENT=true
[2018.09.28-06.42.02:294][915]LogSavePackage: Moving '../../../../../prototyping-unreal/VarjoSample/Saved/VRPawnB0488E98435E4AB6CDC0B9918B1736E1.tmp' to '../../../../../prototyping-unreal/VarjoSample/Content/ControllerSetup/VRPawn.uasset'
[2018.09.28-06.42.04:205][ 70]Cmd: OBJ SAVEPACKAGE PACKAGE="/Game/ControllerSetup/VRPawn" FILE="../../../../../prototyping-unreal/VarjoSample/Content/ControllerSetup/VRPawn.uasset" SILENT=true
[2018.09.28-06.42.04:221][ 70]LogSavePackage: Moving '../../../../../prototyping-unreal/VarjoSample/Saved/VRPawnA797C419415C03BCAB4EEFA436B4A3A0.tmp' to '../../../../../prototyping-unreal/VarjoSample/Content/ControllerSetup/VRPawn.uasset'
[2018.09.28-06.43.01:165][152]BlueprintLog: New page: Compile VRPawn
[2018.09.28-06.43.02:152][221]Cmd: OBJ SAVEPACKAGE PACKAGE="/Game/ControllerSetup/VRPawn" FILE="../../../../../prototyping-unreal/VarjoSample/Content/ControllerSetup/VRPawn.uasset" SILENT=true
[2018.09.28-06.43.02:168][221]LogSavePackage: Moving '../../../../../prototyping-unreal/VarjoSample/Saved/VRPawn9AD0227D4E14CB70D7B9D3A2FABD76D7.tmp' to '../../../../../prototyping-unreal/VarjoSample/Content/ControllerSetup/VRPawn.uasset'
[2018.09.28-06.43.53:752][442]BlueprintLog: New page: Compile VRPawn
[2018.09.28-06.43.54:820][512]Cmd: OBJ SAVEPACKAGE PACKAGE="/Game/ControllerSetup/VRPawn" FILE="../../../../../prototyping-unreal/VarjoSample/Content/ControllerSetup/VRPawn.uasset" SILENT=true
[2018.09.28-06.43.54:839][512]LogSavePackage: Moving '../../../../../prototyping-unreal/VarjoSample/Saved/VRPawn7BB9D17E40361CAC1FB0AB881FE203FD.tmp' to '../../../../../prototyping-unreal/VarjoSample/Content/ControllerSetup/VRPawn.uasset'
[2018.09.28-06.44.54:269][501]BlueprintLog: New page: Compile VRPawn
[2018.09.28-06.44.55:353][563]Cmd: OBJ SAVEPACKAGE PACKAGE="/Game/ControllerSetup/VRPawn" FILE="../../../../../prototyping-unreal/VarjoSample/Content/ControllerSetup/VRPawn.uasset" SILENT=true
[2018.09.28-06.44.55:384][563]LogSavePackage: Moving '../../../../../prototyping-unreal/VarjoSample/Saved/VRPawnAFF951F04DA0F41E87A46AA5487774BE.tmp' to '../../../../../prototyping-unreal/VarjoSample/Content/ControllerSetup/VRPawn.uasset'
[2018.09.28-06.46.05:661][ 38]LogSlate: FSceneViewport::OnFocusLost() reason 0
[2018.09.28-06.46.05:969][ 38]BlueprintLog: New page: Compile VRPawn
[2018.09.28-06.46.07:338][113]Cmd: OBJ SAVEPACKAGE PACKAGE="/Game/ControllerSetup/VRPawn" FILE="../../../../../prototyping-unreal/VarjoSample/Content/ControllerSetup/VRPawn.uasset" SILENT=true
[2018.09.28-06.46.07:363][113]LogSavePackage: Moving '../../../../../prototyping-unreal/VarjoSample/Saved/VRPawn14D66F574765274C616D1CA1C975CC7D.tmp' to '../../../../../prototyping-unreal/VarjoSample/Content/ControllerSetup/VRPawn.uasset'
[2018.09.28-06.46.59:333][221]BlueprintLog: New page: Compile VRPawn
[2018.09.28-06.47.00:346][278]Cmd: OBJ SAVEPACKAGE PACKAGE="/Game/ControllerSetup/VRPawn" FILE="../../../../../prototyping-unreal/VarjoSample/Content/ControllerSetup/VRPawn.uasset" SILENT=true
[2018.09.28-06.47.00:372][278]LogSavePackage: Moving '../../../../../prototyping-unreal/VarjoSample/Saved/VRPawn90314422456DCCE9BBB169803ED318B0.tmp' to '../../../../../prototyping-unreal/VarjoSample/Content/ControllerSetup/VRPawn.uasset'
[2018.09.28-06.47.26:610][368]BlueprintLog: New page: Compile VRPawn
[2018.09.28-06.47.27:357][418]Cmd: OBJ SAVEPACKAGE PACKAGE="/Game/ControllerSetup/VRPawn" FILE="../../../../../prototyping-unreal/VarjoSample/Content/ControllerSetup/VRPawn.uasset" SILENT=true
[2018.09.28-06.47.27:392][418]LogSavePackage: Moving '../../../../../prototyping-unreal/VarjoSample/Saved/VRPawn7D220E8643E7F30B69CE72B9DF64C72D.tmp' to '../../../../../prototyping-unreal/VarjoSample/Content/ControllerSetup/VRPawn.uasset'
[2018.09.28-06.47.35:911][589]LogSlate: Took 0.005416 seconds to synchronously load lazily loaded font '../../../Engine/Content/Slate/Fonts/Roboto-BoldCondensed.ttf' (158K)
[2018.09.28-06.48.30:769][279]BlueprintLog: New page: Compile VRPawn
[2018.09.28-06.48.31:834][355]Cmd: OBJ SAVEPACKAGE PACKAGE="/Game/ControllerSetup/VRPawn" FILE="../../../../../prototyping-unreal/VarjoSample/Content/ControllerSetup/VRPawn.uasset" SILENT=true
[2018.09.28-06.48.31:862][355]LogSavePackage: Moving '../../../../../prototyping-unreal/VarjoSample/Saved/VRPawnFCAD813D4883A0A5BB463EB6A520ACE7.tmp' to '../../../../../prototyping-unreal/VarjoSample/Content/ControllerSetup/VRPawn.uasset'
[2018.09.28-06.50.01:336][810]BlueprintLog: New page: Compile VRPawn
[2018.09.28-06.50.02:304][864]Cmd: OBJ SAVEPACKAGE PACKAGE="/Game/ControllerSetup/VRPawn" FILE="../../../../../prototyping-unreal/VarjoSample/Content/ControllerSetup/VRPawn.uasset" SILENT=true
[2018.09.28-06.50.02:332][864]LogSavePackage: Moving '../../../../../prototyping-unreal/VarjoSample/Saved/VRPawnA578B7124C11600276AF8C9651A19530.tmp' to '../../../../../prototyping-unreal/VarjoSample/Content/ControllerSetup/VRPawn.uasset'
[2018.09.28-06.50.22:074][892]BlueprintLog: New page: Compile VRPawn
[2018.09.28-06.50.22:916][938]Cmd: OBJ SAVEPACKAGE PACKAGE="/Game/ControllerSetup/VRPawn" FILE="../../../../../prototyping-unreal/VarjoSample/Content/ControllerSetup/VRPawn.uasset" SILENT=true
[2018.09.28-06.50.22:944][938]LogSavePackage: Moving '../../../../../prototyping-unreal/VarjoSample/Saved/VRPawn8BE344EF4B24DC7FA037BAB38DA6D058.tmp' to '../../../../../prototyping-unreal/VarjoSample/Content/ControllerSetup/VRPawn.uasset'
[2018.09.28-06.50.51:074][602]BlueprintLog: New page: Compile VRPawn
[2018.09.28-06.50.52:161][664]Cmd: OBJ SAVEPACKAGE PACKAGE="/Game/ControllerSetup/VRPawn" FILE="../../../../../prototyping-unreal/VarjoSample/Content/ControllerSetup/VRPawn.uasset" SILENT=true
[2018.09.28-06.50.52:189][664]LogSavePackage: Moving '../../../../../prototyping-unreal/VarjoSample/Saved/VRPawn2B6A6478469BF4ACF3AB3AB2063798A5.tmp' to '../../../../../prototyping-unreal/VarjoSample/Content/ControllerSetup/VRPawn.uasset'
[2018.09.28-06.50.56:109][928]LogSlate: Window 'VRPawn' being destroyed
[2018.09.28-06.50.56:114][928]LogSlate: Window 'VRPawn' being destroyed
[2018.09.28-06.51.04:141][246]LogAssetEditorManager: Opening Asset editor for Blueprint /Game/ControllerSetup/VRGameMode.VRGameMode
[2018.09.28-06.51.56:584][544]LogSlate: Prevented a slow task dialog from being summoned while a context menu was open
[2018.09.28-06.52.04:421][ 66]BlueprintLog: New page: Compile VRGameMode
[2018.09.28-06.52.06:694][277]Cmd: OBJ SAVEPACKAGE PACKAGE="/Game/ControllerSetup/VRGameMode" FILE="../../../../../prototyping-unreal/VarjoSample/Content/ControllerSetup/VRGameMode.uasset" SILENT=true
[2018.09.28-06.52.06:714][277]LogSavePackage: Moving '../../../../../prototyping-unreal/VarjoSample/Saved/VRGameMode663CDCCA40B2FD1A876B7D9C65E2A3B0.tmp' to '../../../../../prototyping-unreal/VarjoSample/Content/ControllerSetup/VRGameMode.uasset'
[2018.09.28-06.52.26:086][506]LogSlate: Window 'VRGameMode' being destroyed
[2018.09.28-06.52.26:091][506]LogSlate: Window 'VRGameMode' being destroyed
[2018.09.28-06.52.44:538][861]LogEditorViewport: Clicking on Actor (LMB): StaticMeshActor (Floor)
[2018.09.28-06.52.50:438][489]LogEditorViewport: Clicking on Actor (LMB): BP_Sky_Sphere_C (BP_Sky_Sphere)
[2018.09.28-06.53.07:325][344]LogSlate: FSceneViewport::OnFocusLost() reason 2
[2018.09.28-06.53.22:365][344]LogSlate: FSceneViewport::OnFocusLost() reason 2
[2018.09.28-06.53.22:451][344]LogSlate: Prevented a slow task dialog from being summoned while a context menu was open
[2018.09.28-06.53.33:846][108]LogSlate: FSceneViewport::OnFocusLost() reason 0
[2018.09.28-06.53.34:297][117]LogSavePackage: Moving '../../../../../prototyping-unreal/VarjoSample/Saved/Minimal_Default19F921A14F9C0B9291CFF0AD877DE0B6.tmp' to '../../../../../prototyping-unreal/VarjoSample/Content/StarterContent/Maps/Minimal_Default.umap'
[2018.09.28-06.53.34:422][117]LogSavePackage: Moving '../../../../../prototyping-unreal/VarjoSample/Saved/Minimal_Default_BuiltData517BA3D349440E562245C3BD6F58C3C2.tmp' to '../../../../../prototyping-unreal/VarjoSample/Content/StarterContent/Maps/Minimal_Default_BuiltData.uasset'
[2018.09.28-06.53.46:046][396]LogSlate: FSceneViewport::OnFocusLost() reason 2
[2018.09.28-06.54.17:588][918]LogSlate: FSceneViewport::OnFocusLost() reason 0
[2018.09.28-06.54.17:698][931]LogTemp: Repeating last play command: VR Preview
[2018.09.28-06.54.17:718][931]LogBlueprintUserMessages: Early PlayInEditor Detection: Level '/Game/StarterContent/Maps/Minimal_Default.Minimal_Default:PersistentLevel' has LevelScriptBlueprint '/Game/StarterContent/Maps/Minimal_Default.Minimal_Default:PersistentLevel.Minimal_Default' with GeneratedClass '/Game/StarterContent/Maps/Minimal_Default.Minimal_Default_C' with ClassGeneratedBy '/Game/StarterContent/Maps/Minimal_Default.Minimal_Default:PersistentLevel.Minimal_Default'
[2018.09.28-06.54.17:719][931]LogPlayLevel: PlayLevel: No blueprints needed recompiling
[2018.09.28-06.54.17:719][931]PIE: New page: PIE session: Minimal_Default (Sep 28, 2018, 12:54:17 PM)
[2018.09.28-06.54.17:719][931]LogPlayLevel: Creating play world package: /Game/StarterContent/Maps/UEDPIE_0_Minimal_Default
[2018.09.28-06.54.17:727][931]LogPlayLevel: PIE: StaticDuplicateObject took: (0.007283s)
[2018.09.28-06.54.17:728][931]LogAIModule: Creating AISystem for world Minimal_Default
[2018.09.28-06.54.17:728][931]LogPlayLevel: PIE: World Init took: (0.001176s)
[2018.09.28-06.54.17:728][931]LogPlayLevel: PIE: Created PIE world by copying editor world from /Game/StarterContent/Maps/Minimal_Default.Minimal_Default to /Game/StarterContent/Maps/UEDPIE_0_Minimal_Default.Minimal_Default (0.009017s)
[2018.09.28-06.54.17:795][931]LogInit: XAudio2 using 'Speakers (4- USB Audio Device)' : 2 channels at 48 kHz using 16 bits per sample (channel mask 0x3)
[2018.09.28-06.54.17:853][931]LogInit: FAudioDevice initialized.
[2018.09.28-06.54.17:871][931]LogSlate: Updating window title bar state: overlay mode, drag disabled, window buttons hidden, title bar hidden
[2018.09.28-06.54.17:981][931]LogLoad: Game class is 'VRGameMode_C'
[2018.09.28-06.54.17:984][931]LogWorld: Bringing World /Game/StarterContent/Maps/UEDPIE_0_Minimal_Default.Minimal_Default up for play (max tick rate 0) at 2018.09.28-09.54.17
[2018.09.28-06.54.17:985][931]LogWorld: Bringing up level for play took: 0.002078
[2018.09.28-06.54.18:027][931]PIE: Play in editor start time for /Game/StarterContent/Maps/UEDPIE_0_Minimal_Default 1.085
[2018.09.28-06.54.18:028][931]LogBlueprintUserMessages: Late PlayInEditor Detection: Level '/Game/StarterContent/Maps/Minimal_Default.Minimal_Default:PersistentLevel' has LevelScriptBlueprint '/Game/StarterContent/Maps/Minimal_Default.Minimal_Default:PersistentLevel.Minimal_Default' with GeneratedClass '/Game/StarterContent/Maps/Minimal_Default.Minimal_Default_C' with ClassGeneratedBy '/Game/StarterContent/Maps/Minimal_Default.Minimal_Default:PersistentLevel.Minimal_Default'
[2018.09.28-06.57.15:066][793]LogSlate: FSceneViewport::OnFocusLost() reason 2
[2018.09.28-06.57.16:371][831]LogSlate: FSceneViewport::OnFocusLost() reason 0
[2018.09.28-06.57.16:377][831]LogBlueprintUserMessages: Early EndPlayMap Detection: Level '/Game/StarterContent/Maps/Minimal_Default.Minimal_Default:PersistentLevel' has LevelScriptBlueprint '/Game/StarterContent/Maps/Minimal_Default.Minimal_Default:PersistentLevel.Minimal_Default' with GeneratedClass '/Game/StarterContent/Maps/Minimal_Default.Minimal_Default_C' with ClassGeneratedBy '/Game/StarterContent/Maps/Minimal_Default.Minimal_Default:PersistentLevel.Minimal_Default'
[2018.09.28-06.57.16:377][831]LogSlate: Updating window title bar state: overlay mode, drag disabled, window buttons hidden, title bar hidden
[2018.09.28-06.57.16:397][831]LogSlate: Window 'VarjoSample Game Preview Standalone (64-bit/PCD3D_SM5)' being destroyed
[2018.09.28-06.57.16:437][831]LogPlayLevel: Display: Shutting down PIE online subsystems
[2018.09.28-06.57.16:438][831]LogBlueprintUserMessages: Late EndPlayMap Detection: Level '/Game/StarterContent/Maps/Minimal_Default.Minimal_Default:PersistentLevel' has LevelScriptBlueprint '/Game/StarterContent/Maps/Minimal_Default.Minimal_Default:PersistentLevel.Minimal_Default' with GeneratedClass '/Game/StarterContent/Maps/Minimal_Default.Minimal_Default_C' with ClassGeneratedBy '/Game/StarterContent/Maps/Minimal_Default.Minimal_Default:PersistentLevel.Minimal_Default'
[2018.09.28-06.57.16:550][832]LogPlayLevel: Display: Destroying online subsystem :Context_8
[2018.09.28-06.57.24:401][624]LogSlate: FSceneViewport::OnFocusLost() reason 0
[2018.09.28-06.57.27:027][896]LogAssetEditorManager: Opening Asset editor for Blueprint /Game/ControllerSetup/VRPawn.VRPawn
[2018.09.28-06.59.05:536][ 18]LogSlate: Window 'VRPawn*' being destroyed
[2018.09.28-06.59.05:540][ 18]LogSlate: Window 'VRPawn*' being destroyed
[2018.09.28-06.59.08:890][294]LogSlate: FSceneViewport::OnFocusLost() reason 0
[2018.09.28-06.59.09:035][304]LogAssetEditorManager: Opening Asset editor for Blueprint /Game/ControllerSetup/VRPawn.VRPawn
[2018.09.28-06.59.24:678][412]LogEditorTransaction: Undo Rename Component Variable
[2018.09.28-06.59.30:457][864]LogEditorTransaction: Undo Rename Component Variable
[2018.09.28-06.59.40:989][676]LogSlate: Window 'VRPawn*' being destroyed
[2018.09.28-06.59.40:994][676]LogSlate: Window 'VRPawn*' being destroyed
[2018.09.28-06.59.43:152][906]LogSlate: FSceneViewport::OnFocusLost() reason 2
[2018.09.28-06.59.43:556][906]LogSavePackage: Moving '../../../../../prototyping-unreal/VarjoSample/Saved/Minimal_Default1EBCC66A4BC8A428B86127BC63A5B502.tmp' to '../../../../../prototyping-unreal/VarjoSample/Content/StarterContent/Maps/Minimal_Default.umap'
[2018.09.28-06.59.43:760][906]LogSavePackage: Moving '../../../../../prototyping-unreal/VarjoSample/Saved/Minimal_Default_BuiltData59B0A47F457560051F8E04B56BC24DD3.tmp' to '../../../../../prototyping-unreal/VarjoSample/Content/StarterContent/Maps/Minimal_Default_BuiltData.uasset'
[2018.09.28-06.59.45:819][ 97]LogSlate: FSceneViewport::OnFocusLost() reason 0
[2018.09.28-06.59.46:948][170]LogAssetEditorManager: Opening Asset editor for Blueprint /Game/ControllerSetup/VRPawn.VRPawn
[2018.09.28-06.59.48:870][249]Cmd: OBJ SAVEPACKAGE PACKAGE="/Game/ControllerSetup/VRPawn" FILE="../../../../../prototyping-unreal/VarjoSample/Content/ControllerSetup/VRPawn.uasset" SILENT=true
[2018.09.28-06.59.48:928][249]LogSavePackage: Moving '../../../../../prototyping-unreal/VarjoSample/Saved/VRPawn49417D5A49AF9E4D812A87B5A80392F9.tmp' to '../../../../../prototyping-unreal/VarjoSample/Content/ControllerSetup/VRPawn.uasset'
[2018.09.28-06.59.49:605][295]LogSlate: FSceneViewport::OnFocusLost() reason 0
[2018.09.28-06.59.49:672][300]BlueprintLog: New page: Compile VRPawn
[2018.09.28-06.59.50:399][336]Cmd: OBJ SAVEPACKAGE PACKAGE="/Game/ControllerSetup/VRPawn" FILE="../../../../../prototyping-unreal/VarjoSample/Content/ControllerSetup/VRPawn.uasset" SILENT=true
[2018.09.28-06.59.50:425][336]LogSavePackage: Moving '../../../../../prototyping-unreal/VarjoSample/Saved/VRPawn1DD9E4C342A7848EF08C55A9178FBED9.tmp' to '../../../../../prototyping-unreal/VarjoSample/Content/ControllerSetup/VRPawn.uasset'
[2018.09.28-06.59.52:042][439]LogSlate: FSceneViewport::OnFocusLost() reason 0
[2018.09.28-06.59.52:160][446]LogSlate: Window 'VRPawn' being destroyed
[2018.09.28-06.59.52:164][446]LogSlate: Window 'VRPawn' being destroyed
[2018.09.28-06.59.54:459][650]LogSlate: FSceneViewport::OnFocusLost() reason 0
[2018.09.28-06.59.54:620][665]LogAssetEditorManager: Opening Asset editor for Blueprint /Game/ControllerSetup/VRPawn.VRPawn
[2018.09.28-07.01.11:089][285]LogSlate: Window 'VRPawn' being destroyed
[2018.09.28-07.01.11:093][285]LogSlate: Window 'VRPawn' being destroyed
[2018.09.28-07.01.17:195][877]LogSlate: FSceneViewport::OnFocusLost() reason 0
[2018.09.28-07.03.49:188][379]LogSlate: FSceneViewport::OnFocusLost() reason 0
[2018.09.28-07.03.56:586][814]LogSlate: FSceneViewport::OnFocusLost() reason 0
[2018.09.28-07.03.56:911][814]LogSlate: Window 'VarjoSample - Unreal Editor' being destroyed
[2018.09.28-07.03.56:915][814]LogWindowsTextInputMethodSystem: Display: IME system now deactivated.
[2018.09.28-07.03.57:316][815]Cmd: QUIT_EDITOR
[2018.09.28-07.03.57:482][815]LogExit: Preparing to exit.
[2018.09.28-07.03.58:633][815]LogExit: Editor shut down
[2018.09.28-07.03.58:633][815]LogExit: Transaction tracking system shut down
