Log file open, 11/08/18 12:33:38
LogWindows: Failed to load 'aqProf.dll' (GetLastError=126)
LogWindows: File 'aqProf.dll' does not exist
LogWindows: Failed to load 'VtuneApi.dll' (GetLastError=126)
LogWindows: File 'VtuneApi.dll' does not exist
LogWindows: Failed to load 'VtuneApi32e.dll' (GetLastError=126)
LogWindows: File 'VtuneApi32e.dll' does not exist
LogInit: Display: Running engine for game: VarjoSample
LogPlatformFile: Not using cached read wrapper
LogTaskGraph: Started task graph with 5 named threads and 47 total threads with 3 sets of task threads.
LogStats: Stats thread started at 0.660810
LogD3D12RHI: Loading WinPixEventRuntime.dll for PIX profiling (from ../../../Engine/Binaries/ThirdParty/Windows/DirectX/x64).
LogD3D11RHI: Loaded GFSDK_Aftermath_Lib.x64.dll
LogICUInternationalization: Display: ICU TimeZone Detection - Raw Offset: +2:00, Platform Override: ''
LogPluginManager: Mounting plugin Paper2D
LogPluginManager: Mounting plugin AISupport
LogPluginManager: Mounting plugin LightPropagationVolume
LogPluginManager: Mounting plugin CLionSourceCodeAccess
LogPluginManager: Mounting plugin CodeLiteSourceCodeAccess
LogPluginManager: Mounting plugin GitSourceControl
LogPluginManager: Mounting plugin KDevelopSourceCodeAccess
LogPluginManager: Mounting plugin NullSourceCodeAccess
LogPluginManager: Mounting plugin PerforceSourceControl
LogPluginManager: Mounting plugin SubversionSourceControl
LogPluginManager: Mounting plugin UObjectPlugin
LogPluginManager: Mounting plugin VisualStudioCodeSourceCodeAccess
LogPluginManager: Mounting plugin VisualStudioSourceCodeAccess
LogPluginManager: Mounting plugin XCodeSourceCodeAccess
LogPluginManager: Mounting plugin AssetManagerEditor
LogPluginManager: Mounting plugin CryptoKeys
LogPluginManager: Mounting plugin DataValidation
LogPluginManager: Mounting plugin FacialAnimation
LogPluginManager: Mounting plugin GameplayTagsEditor
LogPluginManager: Mounting plugin MacGraphicsSwitching
LogPluginManager: Mounting plugin MeshEditor
LogPluginManager: Mounting plugin MobileLauncherProfileWizard
LogPluginManager: Mounting plugin PluginBrowser
LogPluginManager: Mounting plugin SpeedTreeImporter
LogPluginManager: Mounting plugin DatasmithContent
LogPluginManager: Mounting plugin AlembicImporter
LogPluginManager: Mounting plugin AppleImageUtils
LogPluginManager: Mounting plugin AppleVision
LogPluginManager: Mounting plugin BackChannel
LogPluginManager: Mounting plugin CharacterAI
LogPluginManager: Mounting plugin GeometryCache
LogPluginManager: Mounting plugin HTML5Networking
LogPluginManager: Mounting plugin ProxyLODPlugin
LogPluginManager: Mounting plugin MagicLeap
LogPluginManager: Mounting plugin MagicLeapEmulator
LogPluginManager: Mounting plugin MagicLeapMedia
LogPluginManager: Mounting plugin AndroidMedia
LogPluginManager: Mounting plugin AvfMedia
LogPluginManager: Mounting plugin ImgMedia
LogPluginManager: Mounting plugin LinearTimecode
LogPluginManager: Mounting plugin MediaCompositing
LogPluginManager: Mounting plugin MediaPlayerEditor
LogPluginManager: Mounting plugin WmfMedia
LogPluginManager: Mounting plugin TcpMessaging
LogPluginManager: Mounting plugin UdpMessaging
LogPluginManager: Mounting plugin ActorSequence
LogPluginManager: Mounting plugin LevelSequenceEditor
LogPluginManager: Mounting plugin MatineeToLevelSequence
LogPluginManager: Mounting plugin NetcodeUnitTest
LogPluginManager: Mounting plugin NUTUnrealEngine4
LogPluginManager: Mounting plugin OnlineSubsystemGooglePlay
LogPluginManager: Mounting plugin OnlineSubsystemIOS
LogPluginManager: Mounting plugin OnlineSubsystem
LogPluginManager: Mounting plugin OnlineSubsystemNull
LogPluginManager: Mounting plugin OnlineSubsystemUtils
LogPluginManager: Mounting plugin LauncherChunkInstaller
LogPluginManager: Mounting plugin AndroidDeviceProfileSelector
LogPluginManager: Mounting plugin AndroidMoviePlayer
LogPluginManager: Mounting plugin AndroidPermission
LogPluginManager: Mounting plugin AppleMoviePlayer
LogPluginManager: Mounting plugin ArchVisCharacter
LogPluginManager: Mounting plugin AudioCapture
LogPluginManager: Mounting plugin CableComponent
LogPluginManager: Mounting plugin CustomMeshComponent
LogPluginManager: Mounting plugin EditableMesh
LogPluginManager: Mounting plugin ExampleDeviceProfileSelector
LogPluginManager: Mounting plugin GoogleCloudMessaging
LogPluginManager: Mounting plugin ImmediatePhysics
LogPluginManager: Mounting plugin IOSDeviceProfileSelector
LogPluginManager: Mounting plugin LinuxDeviceProfileSelector
LogPluginManager: Mounting plugin LocationServicesBPLibrary
LogPluginManager: Mounting plugin MobilePatchingUtils
LogPluginManager: Mounting plugin PhysXVehicles
LogPluginManager: Mounting plugin ProceduralMeshComponent
LogPluginManager: Mounting plugin RuntimePhysXCooking
LogPluginManager: Mounting plugin VarjoHMD
LogPluginManager: Mounting plugin WindowsMoviePlayer
LogStreaming: Display: Took  0.110s to configure plugins.
LogInit: Using libcurl 7.55.1-DEV
LogInit:  - built for x86_64-pc-win32
LogInit:  - supports SSL with OpenSSL/1.0.2h
LogInit:  - supports HTTP deflate (compression) using libz 1.2.8
LogInit:  - other features:
LogInit:      CURL_VERSION_SSL
LogInit:      CURL_VERSION_LIBZ
LogInit:      CURL_VERSION_IPV6
LogInit:      CURL_VERSION_ASYNCHDNS
LogInit:      CURL_VERSION_LARGEFILE
LogInit:      CURL_VERSION_IDN
LogInit:  CurlRequestOptions (configurable via config and command line):
LogInit:  - bVerifyPeer = false  - Libcurl will NOT verify peer certificate
LogInit:  - bUseHttpProxy = false  - Libcurl will NOT use HTTP proxy
LogInit:  - bDontReuseConnections = false  - Libcurl will reuse connections
LogInit:  - CertBundlePath = nullptr  - Libcurl will use whatever was configured at build time.
LogInit:  - MaxHostConnections = 16  - Libcurl will limit the number of connections to a host
LogInit:  - LocalHostAddr = Default
LogInit:  - BufferSize = 65536
LogInit: WinSock: version 1.1 (2.2), MaxSocks=32767, MaxUdp=65467
LogInit: Build: ++UE4+Release-4.20-CL-0
LogInit: Engine Version: 4.20.2-0+++UE4+Release-4.20
LogInit: Compatible Engine Version: 4.20.0-0+++UE4+Release-4.20
LogInit: Net CL: 0
LogInit: OS: Windows 10 (), CPU: Intel(R) Core(TM) i7-7820X CPU @ 3.60GHz, GPU: NVIDIA GeForce GTX 1080
LogInit: Compiled (64-bit): Nov  6 2018 15:16:48
LogInit: Compiled with Visual C++: 19.14.26430.00
LogInit: Build Configuration: Development
LogInit: Branch Name: ++UE4+Release-4.20
LogInit: Command Line:  -skipcompile -DX12
LogInit: Base Directory: C:/Users/marku/UnrealEngine-4.20-Varjo/UnrealEngine-4.20/Engine/Binaries/Win64/
LogInit: Installed Engine Build: 0
LogDevObjectVersion: Number of dev versions registered: 20
LogDevObjectVersion:   Dev-Blueprints (B0D832E4-1F89-4F0D-ACCF-7EB736FD4AA2): 10
LogDevObjectVersion:   Dev-Build (E1C64328-A22C-4D53-A36C-8E866417BD8C): 0
LogDevObjectVersion:   Dev-Core (375EC13C-06E4-48FB-B500-84F0262A717E): 2
LogDevObjectVersion:   Dev-Editor (E4B068ED-F494-42E9-A231-DA0B2E46BB41): 24
LogDevObjectVersion:   Dev-Framework (CFFC743F-43B0-4480-9391-14DF171D2073): 34
LogDevObjectVersion:   Dev-Mobile (B02B49B5-BB20-44E9-A304-32B752E40360): 2
LogDevObjectVersion:   Dev-Networking (A4E4105C-59A1-49B5-A7C5-40C4547EDFEE): 0
LogDevObjectVersion:   Dev-Online (39C831C9-5AE6-47DC-9A44-9C173E1C8E7C): 0
LogDevObjectVersion:   Dev-Physics (78F01B33-EBEA-4F98-B9B4-84EACCB95AA2): 0
LogDevObjectVersion:   Dev-Platform (6631380F-2D4D-43E0-8009-CF276956A95A): 0
LogDevObjectVersion:   Dev-Rendering (12F88B9F-8875-4AFC-A67C-D90C383ABD29): 26
LogDevObjectVersion:   Dev-Sequencer (7B5AE74C-D270-4C10-A958-57980B212A5A): 9
LogDevObjectVersion:   Dev-VR (D7296918-1DD6-4BDD-9DE2-64A83CC13884): 2
LogDevObjectVersion:   Dev-LoadTimes (C2A15278-BFE7-4AFE-6C17-90FF531DF755): 1
LogDevObjectVersion:   Private-Geometry (6EACA3D4-40EC-4CC1-B786-8BED09428FC5): 3
LogDevObjectVersion:   Dev-AnimPhys (29E575DD-E0A3-4627-9D10-D276232CDCEA): 17
LogDevObjectVersion:   Dev-ReflectionCapture (6B266CEC-1EC7-4B8F-A30B-E4D90942FC07): 1
LogDevObjectVersion:   Dev-Automation (0DF73D61-A23F-47EA-B727-89E90C41499A): 1
LogDevObjectVersion:   FortniteMain (601D1886-AC64-4F84-AA16-D3DE0DEAC7D6): 12
LogDevObjectVersion:   Dev-Enterprise (9DFFBCD6-494F-0158-E221-12823C92A888): 1
LogStreaming: Display: Took  0.003s to delete old logs.
LogInit: Presizing for max 8388607 objects, including 0 objects not considered by GC, pre-allocating 0 bytes for permanent pool.
LogInit: Object subsystem initialized
[2018.11.08-10.33.38:613][  0]LogInit: Selected Device Profile: [Windows]
[2018.11.08-10.33.38:613][  0]LogInit: Applying CVar settings loaded from the selected device profile: [Windows]
[2018.11.08-10.33.38:624][  0]LogHAL: Display: Platform has ~ 32 GB [34016522240 / 34359738368 / 32], which maps to Largest [LargestMinGB=32, LargerMinGB=12, DefaultMinGB=8, SmallerMinGB=6, SmallestMinGB=0)
[2018.11.08-10.33.38:624][  0]LogInit: Setting Device Profile CVar: [[r.Vulkan.UseRealUBs:1]]
[2018.11.08-10.33.38:624][  0]LogInit: Going up to parent DeviceProfile []
[2018.11.08-10.33.38:624][  0]LogInit: Computer: DESKTOP-1HEE857
[2018.11.08-10.33.38:624][  0]LogInit: User: marku
[2018.11.08-10.33.38:625][  0]LogInit: CPU Page size=4096, Cores=8
[2018.11.08-10.33.38:625][  0]LogInit: High frequency timer resolution =3.515624 MHz
[2018.11.08-10.33.38:625][  0]LogMemory: Memory total: Physical=31.7GB (32GB approx)
[2018.11.08-10.33.38:625][  0]LogMemory: Platform Memory Stats for Windows
[2018.11.08-10.33.38:625][  0]LogMemory: Process Physical Memory: 91.64 MB used, 91.64 MB peak
[2018.11.08-10.33.38:625][  0]LogMemory: Process Virtual Memory: 212.44 MB used, 212.44 MB peak
[2018.11.08-10.33.38:625][  0]LogMemory: Physical Memory: 8006.19 MB used,  24434.49 MB free, 32440.68 MB total
[2018.11.08-10.33.38:625][  0]LogMemory: Virtual Memory: 4786.59 MB used,  24434.49 MB free, 134217728.00 MB total
[2018.11.08-10.33.39:171][  0]LogInit: Using OS detected language (en-GB).
[2018.11.08-10.33.39:171][  0]LogInit: Using OS detected locale (en-FI).
[2018.11.08-10.33.39:172][  0]LogTextLocalizationManager: No specific localization for 'en-GB' exists, so the 'en' localization will be used.
[2018.11.08-10.33.39:529][  0]LogStreaming: Display: Took  0.358s to InitEngineTextLocalization.
[2018.11.08-10.33.39:529][  0]LogInit: Setting process to per monitor DPI aware
[2018.11.08-10.33.39:577][  0]LogSlate: New Slate User Created.  User Index 0, Is Virtual User: 0
[2018.11.08-10.33.39:577][  0]LogSlate: Slate User Registered.  User Index 0, Is Virtual User: 0
[2018.11.08-10.33.39:886][  0]LogD3D12RHI: Found D3D12 adapter 0: NVIDIA GeForce GTX 1080 (Max supported Feature Level 12_1)
[2018.11.08-10.33.39:886][  0]LogD3D12RHI: Adapter has 8079MB of dedicated video memory, 0MB of dedicated system memory, and 16220MB of shared system memory, 2 output[s]
[2018.11.08-10.33.39:900][  0]LogD3D12RHI: Found D3D12 adapter 1: Microsoft Basic Render Driver (Max supported Feature Level 12_1)
[2018.11.08-10.33.39:900][  0]LogD3D12RHI: Adapter has 0MB of dedicated video memory, 0MB of dedicated system memory, and 16220MB of shared system memory, 0 output[s]
[2018.11.08-10.33.39:900][  0]LogD3D12RHI: Chosen D3D12 Adapter Id = 0
[2018.11.08-10.33.39:908][  0]LogD3D12RHI: Emitting draw events for PIX profiling.
[2018.11.08-10.33.39:973][  0]LogD3D12RHI: The system supports ID3D12Device1.
[2018.11.08-10.33.39:973][  0]LogD3D12RHI: The system supports ID3D12Device2.
[2018.11.08-10.33.40:021][  0]LogD3D12RHI: Warning: NumQueriesInBatch is not used in FD3D12QueryHeap::StartQueryBatch(), this helpful warning exists to remind you about that. Remove it when this is fixed.
[2018.11.08-10.33.40:108][  0]LogD3D12RHI: Creating Pipeline Library from existing disk cache (1107 KiB).
[2018.11.08-10.33.40:110][  0]LogD3D12RHI: Reading 174 Graphics PSO(s) from the disk cache.
[2018.11.08-10.33.40:111][  0]LogD3D12RHI: Display: Root signature created where the root parameters take up 23 DWORDS. Using more than 12 DWORDs can negatively impact performance depending on the hardware and root parameter usage.
[2018.11.08-10.33.40:111][  0]LogD3D12RHI: Display: Root signature created where the root parameters take up 19 DWORDS. Using more than 12 DWORDs can negatively impact performance depending on the hardware and root parameter usage.
[2018.11.08-10.33.40:112][  0]LogD3D12RHI: Display: Root signature created where the root parameters take up 19 DWORDS. Using more than 12 DWORDs can negatively impact performance depending on the hardware and root parameter usage.
[2018.11.08-10.33.40:112][  0]LogD3D12RHI: Display: Root signature created where the root parameters take up 13 DWORDS. Using more than 12 DWORDs can negatively impact performance depending on the hardware and root parameter usage.
[2018.11.08-10.33.40:112][  0]LogD3D12RHI: Display: Root signature created where the root parameters take up 15 DWORDS. Using more than 12 DWORDs can negatively impact performance depending on the hardware and root parameter usage.
[2018.11.08-10.33.40:113][  0]LogD3D12RHI: Display: Root signature created where the root parameters take up 13 DWORDS. Using more than 12 DWORDs can negatively impact performance depending on the hardware and root parameter usage.
[2018.11.08-10.33.40:114][  0]LogD3D12RHI: Display: Root signature created where the root parameters take up 29 DWORDS. Using more than 12 DWORDs can negatively impact performance depending on the hardware and root parameter usage.
[2018.11.08-10.33.40:115][  0]LogD3D12RHI: Display: Root signature created where the root parameters take up 17 DWORDS. Using more than 12 DWORDs can negatively impact performance depending on the hardware and root parameter usage.
[2018.11.08-10.33.40:118][  0]LogD3D12RHI: Display: Root signature created where the root parameters take up 15 DWORDS. Using more than 12 DWORDs can negatively impact performance depending on the hardware and root parameter usage.
[2018.11.08-10.33.40:119][  0]LogD3D12RHI: Display: Root signature created where the root parameters take up 13 DWORDS. Using more than 12 DWORDs can negatively impact performance depending on the hardware and root parameter usage.
[2018.11.08-10.33.40:121][  0]LogD3D12RHI: Display: Root signature created where the root parameters take up 15 DWORDS. Using more than 12 DWORDs can negatively impact performance depending on the hardware and root parameter usage.
[2018.11.08-10.33.40:124][  0]LogD3D12RHI: Display: Root signature created where the root parameters take up 21 DWORDS. Using more than 12 DWORDs can negatively impact performance depending on the hardware and root parameter usage.
[2018.11.08-10.33.40:125][  0]LogD3D12RHI: Reading 3 Compute PSO(s) from the disk cache.
[2018.11.08-10.33.40:125][  0]LogD3D12RHI:     GPU DeviceId: 0x1b80 (for the marketing name, search the web for "GPU Device Id")
[2018.11.08-10.33.40:125][  0]LogWindows: EnumDisplayDevices:
[2018.11.08-10.33.40:125][  0]LogWindows:    0. 'NVIDIA GeForce GTX 1080' (P:0 D:1)
[2018.11.08-10.33.40:126][  0]LogWindows:    1. 'NVIDIA GeForce GTX 1080' (P:1 D:1)
[2018.11.08-10.33.40:126][  0]LogWindows:    2. 'NVIDIA GeForce GTX 1080' (P:0 D:0)
[2018.11.08-10.33.40:126][  0]LogWindows:    3. 'NVIDIA GeForce GTX 1080' (P:0 D:0)
[2018.11.08-10.33.40:127][  0]LogWindows: DebugString: FoundDriverCount:4 
[2018.11.08-10.33.40:127][  0]LogD3D12RHI:     Adapter Name: NVIDIA GeForce GTX 1080
[2018.11.08-10.33.40:127][  0]LogD3D12RHI:   Driver Version: 398.82 (internal:24.21.13.9882, unified:398.82)
[2018.11.08-10.33.40:127][  0]LogD3D12RHI:      Driver Date: 7-30-2018
[2018.11.08-10.33.40:127][  0]LogRHI: Texture pool is 4326 MB (70% of 6180 MB)
[2018.11.08-10.33.40:127][  0]LogD3D12RHI: Async texture creation enabled
[2018.11.08-10.33.40:139][  0]LogShaderCompilers: Guid format shader working directory is 0 characters bigger than the processId version (../../../../../UnrealSample-Varjo/VarjoSample/Intermediate/Shaders/WorkingDirectory/19320/).
[2018.11.08-10.33.40:140][  0]LogShaderCompilers: Cleaned the shader compiler working directory 'C:/Users/marku/AppData/Local/Temp/UnrealShaderWorkingDir/771184BF48D5D8B798FAA9803629691D/'.
[2018.11.08-10.33.40:356][  0]LogTemp: Display: Loaded TP AllDesktopTargetPlatform
[2018.11.08-10.33.40:373][  0]LogTemp: Display: Loaded TP MacClientTargetPlatform
[2018.11.08-10.33.40:392][  0]LogTemp: Display: Loaded TP MacNoEditorTargetPlatform
[2018.11.08-10.33.40:409][  0]LogTemp: Display: Loaded TP MacServerTargetPlatform
[2018.11.08-10.33.40:428][  0]LogTemp: Display: Loaded TP MacTargetPlatform
[2018.11.08-10.33.40:446][  0]LogTemp: Display: Loaded TP WindowsClientTargetPlatform
[2018.11.08-10.33.40:464][  0]LogTemp: Display: Loaded TP WindowsNoEditorTargetPlatform
[2018.11.08-10.33.40:483][  0]LogTemp: Display: Loaded TP WindowsServerTargetPlatform
[2018.11.08-10.33.40:496][  0]LogTemp: Display: Loaded TP WindowsTargetPlatform
[2018.11.08-10.33.40:557][  0]LogTemp: Display: Loaded TP AndroidTargetPlatform
[2018.11.08-10.33.40:557][  0]LogTemp: Display: Loaded TP AndroidTargetPlatform
[2018.11.08-10.33.40:557][  0]LogTemp: Display: Loaded TP AndroidTargetPlatform
[2018.11.08-10.33.40:557][  0]LogTemp: Display: Loaded TP AndroidTargetPlatform
[2018.11.08-10.33.40:558][  0]LogTemp: Display: Loaded TP AndroidTargetPlatform
[2018.11.08-10.33.40:558][  0]LogTemp: Display: Loaded TP AndroidTargetPlatform
[2018.11.08-10.33.40:558][  0]LogTemp: Display: Loaded TP AndroidTargetPlatform
[2018.11.08-10.33.40:558][  0]LogTemp: Display: Loaded TP AndroidTargetPlatform
[2018.11.08-10.33.40:558][  0]LogTemp: Display: Loaded TP AndroidTargetPlatform
[2018.11.08-10.33.40:558][  0]LogTemp: Display: Loaded TP AndroidTargetPlatform
[2018.11.08-10.33.40:558][  0]LogTemp: Display: Loaded TP AndroidTargetPlatform
[2018.11.08-10.33.40:558][  0]LogTemp: Display: Loaded TP AndroidTargetPlatform
[2018.11.08-10.33.40:558][  0]LogTemp: Display: Loaded TP AndroidTargetPlatform
[2018.11.08-10.33.40:558][  0]LogTemp: Display: Loaded TP AndroidTargetPlatform
[2018.11.08-10.33.40:558][  0]LogTemp: Display: Loaded TP AndroidTargetPlatform
[2018.11.08-10.33.40:558][  0]LogTemp: Display: Loaded TP AndroidTargetPlatform
[2018.11.08-10.33.40:558][  0]LogTemp: Display: Loaded TP AndroidTargetPlatform
[2018.11.08-10.33.40:558][  0]LogTemp: Display: Loaded TP AndroidTargetPlatform
[2018.11.08-10.33.40:566][  0]LogTemp: Display: Loaded TP HTML5TargetPlatform
[2018.11.08-10.33.40:641][  0]LogTemp: Display: Loaded TP IOSTargetPlatform
[2018.11.08-10.33.40:641][  0]LogTemp: Display: Loaded TP IOSTargetPlatform
[2018.11.08-10.33.40:666][  0]LogTemp: Display: Loaded TP TVOSTargetPlatform
[2018.11.08-10.33.40:666][  0]LogTemp: Display: Loaded TP TVOSTargetPlatform
[2018.11.08-10.33.40:679][  0]LogTemp: Display: Loaded TP LuminTargetPlatform
[2018.11.08-10.33.40:680][  0]LogTargetPlatformManager: Display: Building Assets For Windows
[2018.11.08-10.33.40:822][  0]LogXGEController: Cleaning working directory: C:/Users/marku/AppData/Local/Temp/UnrealXGEWorkingDir/
[2018.11.08-10.33.40:822][  0]LogXGEController: Cannot use XGE Controller as Incredibuild is not installed on this machine.
[2018.11.08-10.33.40:823][  0]LogShaderCompilers: Cannot use XGE Shader Compiler as Incredibuild is not installed on this machine.
[2018.11.08-10.33.40:823][  0]LogShaderCompilers: Display: Using Local Shader Compiler.
[2018.11.08-10.33.41:539][  0]LogDerivedDataCache: Display: Max Cache Size: 512 MB
[2018.11.08-10.33.41:591][  0]LogDerivedDataCache: Loaded boot cache 0.05s 68MB ../../../../../UnrealSample-Varjo/VarjoSample/DerivedDataCache/Boot.ddc.
[2018.11.08-10.33.41:592][  0]LogDerivedDataCache: Display: Loaded Boot cache: ../../../../../UnrealSample-Varjo/VarjoSample/DerivedDataCache/Boot.ddc
[2018.11.08-10.33.41:592][  0]LogDerivedDataCache: FDerivedDataBackendGraph:  Pak pak cache file ../../../../../UnrealSample-Varjo/VarjoSample/DerivedDataCache/DDC.ddp not found, will not use a pak cache.
[2018.11.08-10.33.41:592][  0]LogDerivedDataCache: Unable to find inner node Pak for hierarchical cache Hierarchy.
[2018.11.08-10.33.41:592][  0]LogDerivedDataCache: FDerivedDataBackendGraph:  EnginePak pak cache file ../../../Engine/DerivedDataCache/DDC.ddp not found, will not use a pak cache.
[2018.11.08-10.33.41:592][  0]LogDerivedDataCache: Unable to find inner node EnginePak for hierarchical cache Hierarchy.
[2018.11.08-10.33.41:605][  0]LogDerivedDataCache: Using Local data cache path ../../../Engine/DerivedDataCache: Writable
[2018.11.08-10.33.41:605][  0]LogDerivedDataCache: Shared data cache path not found in *engine.ini, will not use an Shared cache.
[2018.11.08-10.33.41:605][  0]LogDerivedDataCache: Unable to find inner node Shared for hierarchical cache Hierarchy.
[2018.11.08-10.33.41:623][  0]LogMaterial: Verifying Global Shaders for PCD3D_SM5
[2018.11.08-10.33.41:624][  0]LogSlate: Using FreeType 2.6.0
[2018.11.08-10.33.41:625][  0]LogSlate: SlateFontServices - WITH_FREETYPE: 1, WITH_HARFBUZZ: 1
[2018.11.08-10.33.41:694][  0]LogAssetRegistry: FAssetRegistry took 0.0274 seconds to start up
[2018.11.08-10.33.41:966][  0]LogInit: Selected Device Profile: [Windows]
[2018.11.08-10.33.42:146][  0]LogMeshReduction: Using ProxyLODMeshReduction for automatic mesh merging
[2018.11.08-10.33.42:146][  0]LogMeshReduction: Using QuadricMeshReduction for automatic static mesh reduction
[2018.11.08-10.33.42:146][  0]LogMeshReduction: No automatic skeletal mesh reduction module available
[2018.11.08-10.33.42:146][  0]LogMeshReduction: No distributed automatic mesh merging module available
[2018.11.08-10.33.42:146][  0]LogMeshMerging: No distributed automatic mesh merging module available
[2018.11.08-10.33.42:163][  0]LogNetVersion: VarjoSample 1.0.0, NetCL: 0, EngineNetVer: 5, GameNetVer: 0 (Checksum: 362775630)
[2018.11.08-10.33.42:617][  0]LogPackageLocalizationCache: Processed 10 localized package path(s) for 2 prioritized culture(s) in 0.114210 seconds
[2018.11.08-10.33.42:625][  0]LogUObjectArray: 37943 objects as part of root set at end of initial load.
[2018.11.08-10.33.42:626][  0]LogUObjectAllocator: 6602560 out of 0 bytes used by permanent object pool.
[2018.11.08-10.33.42:626][  0]LogUObjectArray: CloseDisregardForGC: 0/0 objects in disregard for GC pool
[2018.11.08-10.33.43:039][  0]LogStreaming: Warning: Failed to read file '../../../Engine/Content/Editor/Slate/Launcher/Mac/Platform_Mac_24x.png' error.
[2018.11.08-10.33.43:039][  0]LogSlate: Could not find file for Slate resource: ../../../Engine/Content/Editor/Slate/Launcher/Mac/Platform_Mac_24x.png
[2018.11.08-10.33.43:039][  0]LogStreaming: Warning: Failed to read file '../../../Engine/Content/Editor/Slate/Launcher/Mac/Platform_Mac_128x.png' error.
[2018.11.08-10.33.43:039][  0]LogSlate: Could not find file for Slate resource: ../../../Engine/Content/Editor/Slate/Launcher/Mac/Platform_Mac_128x.png
[2018.11.08-10.33.43:039][  0]LogStreaming: Warning: Failed to read file '../../../Engine/Content/Editor/Slate/Launcher/Mac/Platform_Mac_128x.png' error.
[2018.11.08-10.33.43:039][  0]LogSlate: Could not find file for Slate resource: ../../../Engine/Content/Editor/Slate/Launcher/Mac/Platform_Mac_128x.png
[2018.11.08-10.33.43:039][  0]LogStreaming: Warning: Failed to read file '../../../Engine/Content/Editor/Slate/Launcher/Mac/Platform_Mac_24x.png' error.
[2018.11.08-10.33.43:039][  0]LogSlate: Could not find file for Slate resource: ../../../Engine/Content/Editor/Slate/Launcher/Mac/Platform_Mac_24x.png
[2018.11.08-10.33.43:040][  0]LogStreaming: Warning: Failed to read file '../../../Engine/Content/Editor/Slate/Launcher/Mac/Platform_Mac_128x.png' error.
[2018.11.08-10.33.43:040][  0]LogSlate: Could not find file for Slate resource: ../../../Engine/Content/Editor/Slate/Launcher/Mac/Platform_Mac_128x.png
[2018.11.08-10.33.43:040][  0]LogStreaming: Warning: Failed to read file '../../../Engine/Content/Editor/Slate/Launcher/Mac/Platform_Mac_128x.png' error.
[2018.11.08-10.33.43:040][  0]LogSlate: Could not find file for Slate resource: ../../../Engine/Content/Editor/Slate/Launcher/Mac/Platform_Mac_128x.png
[2018.11.08-10.33.43:040][  0]LogStreaming: Warning: Failed to read file '../../../Engine/Content/Editor/Slate/Launcher/Mac/Platform_Mac_24x.png' error.
[2018.11.08-10.33.43:040][  0]LogSlate: Could not find file for Slate resource: ../../../Engine/Content/Editor/Slate/Launcher/Mac/Platform_Mac_24x.png
[2018.11.08-10.33.43:040][  0]LogStreaming: Warning: Failed to read file '../../../Engine/Content/Editor/Slate/Launcher/Mac/Platform_Mac_128x.png' error.
[2018.11.08-10.33.43:040][  0]LogSlate: Could not find file for Slate resource: ../../../Engine/Content/Editor/Slate/Launcher/Mac/Platform_Mac_128x.png
[2018.11.08-10.33.43:040][  0]LogStreaming: Warning: Failed to read file '../../../Engine/Content/Editor/Slate/Launcher/Mac/Platform_Mac_128x.png' error.
[2018.11.08-10.33.43:040][  0]LogSlate: Could not find file for Slate resource: ../../../Engine/Content/Editor/Slate/Launcher/Mac/Platform_Mac_128x.png
[2018.11.08-10.33.43:040][  0]LogStreaming: Warning: Failed to read file '../../../Engine/Content/Editor/Slate/Launcher/Mac/Platform_Mac_24x.png' error.
[2018.11.08-10.33.43:040][  0]LogSlate: Could not find file for Slate resource: ../../../Engine/Content/Editor/Slate/Launcher/Mac/Platform_Mac_24x.png
[2018.11.08-10.33.43:040][  0]LogStreaming: Warning: Failed to read file '../../../Engine/Content/Editor/Slate/Launcher/Mac/Platform_Mac_128x.png' error.
[2018.11.08-10.33.43:041][  0]LogSlate: Could not find file for Slate resource: ../../../Engine/Content/Editor/Slate/Launcher/Mac/Platform_Mac_128x.png
[2018.11.08-10.33.43:041][  0]LogStreaming: Warning: Failed to read file '../../../Engine/Content/Editor/Slate/Launcher/Mac/Platform_Mac_128x.png' error.
[2018.11.08-10.33.43:041][  0]LogSlate: Could not find file for Slate resource: ../../../Engine/Content/Editor/Slate/Launcher/Mac/Platform_Mac_128x.png
[2018.11.08-10.33.43:041][  0]LogStreaming: Warning: Failed to read file '../../../Engine/Content/Editor/Slate/Launcher/Linux/Platform_Linux_24x.png' error.
[2018.11.08-10.33.43:041][  0]LogSlate: Could not find file for Slate resource: ../../../Engine/Content/Editor/Slate/Launcher/Linux/Platform_Linux_24x.png
[2018.11.08-10.33.43:041][  0]LogStreaming: Warning: Failed to read file '../../../Engine/Content/Editor/Slate/Launcher/Linux/Platform_Linux_128x.png' error.
[2018.11.08-10.33.43:041][  0]LogSlate: Could not find file for Slate resource: ../../../Engine/Content/Editor/Slate/Launcher/Linux/Platform_Linux_128x.png
[2018.11.08-10.33.43:041][  0]LogStreaming: Warning: Failed to read file '../../../Engine/Content/Editor/Slate/Launcher/Linux/Platform_Linux_128x.png' error.
[2018.11.08-10.33.43:041][  0]LogSlate: Could not find file for Slate resource: ../../../Engine/Content/Editor/Slate/Launcher/Linux/Platform_Linux_128x.png
[2018.11.08-10.33.43:041][  0]LogStreaming: Warning: Failed to read file '../../../Engine/Content/Editor/Slate/Launcher/Linux/Platform_Linux_24x.png' error.
[2018.11.08-10.33.43:041][  0]LogSlate: Could not find file for Slate resource: ../../../Engine/Content/Editor/Slate/Launcher/Linux/Platform_Linux_24x.png
[2018.11.08-10.33.43:041][  0]LogStreaming: Warning: Failed to read file '../../../Engine/Content/Editor/Slate/Launcher/Linux/Platform_Linux_128x.png' error.
[2018.11.08-10.33.43:041][  0]LogSlate: Could not find file for Slate resource: ../../../Engine/Content/Editor/Slate/Launcher/Linux/Platform_Linux_128x.png
[2018.11.08-10.33.43:042][  0]LogStreaming: Warning: Failed to read file '../../../Engine/Content/Editor/Slate/Launcher/Linux/Platform_Linux_128x.png' error.
[2018.11.08-10.33.43:042][  0]LogSlate: Could not find file for Slate resource: ../../../Engine/Content/Editor/Slate/Launcher/Linux/Platform_Linux_128x.png
[2018.11.08-10.33.43:042][  0]LogStreaming: Warning: Failed to read file '../../../Engine/Content/Editor/Slate/Launcher/Linux/Platform_Linux_24x.png' error.
[2018.11.08-10.33.43:042][  0]LogSlate: Could not find file for Slate resource: ../../../Engine/Content/Editor/Slate/Launcher/Linux/Platform_Linux_24x.png
[2018.11.08-10.33.43:042][  0]LogStreaming: Warning: Failed to read file '../../../Engine/Content/Editor/Slate/Launcher/Linux/Platform_Linux_128x.png' error.
[2018.11.08-10.33.43:042][  0]LogSlate: Could not find file for Slate resource: ../../../Engine/Content/Editor/Slate/Launcher/Linux/Platform_Linux_128x.png
[2018.11.08-10.33.43:042][  0]LogStreaming: Warning: Failed to read file '../../../Engine/Content/Editor/Slate/Launcher/Linux/Platform_Linux_128x.png' error.
[2018.11.08-10.33.43:042][  0]LogSlate: Could not find file for Slate resource: ../../../Engine/Content/Editor/Slate/Launcher/Linux/Platform_Linux_128x.png
[2018.11.08-10.33.43:042][  0]LogStreaming: Warning: Failed to read file '../../../Engine/Content/Editor/Slate/Launcher/Linux/Platform_Linux_24x.png' error.
[2018.11.08-10.33.43:042][  0]LogSlate: Could not find file for Slate resource: ../../../Engine/Content/Editor/Slate/Launcher/Linux/Platform_Linux_24x.png
[2018.11.08-10.33.43:042][  0]LogStreaming: Warning: Failed to read file '../../../Engine/Content/Editor/Slate/Launcher/Linux/Platform_Linux_128x.png' error.
[2018.11.08-10.33.43:042][  0]LogSlate: Could not find file for Slate resource: ../../../Engine/Content/Editor/Slate/Launcher/Linux/Platform_Linux_128x.png
[2018.11.08-10.33.43:042][  0]LogStreaming: Warning: Failed to read file '../../../Engine/Content/Editor/Slate/Launcher/Linux/Platform_Linux_128x.png' error.
[2018.11.08-10.33.43:042][  0]LogSlate: Could not find file for Slate resource: ../../../Engine/Content/Editor/Slate/Launcher/Linux/Platform_Linux_128x.png
[2018.11.08-10.33.43:043][  0]LogStreaming: Warning: Failed to read file '../../../Engine/Content/Editor/Slate/Launcher/Android/Platform_Android_24x.png' error.
[2018.11.08-10.33.43:043][  0]LogSlate: Could not find file for Slate resource: ../../../Engine/Content/Editor/Slate/Launcher/Android/Platform_Android_24x.png
[2018.11.08-10.33.43:043][  0]LogStreaming: Warning: Failed to read file '../../../Engine/Content/Editor/Slate/Launcher/Android/Platform_Android_128x.png' error.
[2018.11.08-10.33.43:043][  0]LogSlate: Could not find file for Slate resource: ../../../Engine/Content/Editor/Slate/Launcher/Android/Platform_Android_128x.png
[2018.11.08-10.33.43:043][  0]LogStreaming: Warning: Failed to read file '../../../Engine/Content/Editor/Slate/Launcher/Android/Platform_Android_128x.png' error.
[2018.11.08-10.33.43:043][  0]LogSlate: Could not find file for Slate resource: ../../../Engine/Content/Editor/Slate/Launcher/Android/Platform_Android_128x.png
[2018.11.08-10.33.43:043][  0]LogStreaming: Warning: Failed to read file '../../../Engine/Content/Editor/Slate/Launcher/Android/Platform_Android_24x.png' error.
[2018.11.08-10.33.43:043][  0]LogSlate: Could not find file for Slate resource: ../../../Engine/Content/Editor/Slate/Launcher/Android/Platform_Android_24x.png
[2018.11.08-10.33.43:044][  0]LogStreaming: Warning: Failed to read file '../../../Engine/Content/Editor/Slate/Launcher/Android/Platform_Android_128x.png' error.
[2018.11.08-10.33.43:044][  0]LogSlate: Could not find file for Slate resource: ../../../Engine/Content/Editor/Slate/Launcher/Android/Platform_Android_128x.png
[2018.11.08-10.33.43:044][  0]LogStreaming: Warning: Failed to read file '../../../Engine/Content/Editor/Slate/Launcher/Android/Platform_Android_128x.png' error.
[2018.11.08-10.33.43:044][  0]LogSlate: Could not find file for Slate resource: ../../../Engine/Content/Editor/Slate/Launcher/Android/Platform_Android_128x.png
[2018.11.08-10.33.43:044][  0]LogStreaming: Warning: Failed to read file '../../../Engine/Content/Editor/Slate/Launcher/Android/Platform_Android_ATC_24x.png' error.
[2018.11.08-10.33.43:044][  0]LogSlate: Could not find file for Slate resource: ../../../Engine/Content/Editor/Slate/Launcher/Android/Platform_Android_ATC_24x.png
[2018.11.08-10.33.43:044][  0]LogStreaming: Warning: Failed to read file '../../../Engine/Content/Editor/Slate/Launcher/Android/Platform_Android_128x.png' error.
[2018.11.08-10.33.43:044][  0]LogSlate: Could not find file for Slate resource: ../../../Engine/Content/Editor/Slate/Launcher/Android/Platform_Android_128x.png
[2018.11.08-10.33.43:044][  0]LogStreaming: Warning: Failed to read file '../../../Engine/Content/Editor/Slate/Launcher/Android/Platform_Android_128x.png' error.
[2018.11.08-10.33.43:044][  0]LogSlate: Could not find file for Slate resource: ../../../Engine/Content/Editor/Slate/Launcher/Android/Platform_Android_128x.png
[2018.11.08-10.33.43:044][  0]LogStreaming: Warning: Failed to read file '../../../Engine/Content/Editor/Slate/Launcher/Android/Platform_Android_DXT_24x.png' error.
[2018.11.08-10.33.43:044][  0]LogSlate: Could not find file for Slate resource: ../../../Engine/Content/Editor/Slate/Launcher/Android/Platform_Android_DXT_24x.png
[2018.11.08-10.33.43:044][  0]LogStreaming: Warning: Failed to read file '../../../Engine/Content/Editor/Slate/Launcher/Android/Platform_Android_128x.png' error.
[2018.11.08-10.33.43:044][  0]LogSlate: Could not find file for Slate resource: ../../../Engine/Content/Editor/Slate/Launcher/Android/Platform_Android_128x.png
[2018.11.08-10.33.43:044][  0]LogStreaming: Warning: Failed to read file '../../../Engine/Content/Editor/Slate/Launcher/Android/Platform_Android_128x.png' error.
[2018.11.08-10.33.43:045][  0]LogSlate: Could not find file for Slate resource: ../../../Engine/Content/Editor/Slate/Launcher/Android/Platform_Android_128x.png
[2018.11.08-10.33.43:045][  0]LogStreaming: Warning: Failed to read file '../../../Engine/Content/Editor/Slate/Launcher/Android/Platform_Android_ETC1_24x.png' error.
[2018.11.08-10.33.43:045][  0]LogSlate: Could not find file for Slate resource: ../../../Engine/Content/Editor/Slate/Launcher/Android/Platform_Android_ETC1_24x.png
[2018.11.08-10.33.43:045][  0]LogStreaming: Warning: Failed to read file '../../../Engine/Content/Editor/Slate/Launcher/Android/Platform_Android_128x.png' error.
[2018.11.08-10.33.43:045][  0]LogSlate: Could not find file for Slate resource: ../../../Engine/Content/Editor/Slate/Launcher/Android/Platform_Android_128x.png
[2018.11.08-10.33.43:045][  0]LogStreaming: Warning: Failed to read file '../../../Engine/Content/Editor/Slate/Launcher/Android/Platform_Android_128x.png' error.
[2018.11.08-10.33.43:045][  0]LogSlate: Could not find file for Slate resource: ../../../Engine/Content/Editor/Slate/Launcher/Android/Platform_Android_128x.png
[2018.11.08-10.33.43:045][  0]LogStreaming: Warning: Failed to read file '../../../Engine/Content/Editor/Slate/Launcher/Android/Platform_Android_ETC1_24x.png' error.
[2018.11.08-10.33.43:045][  0]LogSlate: Could not find file for Slate resource: ../../../Engine/Content/Editor/Slate/Launcher/Android/Platform_Android_ETC1_24x.png
[2018.11.08-10.33.43:045][  0]LogStreaming: Warning: Failed to read file '../../../Engine/Content/Editor/Slate/Launcher/Android/Platform_Android_128x.png' error.
[2018.11.08-10.33.43:045][  0]LogSlate: Could not find file for Slate resource: ../../../Engine/Content/Editor/Slate/Launcher/Android/Platform_Android_128x.png
[2018.11.08-10.33.43:046][  0]LogStreaming: Warning: Failed to read file '../../../Engine/Content/Editor/Slate/Launcher/Android/Platform_Android_128x.png' error.
[2018.11.08-10.33.43:046][  0]LogSlate: Could not find file for Slate resource: ../../../Engine/Content/Editor/Slate/Launcher/Android/Platform_Android_128x.png
[2018.11.08-10.33.43:046][  0]LogStreaming: Warning: Failed to read file '../../../Engine/Content/Editor/Slate/Launcher/Android/Platform_Android_ETC2_24x.png' error.
[2018.11.08-10.33.43:046][  0]LogSlate: Could not find file for Slate resource: ../../../Engine/Content/Editor/Slate/Launcher/Android/Platform_Android_ETC2_24x.png
[2018.11.08-10.33.43:046][  0]LogStreaming: Warning: Failed to read file '../../../Engine/Content/Editor/Slate/Launcher/Android/Platform_Android_128x.png' error.
[2018.11.08-10.33.43:046][  0]LogSlate: Could not find file for Slate resource: ../../../Engine/Content/Editor/Slate/Launcher/Android/Platform_Android_128x.png
[2018.11.08-10.33.43:046][  0]LogStreaming: Warning: Failed to read file '../../../Engine/Content/Editor/Slate/Launcher/Android/Platform_Android_128x.png' error.
[2018.11.08-10.33.43:046][  0]LogSlate: Could not find file for Slate resource: ../../../Engine/Content/Editor/Slate/Launcher/Android/Platform_Android_128x.png
[2018.11.08-10.33.43:046][  0]LogStreaming: Warning: Failed to read file '../../../Engine/Content/Editor/Slate/Launcher/Android/Platform_Android_PVRTC_24x.png' error.
[2018.11.08-10.33.43:046][  0]LogSlate: Could not find file for Slate resource: ../../../Engine/Content/Editor/Slate/Launcher/Android/Platform_Android_PVRTC_24x.png
[2018.11.08-10.33.43:046][  0]LogStreaming: Warning: Failed to read file '../../../Engine/Content/Editor/Slate/Launcher/Android/Platform_Android_128x.png' error.
[2018.11.08-10.33.43:046][  0]LogSlate: Could not find file for Slate resource: ../../../Engine/Content/Editor/Slate/Launcher/Android/Platform_Android_128x.png
[2018.11.08-10.33.43:047][  0]LogStreaming: Warning: Failed to read file '../../../Engine/Content/Editor/Slate/Launcher/Android/Platform_Android_128x.png' error.
[2018.11.08-10.33.43:047][  0]LogSlate: Could not find file for Slate resource: ../../../Engine/Content/Editor/Slate/Launcher/Android/Platform_Android_128x.png
[2018.11.08-10.33.43:047][  0]LogStreaming: Warning: Failed to read file '../../../Engine/Content/Editor/Slate/Launcher/Android/Platform_Android_ASTC_24x.png' error.
[2018.11.08-10.33.43:047][  0]LogSlate: Could not find file for Slate resource: ../../../Engine/Content/Editor/Slate/Launcher/Android/Platform_Android_ASTC_24x.png
[2018.11.08-10.33.43:047][  0]LogStreaming: Warning: Failed to read file '../../../Engine/Content/Editor/Slate/Launcher/Android/Platform_Android_128x.png' error.
[2018.11.08-10.33.43:047][  0]LogSlate: Could not find file for Slate resource: ../../../Engine/Content/Editor/Slate/Launcher/Android/Platform_Android_128x.png
[2018.11.08-10.33.43:047][  0]LogStreaming: Warning: Failed to read file '../../../Engine/Content/Editor/Slate/Launcher/Android/Platform_Android_128x.png' error.
[2018.11.08-10.33.43:047][  0]LogSlate: Could not find file for Slate resource: ../../../Engine/Content/Editor/Slate/Launcher/Android/Platform_Android_128x.png
[2018.11.08-10.33.43:047][  0]LogStreaming: Warning: Failed to read file '../../../Engine/Content/Editor/Slate/Launcher/Android/Platform_Android_24x.png' error.
[2018.11.08-10.33.43:047][  0]LogSlate: Could not find file for Slate resource: ../../../Engine/Content/Editor/Slate/Launcher/Android/Platform_Android_24x.png
[2018.11.08-10.33.43:047][  0]LogStreaming: Warning: Failed to read file '../../../Engine/Content/Editor/Slate/Launcher/Android/Platform_Android_128x.png' error.
[2018.11.08-10.33.43:047][  0]LogSlate: Could not find file for Slate resource: ../../../Engine/Content/Editor/Slate/Launcher/Android/Platform_Android_128x.png
[2018.11.08-10.33.43:047][  0]LogStreaming: Warning: Failed to read file '../../../Engine/Content/Editor/Slate/Launcher/Android/Platform_Android_128x.png' error.
[2018.11.08-10.33.43:047][  0]LogSlate: Could not find file for Slate resource: ../../../Engine/Content/Editor/Slate/Launcher/Android/Platform_Android_128x.png
[2018.11.08-10.33.43:047][  0]LogStreaming: Warning: Failed to read file '../../../Engine/Content/Editor/Slate/Launcher/Android/Platform_Android_24x.png' error.
[2018.11.08-10.33.43:047][  0]LogSlate: Could not find file for Slate resource: ../../../Engine/Content/Editor/Slate/Launcher/Android/Platform_Android_24x.png
[2018.11.08-10.33.43:048][  0]LogStreaming: Warning: Failed to read file '../../../Engine/Content/Editor/Slate/Launcher/Android/Platform_Android_128x.png' error.
[2018.11.08-10.33.43:048][  0]LogSlate: Could not find file for Slate resource: ../../../Engine/Content/Editor/Slate/Launcher/Android/Platform_Android_128x.png
[2018.11.08-10.33.43:048][  0]LogStreaming: Warning: Failed to read file '../../../Engine/Content/Editor/Slate/Launcher/Android/Platform_Android_128x.png' error.
[2018.11.08-10.33.43:048][  0]LogSlate: Could not find file for Slate resource: ../../../Engine/Content/Editor/Slate/Launcher/Android/Platform_Android_128x.png
[2018.11.08-10.33.43:048][  0]LogStreaming: Warning: Failed to read file '../../../Engine/Content/Editor/Slate/Launcher/Android/Platform_Android_ATC_24x.png' error.
[2018.11.08-10.33.43:048][  0]LogSlate: Could not find file for Slate resource: ../../../Engine/Content/Editor/Slate/Launcher/Android/Platform_Android_ATC_24x.png
[2018.11.08-10.33.43:048][  0]LogStreaming: Warning: Failed to read file '../../../Engine/Content/Editor/Slate/Launcher/Android/Platform_Android_128x.png' error.
[2018.11.08-10.33.43:048][  0]LogSlate: Could not find file for Slate resource: ../../../Engine/Content/Editor/Slate/Launcher/Android/Platform_Android_128x.png
[2018.11.08-10.33.43:048][  0]LogStreaming: Warning: Failed to read file '../../../Engine/Content/Editor/Slate/Launcher/Android/Platform_Android_128x.png' error.
[2018.11.08-10.33.43:048][  0]LogSlate: Could not find file for Slate resource: ../../../Engine/Content/Editor/Slate/Launcher/Android/Platform_Android_128x.png
[2018.11.08-10.33.43:049][  0]LogStreaming: Warning: Failed to read file '../../../Engine/Content/Editor/Slate/Launcher/Android/Platform_Android_DXT_24x.png' error.
[2018.11.08-10.33.43:049][  0]LogSlate: Could not find file for Slate resource: ../../../Engine/Content/Editor/Slate/Launcher/Android/Platform_Android_DXT_24x.png
[2018.11.08-10.33.43:049][  0]LogStreaming: Warning: Failed to read file '../../../Engine/Content/Editor/Slate/Launcher/Android/Platform_Android_128x.png' error.
[2018.11.08-10.33.43:049][  0]LogSlate: Could not find file for Slate resource: ../../../Engine/Content/Editor/Slate/Launcher/Android/Platform_Android_128x.png
[2018.11.08-10.33.43:049][  0]LogStreaming: Warning: Failed to read file '../../../Engine/Content/Editor/Slate/Launcher/Android/Platform_Android_128x.png' error.
[2018.11.08-10.33.43:049][  0]LogSlate: Could not find file for Slate resource: ../../../Engine/Content/Editor/Slate/Launcher/Android/Platform_Android_128x.png
[2018.11.08-10.33.43:049][  0]LogStreaming: Warning: Failed to read file '../../../Engine/Content/Editor/Slate/Launcher/Android/Platform_Android_ETC1_24x.png' error.
[2018.11.08-10.33.43:049][  0]LogSlate: Could not find file for Slate resource: ../../../Engine/Content/Editor/Slate/Launcher/Android/Platform_Android_ETC1_24x.png
[2018.11.08-10.33.43:049][  0]LogStreaming: Warning: Failed to read file '../../../Engine/Content/Editor/Slate/Launcher/Android/Platform_Android_128x.png' error.
[2018.11.08-10.33.43:049][  0]LogSlate: Could not find file for Slate resource: ../../../Engine/Content/Editor/Slate/Launcher/Android/Platform_Android_128x.png
[2018.11.08-10.33.43:049][  0]LogStreaming: Warning: Failed to read file '../../../Engine/Content/Editor/Slate/Launcher/Android/Platform_Android_128x.png' error.
[2018.11.08-10.33.43:050][  0]LogSlate: Could not find file for Slate resource: ../../../Engine/Content/Editor/Slate/Launcher/Android/Platform_Android_128x.png
[2018.11.08-10.33.43:050][  0]LogStreaming: Warning: Failed to read file '../../../Engine/Content/Editor/Slate/Launcher/Android/Platform_Android_ETC1_24x.png' error.
[2018.11.08-10.33.43:050][  0]LogSlate: Could not find file for Slate resource: ../../../Engine/Content/Editor/Slate/Launcher/Android/Platform_Android_ETC1_24x.png
[2018.11.08-10.33.43:050][  0]LogStreaming: Warning: Failed to read file '../../../Engine/Content/Editor/Slate/Launcher/Android/Platform_Android_128x.png' error.
[2018.11.08-10.33.43:050][  0]LogSlate: Could not find file for Slate resource: ../../../Engine/Content/Editor/Slate/Launcher/Android/Platform_Android_128x.png
[2018.11.08-10.33.43:050][  0]LogStreaming: Warning: Failed to read file '../../../Engine/Content/Editor/Slate/Launcher/Android/Platform_Android_128x.png' error.
[2018.11.08-10.33.43:050][  0]LogSlate: Could not find file for Slate resource: ../../../Engine/Content/Editor/Slate/Launcher/Android/Platform_Android_128x.png
[2018.11.08-10.33.43:050][  0]LogStreaming: Warning: Failed to read file '../../../Engine/Content/Editor/Slate/Launcher/Android/Platform_Android_ETC2_24x.png' error.
[2018.11.08-10.33.43:050][  0]LogSlate: Could not find file for Slate resource: ../../../Engine/Content/Editor/Slate/Launcher/Android/Platform_Android_ETC2_24x.png
[2018.11.08-10.33.43:050][  0]LogStreaming: Warning: Failed to read file '../../../Engine/Content/Editor/Slate/Launcher/Android/Platform_Android_128x.png' error.
[2018.11.08-10.33.43:050][  0]LogSlate: Could not find file for Slate resource: ../../../Engine/Content/Editor/Slate/Launcher/Android/Platform_Android_128x.png
[2018.11.08-10.33.43:051][  0]LogStreaming: Warning: Failed to read file '../../../Engine/Content/Editor/Slate/Launcher/Android/Platform_Android_128x.png' error.
[2018.11.08-10.33.43:051][  0]LogSlate: Could not find file for Slate resource: ../../../Engine/Content/Editor/Slate/Launcher/Android/Platform_Android_128x.png
[2018.11.08-10.33.43:051][  0]LogStreaming: Warning: Failed to read file '../../../Engine/Content/Editor/Slate/Launcher/Android/Platform_Android_PVRTC_24x.png' error.
[2018.11.08-10.33.43:051][  0]LogSlate: Could not find file for Slate resource: ../../../Engine/Content/Editor/Slate/Launcher/Android/Platform_Android_PVRTC_24x.png
[2018.11.08-10.33.43:051][  0]LogStreaming: Warning: Failed to read file '../../../Engine/Content/Editor/Slate/Launcher/Android/Platform_Android_128x.png' error.
[2018.11.08-10.33.43:051][  0]LogSlate: Could not find file for Slate resource: ../../../Engine/Content/Editor/Slate/Launcher/Android/Platform_Android_128x.png
[2018.11.08-10.33.43:051][  0]LogStreaming: Warning: Failed to read file '../../../Engine/Content/Editor/Slate/Launcher/Android/Platform_Android_128x.png' error.
[2018.11.08-10.33.43:051][  0]LogSlate: Could not find file for Slate resource: ../../../Engine/Content/Editor/Slate/Launcher/Android/Platform_Android_128x.png
[2018.11.08-10.33.43:051][  0]LogStreaming: Warning: Failed to read file '../../../Engine/Content/Editor/Slate/Launcher/Android/Platform_Android_ASTC_24x.png' error.
[2018.11.08-10.33.43:051][  0]LogSlate: Could not find file for Slate resource: ../../../Engine/Content/Editor/Slate/Launcher/Android/Platform_Android_ASTC_24x.png
[2018.11.08-10.33.43:051][  0]LogStreaming: Warning: Failed to read file '../../../Engine/Content/Editor/Slate/Launcher/Android/Platform_Android_128x.png' error.
[2018.11.08-10.33.43:052][  0]LogSlate: Could not find file for Slate resource: ../../../Engine/Content/Editor/Slate/Launcher/Android/Platform_Android_128x.png
[2018.11.08-10.33.43:052][  0]LogStreaming: Warning: Failed to read file '../../../Engine/Content/Editor/Slate/Launcher/Android/Platform_Android_128x.png' error.
[2018.11.08-10.33.43:052][  0]LogSlate: Could not find file for Slate resource: ../../../Engine/Content/Editor/Slate/Launcher/Android/Platform_Android_128x.png
[2018.11.08-10.33.43:672][  0]LogTcpMessaging: Initializing TcpMessaging bridge
[2018.11.08-10.33.43:694][  0]LogUdpMessaging: Initializing bridge on interface 0.0.0.0:0 to multicast group 230.0.0.1:6666.
[2018.11.08-10.33.43:927][  0]SourceControl: Source control is disabled
[2018.11.08-10.33.43:927][  0]SourceControl: Source control is disabled
[2018.11.08-10.33.43:938][  0]SourceControl: Source control is disabled
[2018.11.08-10.33.43:944][  0]SourceControl: Source control is disabled
[2018.11.08-10.33.44:362][  0]LogAndroidPermission: UAndroidPermissionCallbackProxy::GetInstance
[2018.11.08-10.33.44:636][  0]LogEngine: Initializing Engine...
[2018.11.08-10.33.44:687][  0]LogStats: UGameplayTagsManager::ConstructGameplayTagTree: ImportINI prefixes -  0.000 s
[2018.11.08-10.33.44:687][  0]LogStats: UGameplayTagsManager::ConstructGameplayTagTree: Construct from data asset -  0.000 s
[2018.11.08-10.33.44:687][  0]LogStats: UGameplayTagsManager::ConstructGameplayTagTree: ImportINI -  0.000 s
[2018.11.08-10.33.44:687][  0]LogStats: UGameplayTagsManager::ConstructGameplayTagTree: GameplayTagTreeChangedEvent.Broadcast -  0.000 s
[2018.11.08-10.33.44:865][  0]LogInit: Initializing FReadOnlyCVARCache
[2018.11.08-10.33.44:888][  0]LogAIModule: Creating AISystem for world Untitled
[2018.11.08-10.33.44:938][  0]LogInit: XAudio2 using 'Speakers (Realtek High Definition Audio)' : 6 channels at 48 kHz using 32 bits per sample (channel mask 0x3f)
[2018.11.08-10.33.45:004][  0]LogInit: FAudioDevice initialized.
[2018.11.08-10.33.45:004][  0]LogNetVersion: Set ProjectVersion to 1.0.0.0. Version Checksum will be recalculated on next use.
[2018.11.08-10.33.45:047][  0]LogDerivedDataCache: Saved boot cache 0.04s 68MB ../../../../../UnrealSample-Varjo/VarjoSample/DerivedDataCache/Boot.ddc.
[2018.11.08-10.33.45:057][  0]LogInit: Texture streaming: Enabled
[2018.11.08-10.33.45:097][  0]LogEngineSessionManager: EngineSessionManager initialized
[2018.11.08-10.33.45:114][  0]LogInit: Transaction tracking system initialized
[2018.11.08-10.33.45:179][  0]BlueprintLog: New page: Editor Load
[2018.11.08-10.33.45:420][  0]LocalizationService: Localization service is disabled
[2018.11.08-10.33.45:766][  0]LogCook: Display: Max memory allowance for cook 16384mb min free memory 0mb
[2018.11.08-10.33.45:767][  0]LogCook: Display: Mobile HDR setting 1
[2018.11.08-10.33.45:767][  0]LogGameplayTags: Display: UGameplayTagsManager::DoneAddingNativeTags. DelegateIsBound: 0
[2018.11.08-10.33.45:767][  0]LogStats: UGameplayTagsManager::ConstructGameplayTagTree: ImportINI prefixes -  0.000 s
[2018.11.08-10.33.45:767][  0]LogStats: UGameplayTagsManager::ConstructGameplayTagTree: Construct from data asset -  0.000 s
[2018.11.08-10.33.45:767][  0]LogStats: UGameplayTagsManager::ConstructGameplayTagTree: ImportINI -  0.000 s
[2018.11.08-10.33.45:768][  0]LogStats: UGameplayTagsManager::ConstructGameplayTagTree: GameplayTagTreeChangedEvent.Broadcast -  0.000 s
[2018.11.08-10.33.46:086][  0]LogFileCache: Scanning file cache for directory 'C:/Users/marku/UnrealSample-Varjo/VarjoSample/Content/' took 0.02s
[2018.11.08-10.33.46:087][  0]SourceControl: Source control is disabled
[2018.11.08-10.33.46:087][  0]Cmd: MAP LOAD FILE="../../../../../UnrealSample-Varjo/VarjoSample/Content/StarterContent/Maps/Minimal_Default.umap" TEMPLATE=0 SHOWPROGRESS=1 FEATURELEVEL=3
[2018.11.08-10.33.46:088][  0]LightingResults: New page: Lighting Build
[2018.11.08-10.33.46:093][  0]MapCheck: New page: Map Check
[2018.11.08-10.33.46:093][  0]LightingResults: New page: Lighting Build
[2018.11.08-10.33.46:401][  0]LogAIModule: Creating AISystem for world Minimal_Default
[2018.11.08-10.33.46:408][  0]LogEditorServer: Finished looking for orphan Actors (0.000 secs)
[2018.11.08-10.33.46:441][  0]Cmd: MAP CHECKDEP NOCLEARLOG
[2018.11.08-10.33.46:501][  0]MapCheck: Map check complete: 0 Error(s), 0 Warning(s), took 59.897ms to complete.
[2018.11.08-10.33.46:501][  0]LogFileHelpers: Loading map 'Minimal_Default' took 0.414
[2018.11.08-10.33.46:613][  0]LogSlate: Updating window title bar state: overlay mode, drag disabled, window buttons hidden, title bar hidden
[2018.11.08-10.33.46:620][  0]LogSlate: Updating window title bar state: overlay mode, drag disabled, window buttons hidden, title bar hidden
[2018.11.08-10.33.46:628][  0]LogSlate: Updating window title bar state: overlay mode, drag disabled, window buttons hidden, title bar hidden
[2018.11.08-10.33.46:636][  0]LogSlate: Updating window title bar state: overlay mode, drag disabled, window buttons hidden, title bar hidden
[2018.11.08-10.33.46:649][  0]LogCollectionManager: Loaded 0 collections in 0.002462 seconds
[2018.11.08-10.33.46:700][  0]LogFileCache: Scanning file cache for directory 'C:/Users/marku/UnrealSample-Varjo/VarjoSample/Saved/Collections/' took 0.01s
[2018.11.08-10.33.46:700][  0]LogFileCache: Scanning file cache for directory 'C:/Users/marku/UnrealSample-Varjo/VarjoSample/Content/Developers/marku/Collections/' took 0.01s
[2018.11.08-10.33.46:700][  0]LogFileCache: Scanning file cache for directory 'C:/Users/marku/UnrealSample-Varjo/VarjoSample/Content/Collections/' took 0.01s
[2018.11.08-10.33.46:700][  0]LogCollectionManager: Rebuilt the GUID cache for 0 collections in 0.000001 seconds
[2018.11.08-10.33.46:709][  0]LogContentBrowser: Native class hierarchy populated in 0.0087 seconds. Added 2568 classes and 599 folders.
[2018.11.08-10.33.46:717][  0]LogContentBrowser: Native class hierarchy updated for 'WidgetCarousel' in 0.0004 seconds. Added 0 classes and 0 folders.
[2018.11.08-10.33.46:760][  0]LogContentBrowser: Native class hierarchy updated for 'AddContentDialog' in 0.0003 seconds. Added 0 classes and 0 folders.
[2018.11.08-10.33.46:776][  0]LogContentBrowser: Native class hierarchy updated for 'SceneOutliner' in 0.0004 seconds. Added 1 classes and 2 folders.
[2018.11.08-10.33.46:812][  0]LogSlate: Took 0.000179 seconds to synchronously load lazily loaded font '../../../Engine/Content/Slate/Fonts/Roboto-Regular.ttf' (155K)
[2018.11.08-10.33.46:814][  0]LogSlate: Took 0.000188 seconds to synchronously load lazily loaded font '../../../Engine/Content/Slate/Fonts/Roboto-Bold.ttf' (160K)
[2018.11.08-10.33.46:819][  0]LogSlate: Took 0.000216 seconds to synchronously load lazily loaded font '../../../Engine/Content/Editor/Slate/Fonts/FontAwesome.ttf' (139K)
[2018.11.08-10.33.46:820][  0]LogSlate: Took 0.000166 seconds to synchronously load lazily loaded font '../../../Engine/Content/Slate/Fonts/DroidSansMono.ttf' (77K)
[2018.11.08-10.33.46:932][  0]LogRenderer: Reallocating scene render targets to support 1616x816 Format 10 NumSamples 1 (Frame:1).
[2018.11.08-10.33.47:082][  0]LogContentBrowser: Native class hierarchy updated for 'HierarchicalLODOutliner' in 0.0004 seconds. Added 0 classes and 0 folders.
[2018.11.08-10.33.47:082][  0]LogLoad: (Engine Initialization) Total time: 10.62 seconds
[2018.11.08-10.33.47:082][  0]LogLoad: (Engine Initialization) Total Blueprint compile time: 0.00 seconds
[2018.11.08-10.33.47:092][  0]LogWindowsTextInputMethodSystem: Display: IME system now deactivated.
[2018.11.08-10.33.47:119][  0]LogContentStreaming: Texture pool size now 1000 MB
[2018.11.08-10.33.47:165][  1]LogAssetRegistry: Asset discovery search completed in 5.4954 seconds
[2018.11.08-10.33.47:166][  1]LogCollectionManager: Rebuilt the object cache for 0 collections in 0.000005 seconds (found 0 objects)
[2018.11.08-10.33.47:167][  1]LogCollectionManager: Fixed up redirectors for 0 collections in 0.000331 seconds (updated 0 objects)
[2018.11.08-10.34.30:084][117]LogSlate: FSceneViewport::OnFocusLost() reason 0
[2018.11.08-10.34.30:158][126]LogTemp: Repeating last play command: VR Preview
[2018.11.08-10.34.30:175][126]LogBlueprintUserMessages: Early PlayInEditor Detection: Level '/Game/StarterContent/Maps/Minimal_Default.Minimal_Default:PersistentLevel' has LevelScriptBlueprint '/Game/StarterContent/Maps/Minimal_Default.Minimal_Default:PersistentLevel.Minimal_Default' with GeneratedClass '/Game/StarterContent/Maps/Minimal_Default.Minimal_Default_C' with ClassGeneratedBy '/Game/StarterContent/Maps/Minimal_Default.Minimal_Default:PersistentLevel.Minimal_Default'
[2018.11.08-10.34.30:176][126]LogPlayLevel: PlayLevel: No blueprints needed recompiling
[2018.11.08-10.34.30:192][126]PIE: New page: PIE session: Minimal_Default (Nov 8, 2018, 2:34:30 PM)
[2018.11.08-10.34.30:192][126]LogPlayLevel: Creating play world package: /Game/StarterContent/Maps/UEDPIE_0_Minimal_Default
[2018.11.08-10.34.30:196][126]LogPlayLevel: PIE: StaticDuplicateObject took: (0.004187s)
[2018.11.08-10.34.30:198][126]LogAIModule: Creating AISystem for world Minimal_Default
[2018.11.08-10.34.30:198][126]LogPlayLevel: PIE: World Init took: (0.001340s)
[2018.11.08-10.34.30:198][126]LogPlayLevel: PIE: Created PIE world by copying editor world from /Game/StarterContent/Maps/Minimal_Default.Minimal_Default to /Game/StarterContent/Maps/UEDPIE_0_Minimal_Default.Minimal_Default (0.006290s)
[2018.11.08-10.34.30:282][126]LogInit: XAudio2 using 'Speakers (Realtek High Definition Audio)' : 6 channels at 48 kHz using 32 bits per sample (channel mask 0x3f)
[2018.11.08-10.34.30:339][126]LogInit: FAudioDevice initialized.
[2018.11.08-10.34.30:357][126]LogSlate: Updating window title bar state: overlay mode, drag disabled, window buttons hidden, title bar hidden
