Log file open, 10/10/18 10:10:31
LogWindows: Failed to load 'aqProf.dll' (GetLastError=126)
LogWindows: File 'aqProf.dll' does not exist
LogWindows: Failed to load 'VtuneApi.dll' (GetLastError=126)
LogWindows: File 'VtuneApi.dll' does not exist
LogWindows: Failed to load 'VtuneApi32e.dll' (GetLastError=126)
LogWindows: File 'VtuneApi32e.dll' does not exist
LogInit: Display: Running engine for game: VarjoSample
LogPlatformFile: Not using cached read wrapper
LogTaskGraph: Started task graph with 5 named threads and 47 total threads with 3 sets of task threads.
LogStats: Stats thread started at 1.166008
LogD3D11RHI: Loaded GFSDK_Aftermath_Lib.x64.dll
LogICUInternationalization: Display: ICU TimeZone Detection - Raw Offset: +2:00, Platform Override: ''
LogPluginManager: Mounting plugin Paper2D
LogPluginManager: Mounting plugin AISupport
LogPluginManager: Mounting plugin LightPropagationVolume
LogPluginManager: Mounting plugin CLionSourceCodeAccess
LogPluginManager: Mounting plugin CodeLiteSourceCodeAccess
LogPluginManager: Mounting plugin GitSourceControl
LogPluginManager: Mounting plugin KDevelopSourceCodeAccess
LogPluginManager: Mounting plugin NullSourceCodeAccess
LogPluginManager: Mounting plugin PerforceSourceControl
LogPluginManager: Mounting plugin SubversionSourceControl
LogPluginManager: Mounting plugin UObjectPlugin
LogPluginManager: Mounting plugin VisualStudioCodeSourceCodeAccess
LogPluginManager: Mounting plugin VisualStudioSourceCodeAccess
LogPluginManager: Mounting plugin XCodeSourceCodeAccess
LogPluginManager: Mounting plugin AssetManagerEditor
LogPluginManager: Mounting plugin CryptoKeys
LogPluginManager: Mounting plugin DataValidation
LogPluginManager: Mounting plugin FacialAnimation
LogPluginManager: Mounting plugin GameplayTagsEditor
LogPluginManager: Mounting plugin MacGraphicsSwitching
LogPluginManager: Mounting plugin MeshEditor
LogPluginManager: Mounting plugin MobileLauncherProfileWizard
LogPluginManager: Mounting plugin PluginBrowser
LogPluginManager: Mounting plugin SpeedTreeImporter
LogPluginManager: Mounting plugin DatasmithContent
LogPluginManager: Mounting plugin AlembicImporter
LogPluginManager: Mounting plugin AppleImageUtils
LogPluginManager: Mounting plugin AppleVision
LogPluginManager: Mounting plugin BackChannel
LogPluginManager: Mounting plugin CharacterAI
LogPluginManager: Mounting plugin GeometryCache
LogPluginManager: Mounting plugin HTML5Networking
LogPluginManager: Mounting plugin ProxyLODPlugin
LogPluginManager: Mounting plugin MagicLeap
LogPluginManager: Mounting plugin MagicLeapEmulator
LogPluginManager: Mounting plugin MagicLeapMedia
LogPluginManager: Mounting plugin AndroidMedia
LogPluginManager: Mounting plugin AvfMedia
LogPluginManager: Mounting plugin ImgMedia
LogPluginManager: Mounting plugin LinearTimecode
LogPluginManager: Mounting plugin MediaCompositing
LogPluginManager: Mounting plugin MediaPlayerEditor
LogPluginManager: Mounting plugin WmfMedia
LogPluginManager: Mounting plugin TcpMessaging
LogPluginManager: Mounting plugin UdpMessaging
LogPluginManager: Mounting plugin ActorSequence
LogPluginManager: Mounting plugin LevelSequenceEditor
LogPluginManager: Mounting plugin MatineeToLevelSequence
LogPluginManager: Mounting plugin NetcodeUnitTest
LogPluginManager: Mounting plugin NUTUnrealEngine4
LogPluginManager: Mounting plugin OnlineSubsystemGooglePlay
LogPluginManager: Mounting plugin OnlineSubsystemIOS
LogPluginManager: Mounting plugin OnlineSubsystem
LogPluginManager: Mounting plugin OnlineSubsystemNull
LogPluginManager: Mounting plugin OnlineSubsystemUtils
LogPluginManager: Mounting plugin LauncherChunkInstaller
LogPluginManager: Mounting plugin AndroidDeviceProfileSelector
LogPluginManager: Mounting plugin AndroidMoviePlayer
LogPluginManager: Mounting plugin AndroidPermission
LogPluginManager: Mounting plugin AppleMoviePlayer
LogPluginManager: Mounting plugin ArchVisCharacter
LogPluginManager: Mounting plugin AudioCapture
LogPluginManager: Mounting plugin CableComponent
LogPluginManager: Mounting plugin CustomMeshComponent
LogPluginManager: Mounting plugin EditableMesh
LogPluginManager: Mounting plugin ExampleDeviceProfileSelector
LogPluginManager: Mounting plugin GoogleCloudMessaging
LogPluginManager: Mounting plugin ImmediatePhysics
LogPluginManager: Mounting plugin IOSDeviceProfileSelector
LogPluginManager: Mounting plugin LinuxDeviceProfileSelector
LogPluginManager: Mounting plugin LocationServicesBPLibrary
LogPluginManager: Mounting plugin MobilePatchingUtils
LogPluginManager: Mounting plugin PhysXVehicles
LogPluginManager: Mounting plugin ProceduralMeshComponent
LogPluginManager: Mounting plugin RuntimePhysXCooking
LogPluginManager: Mounting plugin VarjoHMD
LogPluginManager: Mounting plugin WindowsMoviePlayer
LogStreaming: Display: Took  0.129s to configure plugins.
LogInit: Using libcurl 7.55.1-DEV
LogInit:  - built for x86_64-pc-win32
LogInit:  - supports SSL with OpenSSL/1.0.2h
LogInit:  - supports HTTP deflate (compression) using libz 1.2.8
LogInit:  - other features:
LogInit:      CURL_VERSION_SSL
LogInit:      CURL_VERSION_LIBZ
LogInit:      CURL_VERSION_IPV6
LogInit:      CURL_VERSION_ASYNCHDNS
LogInit:      CURL_VERSION_LARGEFILE
LogInit:      CURL_VERSION_IDN
LogInit:  CurlRequestOptions (configurable via config and command line):
LogInit:  - bVerifyPeer = false  - Libcurl will NOT verify peer certificate
LogInit:  - bUseHttpProxy = false  - Libcurl will NOT use HTTP proxy
LogInit:  - bDontReuseConnections = false  - Libcurl will reuse connections
LogInit:  - CertBundlePath = nullptr  - Libcurl will use whatever was configured at build time.
LogInit:  - MaxHostConnections = 16  - Libcurl will limit the number of connections to a host
LogInit:  - LocalHostAddr = Default
LogInit:  - BufferSize = 65536
LogInit: WinSock: version 1.1 (2.2), MaxSocks=32767, MaxUdp=65467
LogInit: Build: ++UE4+Release-4.20-CL-0
LogInit: Engine Version: 4.20.2-0+++UE4+Release-4.20
LogInit: Compatible Engine Version: 4.20.0-0+++UE4+Release-4.20
LogInit: Net CL: 0
LogInit: OS: Windows 10 (), CPU: Intel(R) Core(TM) i7-7820X CPU @ 3.60GHz, GPU: NVIDIA GeForce GTX 1080
LogInit: Compiled (64-bit): Sep 18 2018 14:37:17
LogInit: Compiled with Visual C++: 19.14.26430.00
LogInit: Build Configuration: Development
LogInit: Branch Name: ++UE4+Release-4.20
LogInit: Command Line:  -skipcompile
LogInit: Base Directory: C:/Users/marku/UnrealEngine-4.20-Varjo/UnrealEngine-4.20/Engine/Binaries/Win64/
LogInit: Installed Engine Build: 0
LogDevObjectVersion: Number of dev versions registered: 20
LogDevObjectVersion:   Dev-Blueprints (B0D832E4-1F89-4F0D-ACCF-7EB736FD4AA2): 10
LogDevObjectVersion:   Dev-Build (E1C64328-A22C-4D53-A36C-8E866417BD8C): 0
LogDevObjectVersion:   Dev-Core (375EC13C-06E4-48FB-B500-84F0262A717E): 2
LogDevObjectVersion:   Dev-Editor (E4B068ED-F494-42E9-A231-DA0B2E46BB41): 24
LogDevObjectVersion:   Dev-Framework (CFFC743F-43B0-4480-9391-14DF171D2073): 34
LogDevObjectVersion:   Dev-Mobile (B02B49B5-BB20-44E9-A304-32B752E40360): 2
LogDevObjectVersion:   Dev-Networking (A4E4105C-59A1-49B5-A7C5-40C4547EDFEE): 0
LogDevObjectVersion:   Dev-Online (39C831C9-5AE6-47DC-9A44-9C173E1C8E7C): 0
LogDevObjectVersion:   Dev-Physics (78F01B33-EBEA-4F98-B9B4-84EACCB95AA2): 0
LogDevObjectVersion:   Dev-Platform (6631380F-2D4D-43E0-8009-CF276956A95A): 0
LogDevObjectVersion:   Dev-Rendering (12F88B9F-8875-4AFC-A67C-D90C383ABD29): 26
LogDevObjectVersion:   Dev-Sequencer (7B5AE74C-D270-4C10-A958-57980B212A5A): 9
LogDevObjectVersion:   Dev-VR (D7296918-1DD6-4BDD-9DE2-64A83CC13884): 2
LogDevObjectVersion:   Dev-LoadTimes (C2A15278-BFE7-4AFE-6C17-90FF531DF755): 1
LogDevObjectVersion:   Private-Geometry (6EACA3D4-40EC-4CC1-B786-8BED09428FC5): 3
LogDevObjectVersion:   Dev-AnimPhys (29E575DD-E0A3-4627-9D10-D276232CDCEA): 17
LogDevObjectVersion:   Dev-ReflectionCapture (6B266CEC-1EC7-4B8F-A30B-E4D90942FC07): 1
LogDevObjectVersion:   Dev-Automation (0DF73D61-A23F-47EA-B727-89E90C41499A): 1
LogDevObjectVersion:   FortniteMain (601D1886-AC64-4F84-AA16-D3DE0DEAC7D6): 12
LogDevObjectVersion:   Dev-Enterprise (9DFFBCD6-494F-0158-E221-12823C92A888): 1
LogStreaming: Display: Took  0.002s to delete old logs.
LogInit: Presizing for max 8388607 objects, including 0 objects not considered by GC, pre-allocating 0 bytes for permanent pool.
LogInit: Object subsystem initialized
[2018.10.10-07.10.31:970][  0]LogInit: Selected Device Profile: [Windows]
[2018.10.10-07.10.31:971][  0]LogInit: Applying CVar settings loaded from the selected device profile: [Windows]
[2018.10.10-07.10.31:991][  0]LogHAL: Display: Platform has ~ 32 GB [34016522240 / 34359738368 / 32], which maps to Largest [LargestMinGB=32, LargerMinGB=12, DefaultMinGB=8, SmallerMinGB=6, SmallestMinGB=0)
[2018.10.10-07.10.31:991][  0]LogInit: Setting Device Profile CVar: [[r.Vulkan.UseRealUBs:1]]
[2018.10.10-07.10.31:992][  0]LogInit: Going up to parent DeviceProfile []
[2018.10.10-07.10.31:992][  0]LogInit: Computer: DESKTOP-1HEE857
[2018.10.10-07.10.31:993][  0]LogInit: User: marku
[2018.10.10-07.10.31:993][  0]LogInit: CPU Page size=4096, Cores=8
[2018.10.10-07.10.31:993][  0]LogInit: High frequency timer resolution =3.515627 MHz
[2018.10.10-07.10.31:994][  0]LogMemory: Memory total: Physical=31.7GB (32GB approx)
[2018.10.10-07.10.31:994][  0]LogMemory: Platform Memory Stats for Windows
[2018.10.10-07.10.31:994][  0]LogMemory: Process Physical Memory: 101.25 MB used, 101.25 MB peak
[2018.10.10-07.10.31:994][  0]LogMemory: Process Virtual Memory: 91.47 MB used, 91.47 MB peak
[2018.10.10-07.10.31:994][  0]LogMemory: Physical Memory: 10249.18 MB used,  22191.51 MB free, 32440.68 MB total
[2018.10.10-07.10.31:995][  0]LogMemory: Virtual Memory: 4673.34 MB used,  22191.51 MB free, 134217728.00 MB total
[2018.10.10-07.10.32:762][  0]LogInit: Using OS detected language (en-GB).
[2018.10.10-07.10.32:762][  0]LogInit: Using OS detected locale (en-FI).
[2018.10.10-07.10.32:764][  0]LogTextLocalizationManager: No specific localization for 'en-GB' exists, so the 'en' localization will be used.
[2018.10.10-07.10.33:144][  0]LogStreaming: Display: Took  0.382s to InitEngineTextLocalization.
[2018.10.10-07.10.33:144][  0]LogInit: Setting process to per monitor DPI aware
[2018.10.10-07.10.33:199][  0]LogSlate: New Slate User Created.  User Index 0, Is Virtual User: 0
[2018.10.10-07.10.33:199][  0]LogSlate: Slate User Registered.  User Index 0, Is Virtual User: 0
[2018.10.10-07.10.33:488][  0]LogD3D11RHI: D3D11 adapters:
[2018.10.10-07.10.33:567][  0]LogD3D11RHI:    0. 'NVIDIA GeForce GTX 1080' (Feature Level 11_0)
[2018.10.10-07.10.33:567][  0]LogD3D11RHI:       8079/0/16220 MB DedicatedVideo/DedicatedSystem/SharedSystem, Outputs:2, VendorId:0x10de
[2018.10.10-07.10.33:572][  0]LogD3D11RHI:    1. 'Microsoft Basic Render Driver' (Feature Level 11_0)
[2018.10.10-07.10.33:573][  0]LogD3D11RHI:       0/0/16220 MB DedicatedVideo/DedicatedSystem/SharedSystem, Outputs:0, VendorId:0x1414
[2018.10.10-07.10.33:573][  0]LogD3D11RHI: Chosen D3D11 Adapter: 0
[2018.10.10-07.10.33:581][  0]LogD3D11RHI: Creating new Direct3DDevice
[2018.10.10-07.10.33:581][  0]LogD3D11RHI:     GPU DeviceId: 0x1b80 (for the marketing name, search the web for "GPU Device Id")
[2018.10.10-07.10.33:581][  0]LogWindows: EnumDisplayDevices:
[2018.10.10-07.10.33:581][  0]LogWindows:    0. 'NVIDIA GeForce GTX 1080' (P:0 D:1)
[2018.10.10-07.10.33:582][  0]LogWindows:    1. 'NVIDIA GeForce GTX 1080' (P:1 D:1)
[2018.10.10-07.10.33:582][  0]LogWindows:    2. 'NVIDIA GeForce GTX 1080' (P:0 D:0)
[2018.10.10-07.10.33:582][  0]LogWindows:    3. 'NVIDIA GeForce GTX 1080' (P:0 D:0)
[2018.10.10-07.10.33:583][  0]LogWindows: DebugString: FoundDriverCount:4 
[2018.10.10-07.10.33:583][  0]LogD3D11RHI:     Adapter Name: NVIDIA GeForce GTX 1080
[2018.10.10-07.10.33:583][  0]LogD3D11RHI:   Driver Version: 398.82 (internal:24.21.13.9882, unified:398.82)
[2018.10.10-07.10.33:583][  0]LogD3D11RHI:      Driver Date: 7-30-2018
[2018.10.10-07.10.33:583][  0]LogRHI: Texture pool is 5655 MB (70% of 8079 MB)
[2018.10.10-07.10.33:639][  0]LogD3D11RHI: Async texture creation enabled
[2018.10.10-07.10.33:657][  0]LogD3D11RHI: GPU Timing Frequency: 1000.000000 (Debug: 2 2)
[2018.10.10-07.10.33:870][  0]LogShaderCompilers: Guid format shader working directory is 0 characters bigger than the processId version (../../../../../prototyping-unreal/VarjoSample/Intermediate/Shaders/WorkingDirectory/14260/).
[2018.10.10-07.10.33:870][  0]LogShaderCompilers: Cleaned the shader compiler working directory 'C:/Users/marku/AppData/Local/Temp/UnrealShaderWorkingDir/C1A528EF434C51F74EBB168E287C4653/'.
[2018.10.10-07.10.34:100][  0]LogTemp: Display: Loaded TP AllDesktopTargetPlatform
[2018.10.10-07.10.34:121][  0]LogTemp: Display: Loaded TP MacClientTargetPlatform
[2018.10.10-07.10.34:141][  0]LogTemp: Display: Loaded TP MacNoEditorTargetPlatform
[2018.10.10-07.10.34:164][  0]LogTemp: Display: Loaded TP MacServerTargetPlatform
[2018.10.10-07.10.34:189][  0]LogTemp: Display: Loaded TP MacTargetPlatform
[2018.10.10-07.10.34:228][  0]LogTemp: Display: Loaded TP WindowsClientTargetPlatform
[2018.10.10-07.10.34:268][  0]LogTemp: Display: Loaded TP WindowsNoEditorTargetPlatform
[2018.10.10-07.10.34:327][  0]LogTemp: Display: Loaded TP WindowsServerTargetPlatform
[2018.10.10-07.10.34:498][  0]LogTemp: Display: Loaded TP WindowsTargetPlatform
[2018.10.10-07.10.34:606][  0]LogTemp: Display: Loaded TP AndroidTargetPlatform
[2018.10.10-07.10.34:607][  0]LogTemp: Display: Loaded TP AndroidTargetPlatform
[2018.10.10-07.10.34:607][  0]LogTemp: Display: Loaded TP AndroidTargetPlatform
[2018.10.10-07.10.34:607][  0]LogTemp: Display: Loaded TP AndroidTargetPlatform
[2018.10.10-07.10.34:607][  0]LogTemp: Display: Loaded TP AndroidTargetPlatform
[2018.10.10-07.10.34:607][  0]LogTemp: Display: Loaded TP AndroidTargetPlatform
[2018.10.10-07.10.34:607][  0]LogTemp: Display: Loaded TP AndroidTargetPlatform
[2018.10.10-07.10.34:607][  0]LogTemp: Display: Loaded TP AndroidTargetPlatform
[2018.10.10-07.10.34:607][  0]LogTemp: Display: Loaded TP AndroidTargetPlatform
[2018.10.10-07.10.34:607][  0]LogTemp: Display: Loaded TP AndroidTargetPlatform
[2018.10.10-07.10.34:607][  0]LogTemp: Display: Loaded TP AndroidTargetPlatform
[2018.10.10-07.10.34:608][  0]LogTemp: Display: Loaded TP AndroidTargetPlatform
[2018.10.10-07.10.34:608][  0]LogTemp: Display: Loaded TP AndroidTargetPlatform
[2018.10.10-07.10.34:608][  0]LogTemp: Display: Loaded TP AndroidTargetPlatform
[2018.10.10-07.10.34:608][  0]LogTemp: Display: Loaded TP AndroidTargetPlatform
[2018.10.10-07.10.34:608][  0]LogTemp: Display: Loaded TP AndroidTargetPlatform
[2018.10.10-07.10.34:608][  0]LogTemp: Display: Loaded TP AndroidTargetPlatform
[2018.10.10-07.10.34:608][  0]LogTemp: Display: Loaded TP AndroidTargetPlatform
[2018.10.10-07.10.34:620][  0]LogTemp: Display: Loaded TP HTML5TargetPlatform
[2018.10.10-07.10.34:707][  0]LogTemp: Display: Loaded TP IOSTargetPlatform
[2018.10.10-07.10.34:707][  0]LogTemp: Display: Loaded TP IOSTargetPlatform
[2018.10.10-07.10.34:736][  0]LogTemp: Display: Loaded TP TVOSTargetPlatform
[2018.10.10-07.10.34:736][  0]LogTemp: Display: Loaded TP TVOSTargetPlatform
[2018.10.10-07.10.34:750][  0]LogTemp: Display: Loaded TP LuminTargetPlatform
[2018.10.10-07.10.34:750][  0]LogTargetPlatformManager: Display: Building Assets For Windows
[2018.10.10-07.10.35:042][  0]LogXGEController: Cleaning working directory: C:/Users/marku/AppData/Local/Temp/UnrealXGEWorkingDir/
[2018.10.10-07.10.35:043][  0]LogXGEController: Cannot use XGE Controller as Incredibuild is not installed on this machine.
[2018.10.10-07.10.35:043][  0]LogShaderCompilers: Cannot use XGE Shader Compiler as Incredibuild is not installed on this machine.
[2018.10.10-07.10.35:043][  0]LogShaderCompilers: Display: Using Local Shader Compiler.
[2018.10.10-07.10.35:912][  0]LogDerivedDataCache: Display: Max Cache Size: 512 MB
[2018.10.10-07.10.35:912][  0]LogDerivedDataCache: Display: Starting with empty Boot cache
[2018.10.10-07.10.35:912][  0]LogDerivedDataCache: FDerivedDataBackendGraph:  Pak pak cache file ../../../../../prototyping-unreal/VarjoSample/DerivedDataCache/DDC.ddp not found, will not use a pak cache.
[2018.10.10-07.10.35:912][  0]LogDerivedDataCache: Unable to find inner node Pak for hierarchical cache Hierarchy.
[2018.10.10-07.10.35:912][  0]LogDerivedDataCache: FDerivedDataBackendGraph:  EnginePak pak cache file ../../../Engine/DerivedDataCache/DDC.ddp not found, will not use a pak cache.
[2018.10.10-07.10.35:912][  0]LogDerivedDataCache: Unable to find inner node EnginePak for hierarchical cache Hierarchy.
[2018.10.10-07.10.35:926][  0]LogDerivedDataCache: Using Local data cache path ../../../Engine/DerivedDataCache: Writable
[2018.10.10-07.10.35:926][  0]LogDerivedDataCache: Shared data cache path not found in *engine.ini, will not use an Shared cache.
[2018.10.10-07.10.35:926][  0]LogDerivedDataCache: Unable to find inner node Shared for hierarchical cache Hierarchy.
[2018.10.10-07.10.35:952][  0]LogMaterial: Verifying Global Shaders for PCD3D_SM5
[2018.10.10-07.10.35:954][  0]LogSlate: Using FreeType 2.6.0
[2018.10.10-07.10.35:955][  0]LogSlate: SlateFontServices - WITH_FREETYPE: 1, WITH_HARFBUZZ: 1
[2018.10.10-07.10.36:040][  0]LogAssetRegistry: FAssetRegistry took 0.0271 seconds to start up
[2018.10.10-07.10.36:364][  0]LogInit: Selected Device Profile: [Windows]
[2018.10.10-07.10.36:602][  0]LogMeshReduction: Using ProxyLODMeshReduction for automatic mesh merging
[2018.10.10-07.10.36:602][  0]LogMeshReduction: Using QuadricMeshReduction for automatic static mesh reduction
[2018.10.10-07.10.36:602][  0]LogMeshReduction: No automatic skeletal mesh reduction module available
[2018.10.10-07.10.36:603][  0]LogMeshReduction: No distributed automatic mesh merging module available
[2018.10.10-07.10.36:603][  0]LogMeshMerging: No distributed automatic mesh merging module available
[2018.10.10-07.10.36:626][  0]LogNetVersion: VarjoSample 1.0.0, NetCL: 0, EngineNetVer: 5, GameNetVer: 0 (Checksum: 362775630)
[2018.10.10-07.10.37:341][  0]LogPackageLocalizationCache: Processed 10 localized package path(s) for 2 prioritized culture(s) in 0.166284 seconds
[2018.10.10-07.10.37:354][  0]LogUObjectArray: 37923 objects as part of root set at end of initial load.
[2018.10.10-07.10.37:354][  0]LogUObjectAllocator: 6599000 out of 0 bytes used by permanent object pool.
[2018.10.10-07.10.37:354][  0]LogUObjectArray: CloseDisregardForGC: 0/0 objects in disregard for GC pool
[2018.10.10-07.10.37:935][  0]LogStreaming: Warning: Failed to read file '../../../Engine/Content/Editor/Slate/Launcher/Mac/Platform_Mac_24x.png' error.
[2018.10.10-07.10.37:936][  0]LogSlate: Could not find file for Slate resource: ../../../Engine/Content/Editor/Slate/Launcher/Mac/Platform_Mac_24x.png
[2018.10.10-07.10.37:936][  0]LogStreaming: Warning: Failed to read file '../../../Engine/Content/Editor/Slate/Launcher/Mac/Platform_Mac_128x.png' error.
[2018.10.10-07.10.37:936][  0]LogSlate: Could not find file for Slate resource: ../../../Engine/Content/Editor/Slate/Launcher/Mac/Platform_Mac_128x.png
[2018.10.10-07.10.37:936][  0]LogStreaming: Warning: Failed to read file '../../../Engine/Content/Editor/Slate/Launcher/Mac/Platform_Mac_128x.png' error.
[2018.10.10-07.10.37:936][  0]LogSlate: Could not find file for Slate resource: ../../../Engine/Content/Editor/Slate/Launcher/Mac/Platform_Mac_128x.png
[2018.10.10-07.10.37:936][  0]LogStreaming: Warning: Failed to read file '../../../Engine/Content/Editor/Slate/Launcher/Mac/Platform_Mac_24x.png' error.
[2018.10.10-07.10.37:936][  0]LogSlate: Could not find file for Slate resource: ../../../Engine/Content/Editor/Slate/Launcher/Mac/Platform_Mac_24x.png
[2018.10.10-07.10.37:936][  0]LogStreaming: Warning: Failed to read file '../../../Engine/Content/Editor/Slate/Launcher/Mac/Platform_Mac_128x.png' error.
[2018.10.10-07.10.37:936][  0]LogSlate: Could not find file for Slate resource: ../../../Engine/Content/Editor/Slate/Launcher/Mac/Platform_Mac_128x.png
[2018.10.10-07.10.37:936][  0]LogStreaming: Warning: Failed to read file '../../../Engine/Content/Editor/Slate/Launcher/Mac/Platform_Mac_128x.png' error.
[2018.10.10-07.10.37:936][  0]LogSlate: Could not find file for Slate resource: ../../../Engine/Content/Editor/Slate/Launcher/Mac/Platform_Mac_128x.png
[2018.10.10-07.10.37:936][  0]LogStreaming: Warning: Failed to read file '../../../Engine/Content/Editor/Slate/Launcher/Mac/Platform_Mac_24x.png' error.
[2018.10.10-07.10.37:936][  0]LogSlate: Could not find file for Slate resource: ../../../Engine/Content/Editor/Slate/Launcher/Mac/Platform_Mac_24x.png
[2018.10.10-07.10.37:937][  0]LogStreaming: Warning: Failed to read file '../../../Engine/Content/Editor/Slate/Launcher/Mac/Platform_Mac_128x.png' error.
[2018.10.10-07.10.37:937][  0]LogSlate: Could not find file for Slate resource: ../../../Engine/Content/Editor/Slate/Launcher/Mac/Platform_Mac_128x.png
[2018.10.10-07.10.37:937][  0]LogStreaming: Warning: Failed to read file '../../../Engine/Content/Editor/Slate/Launcher/Mac/Platform_Mac_128x.png' error.
[2018.10.10-07.10.37:937][  0]LogSlate: Could not find file for Slate resource: ../../../Engine/Content/Editor/Slate/Launcher/Mac/Platform_Mac_128x.png
[2018.10.10-07.10.37:937][  0]LogStreaming: Warning: Failed to read file '../../../Engine/Content/Editor/Slate/Launcher/Mac/Platform_Mac_24x.png' error.
[2018.10.10-07.10.37:937][  0]LogSlate: Could not find file for Slate resource: ../../../Engine/Content/Editor/Slate/Launcher/Mac/Platform_Mac_24x.png
[2018.10.10-07.10.37:937][  0]LogStreaming: Warning: Failed to read file '../../../Engine/Content/Editor/Slate/Launcher/Mac/Platform_Mac_128x.png' error.
[2018.10.10-07.10.37:937][  0]LogSlate: Could not find file for Slate resource: ../../../Engine/Content/Editor/Slate/Launcher/Mac/Platform_Mac_128x.png
[2018.10.10-07.10.37:937][  0]LogStreaming: Warning: Failed to read file '../../../Engine/Content/Editor/Slate/Launcher/Mac/Platform_Mac_128x.png' error.
[2018.10.10-07.10.37:937][  0]LogSlate: Could not find file for Slate resource: ../../../Engine/Content/Editor/Slate/Launcher/Mac/Platform_Mac_128x.png
[2018.10.10-07.10.37:937][  0]LogStreaming: Warning: Failed to read file '../../../Engine/Content/Editor/Slate/Launcher/Linux/Platform_Linux_24x.png' error.
[2018.10.10-07.10.37:937][  0]LogSlate: Could not find file for Slate resource: ../../../Engine/Content/Editor/Slate/Launcher/Linux/Platform_Linux_24x.png
[2018.10.10-07.10.37:937][  0]LogStreaming: Warning: Failed to read file '../../../Engine/Content/Editor/Slate/Launcher/Linux/Platform_Linux_128x.png' error.
[2018.10.10-07.10.37:937][  0]LogSlate: Could not find file for Slate resource: ../../../Engine/Content/Editor/Slate/Launcher/Linux/Platform_Linux_128x.png
[2018.10.10-07.10.37:937][  0]LogStreaming: Warning: Failed to read file '../../../Engine/Content/Editor/Slate/Launcher/Linux/Platform_Linux_128x.png' error.
[2018.10.10-07.10.37:937][  0]LogSlate: Could not find file for Slate resource: ../../../Engine/Content/Editor/Slate/Launcher/Linux/Platform_Linux_128x.png
[2018.10.10-07.10.37:938][  0]LogStreaming: Warning: Failed to read file '../../../Engine/Content/Editor/Slate/Launcher/Linux/Platform_Linux_24x.png' error.
[2018.10.10-07.10.37:938][  0]LogSlate: Could not find file for Slate resource: ../../../Engine/Content/Editor/Slate/Launcher/Linux/Platform_Linux_24x.png
[2018.10.10-07.10.37:938][  0]LogStreaming: Warning: Failed to read file '../../../Engine/Content/Editor/Slate/Launcher/Linux/Platform_Linux_128x.png' error.
[2018.10.10-07.10.37:938][  0]LogSlate: Could not find file for Slate resource: ../../../Engine/Content/Editor/Slate/Launcher/Linux/Platform_Linux_128x.png
[2018.10.10-07.10.37:938][  0]LogStreaming: Warning: Failed to read file '../../../Engine/Content/Editor/Slate/Launcher/Linux/Platform_Linux_128x.png' error.
[2018.10.10-07.10.37:938][  0]LogSlate: Could not find file for Slate resource: ../../../Engine/Content/Editor/Slate/Launcher/Linux/Platform_Linux_128x.png
[2018.10.10-07.10.37:938][  0]LogStreaming: Warning: Failed to read file '../../../Engine/Content/Editor/Slate/Launcher/Linux/Platform_Linux_24x.png' error.
[2018.10.10-07.10.37:938][  0]LogSlate: Could not find file for Slate resource: ../../../Engine/Content/Editor/Slate/Launcher/Linux/Platform_Linux_24x.png
[2018.10.10-07.10.37:938][  0]LogStreaming: Warning: Failed to read file '../../../Engine/Content/Editor/Slate/Launcher/Linux/Platform_Linux_128x.png' error.
[2018.10.10-07.10.37:938][  0]LogSlate: Could not find file for Slate resource: ../../../Engine/Content/Editor/Slate/Launcher/Linux/Platform_Linux_128x.png
[2018.10.10-07.10.37:938][  0]LogStreaming: Warning: Failed to read file '../../../Engine/Content/Editor/Slate/Launcher/Linux/Platform_Linux_128x.png' error.
[2018.10.10-07.10.37:938][  0]LogSlate: Could not find file for Slate resource: ../../../Engine/Content/Editor/Slate/Launcher/Linux/Platform_Linux_128x.png
[2018.10.10-07.10.37:938][  0]LogStreaming: Warning: Failed to read file '../../../Engine/Content/Editor/Slate/Launcher/Linux/Platform_Linux_24x.png' error.
[2018.10.10-07.10.37:938][  0]LogSlate: Could not find file for Slate resource: ../../../Engine/Content/Editor/Slate/Launcher/Linux/Platform_Linux_24x.png
[2018.10.10-07.10.37:938][  0]LogStreaming: Warning: Failed to read file '../../../Engine/Content/Editor/Slate/Launcher/Linux/Platform_Linux_128x.png' error.
[2018.10.10-07.10.37:939][  0]LogSlate: Could not find file for Slate resource: ../../../Engine/Content/Editor/Slate/Launcher/Linux/Platform_Linux_128x.png
[2018.10.10-07.10.37:939][  0]LogStreaming: Warning: Failed to read file '../../../Engine/Content/Editor/Slate/Launcher/Linux/Platform_Linux_128x.png' error.
[2018.10.10-07.10.37:939][  0]LogSlate: Could not find file for Slate resource: ../../../Engine/Content/Editor/Slate/Launcher/Linux/Platform_Linux_128x.png
[2018.10.10-07.10.37:939][  0]LogStreaming: Warning: Failed to read file '../../../Engine/Content/Editor/Slate/Launcher/Android/Platform_Android_24x.png' error.
[2018.10.10-07.10.37:939][  0]LogSlate: Could not find file for Slate resource: ../../../Engine/Content/Editor/Slate/Launcher/Android/Platform_Android_24x.png
[2018.10.10-07.10.37:940][  0]LogStreaming: Warning: Failed to read file '../../../Engine/Content/Editor/Slate/Launcher/Android/Platform_Android_128x.png' error.
[2018.10.10-07.10.37:940][  0]LogSlate: Could not find file for Slate resource: ../../../Engine/Content/Editor/Slate/Launcher/Android/Platform_Android_128x.png
[2018.10.10-07.10.37:940][  0]LogStreaming: Warning: Failed to read file '../../../Engine/Content/Editor/Slate/Launcher/Android/Platform_Android_128x.png' error.
[2018.10.10-07.10.37:940][  0]LogSlate: Could not find file for Slate resource: ../../../Engine/Content/Editor/Slate/Launcher/Android/Platform_Android_128x.png
[2018.10.10-07.10.37:940][  0]LogStreaming: Warning: Failed to read file '../../../Engine/Content/Editor/Slate/Launcher/Android/Platform_Android_24x.png' error.
[2018.10.10-07.10.37:940][  0]LogSlate: Could not find file for Slate resource: ../../../Engine/Content/Editor/Slate/Launcher/Android/Platform_Android_24x.png
[2018.10.10-07.10.37:940][  0]LogStreaming: Warning: Failed to read file '../../../Engine/Content/Editor/Slate/Launcher/Android/Platform_Android_128x.png' error.
[2018.10.10-07.10.37:940][  0]LogSlate: Could not find file for Slate resource: ../../../Engine/Content/Editor/Slate/Launcher/Android/Platform_Android_128x.png
[2018.10.10-07.10.37:940][  0]LogStreaming: Warning: Failed to read file '../../../Engine/Content/Editor/Slate/Launcher/Android/Platform_Android_128x.png' error.
[2018.10.10-07.10.37:940][  0]LogSlate: Could not find file for Slate resource: ../../../Engine/Content/Editor/Slate/Launcher/Android/Platform_Android_128x.png
[2018.10.10-07.10.37:940][  0]LogStreaming: Warning: Failed to read file '../../../Engine/Content/Editor/Slate/Launcher/Android/Platform_Android_ATC_24x.png' error.
[2018.10.10-07.10.37:940][  0]LogSlate: Could not find file for Slate resource: ../../../Engine/Content/Editor/Slate/Launcher/Android/Platform_Android_ATC_24x.png
[2018.10.10-07.10.37:940][  0]LogStreaming: Warning: Failed to read file '../../../Engine/Content/Editor/Slate/Launcher/Android/Platform_Android_128x.png' error.
[2018.10.10-07.10.37:940][  0]LogSlate: Could not find file for Slate resource: ../../../Engine/Content/Editor/Slate/Launcher/Android/Platform_Android_128x.png
[2018.10.10-07.10.37:940][  0]LogStreaming: Warning: Failed to read file '../../../Engine/Content/Editor/Slate/Launcher/Android/Platform_Android_128x.png' error.
[2018.10.10-07.10.37:940][  0]LogSlate: Could not find file for Slate resource: ../../../Engine/Content/Editor/Slate/Launcher/Android/Platform_Android_128x.png
[2018.10.10-07.10.37:941][  0]LogStreaming: Warning: Failed to read file '../../../Engine/Content/Editor/Slate/Launcher/Android/Platform_Android_DXT_24x.png' error.
[2018.10.10-07.10.37:941][  0]LogSlate: Could not find file for Slate resource: ../../../Engine/Content/Editor/Slate/Launcher/Android/Platform_Android_DXT_24x.png
[2018.10.10-07.10.37:941][  0]LogStreaming: Warning: Failed to read file '../../../Engine/Content/Editor/Slate/Launcher/Android/Platform_Android_128x.png' error.
[2018.10.10-07.10.37:941][  0]LogSlate: Could not find file for Slate resource: ../../../Engine/Content/Editor/Slate/Launcher/Android/Platform_Android_128x.png
[2018.10.10-07.10.37:941][  0]LogStreaming: Warning: Failed to read file '../../../Engine/Content/Editor/Slate/Launcher/Android/Platform_Android_128x.png' error.
[2018.10.10-07.10.37:941][  0]LogSlate: Could not find file for Slate resource: ../../../Engine/Content/Editor/Slate/Launcher/Android/Platform_Android_128x.png
[2018.10.10-07.10.37:941][  0]LogStreaming: Warning: Failed to read file '../../../Engine/Content/Editor/Slate/Launcher/Android/Platform_Android_ETC1_24x.png' error.
[2018.10.10-07.10.37:941][  0]LogSlate: Could not find file for Slate resource: ../../../Engine/Content/Editor/Slate/Launcher/Android/Platform_Android_ETC1_24x.png
[2018.10.10-07.10.37:941][  0]LogStreaming: Warning: Failed to read file '../../../Engine/Content/Editor/Slate/Launcher/Android/Platform_Android_128x.png' error.
[2018.10.10-07.10.37:941][  0]LogSlate: Could not find file for Slate resource: ../../../Engine/Content/Editor/Slate/Launcher/Android/Platform_Android_128x.png
[2018.10.10-07.10.37:941][  0]LogStreaming: Warning: Failed to read file '../../../Engine/Content/Editor/Slate/Launcher/Android/Platform_Android_128x.png' error.
[2018.10.10-07.10.37:942][  0]LogSlate: Could not find file for Slate resource: ../../../Engine/Content/Editor/Slate/Launcher/Android/Platform_Android_128x.png
[2018.10.10-07.10.37:942][  0]LogStreaming: Warning: Failed to read file '../../../Engine/Content/Editor/Slate/Launcher/Android/Platform_Android_ETC1_24x.png' error.
[2018.10.10-07.10.37:942][  0]LogSlate: Could not find file for Slate resource: ../../../Engine/Content/Editor/Slate/Launcher/Android/Platform_Android_ETC1_24x.png
[2018.10.10-07.10.37:942][  0]LogStreaming: Warning: Failed to read file '../../../Engine/Content/Editor/Slate/Launcher/Android/Platform_Android_128x.png' error.
[2018.10.10-07.10.37:942][  0]LogSlate: Could not find file for Slate resource: ../../../Engine/Content/Editor/Slate/Launcher/Android/Platform_Android_128x.png
[2018.10.10-07.10.37:942][  0]LogStreaming: Warning: Failed to read file '../../../Engine/Content/Editor/Slate/Launcher/Android/Platform_Android_128x.png' error.
[2018.10.10-07.10.37:942][  0]LogSlate: Could not find file for Slate resource: ../../../Engine/Content/Editor/Slate/Launcher/Android/Platform_Android_128x.png
[2018.10.10-07.10.37:942][  0]LogStreaming: Warning: Failed to read file '../../../Engine/Content/Editor/Slate/Launcher/Android/Platform_Android_ETC2_24x.png' error.
[2018.10.10-07.10.37:942][  0]LogSlate: Could not find file for Slate resource: ../../../Engine/Content/Editor/Slate/Launcher/Android/Platform_Android_ETC2_24x.png
[2018.10.10-07.10.37:942][  0]LogStreaming: Warning: Failed to read file '../../../Engine/Content/Editor/Slate/Launcher/Android/Platform_Android_128x.png' error.
[2018.10.10-07.10.37:942][  0]LogSlate: Could not find file for Slate resource: ../../../Engine/Content/Editor/Slate/Launcher/Android/Platform_Android_128x.png
[2018.10.10-07.10.37:942][  0]LogStreaming: Warning: Failed to read file '../../../Engine/Content/Editor/Slate/Launcher/Android/Platform_Android_128x.png' error.
[2018.10.10-07.10.37:942][  0]LogSlate: Could not find file for Slate resource: ../../../Engine/Content/Editor/Slate/Launcher/Android/Platform_Android_128x.png
[2018.10.10-07.10.37:942][  0]LogStreaming: Warning: Failed to read file '../../../Engine/Content/Editor/Slate/Launcher/Android/Platform_Android_PVRTC_24x.png' error.
[2018.10.10-07.10.37:942][  0]LogSlate: Could not find file for Slate resource: ../../../Engine/Content/Editor/Slate/Launcher/Android/Platform_Android_PVRTC_24x.png
[2018.10.10-07.10.37:943][  0]LogStreaming: Warning: Failed to read file '../../../Engine/Content/Editor/Slate/Launcher/Android/Platform_Android_128x.png' error.
[2018.10.10-07.10.37:943][  0]LogSlate: Could not find file for Slate resource: ../../../Engine/Content/Editor/Slate/Launcher/Android/Platform_Android_128x.png
[2018.10.10-07.10.37:943][  0]LogStreaming: Warning: Failed to read file '../../../Engine/Content/Editor/Slate/Launcher/Android/Platform_Android_128x.png' error.
[2018.10.10-07.10.37:943][  0]LogSlate: Could not find file for Slate resource: ../../../Engine/Content/Editor/Slate/Launcher/Android/Platform_Android_128x.png
[2018.10.10-07.10.37:943][  0]LogStreaming: Warning: Failed to read file '../../../Engine/Content/Editor/Slate/Launcher/Android/Platform_Android_ASTC_24x.png' error.
[2018.10.10-07.10.37:943][  0]LogSlate: Could not find file for Slate resource: ../../../Engine/Content/Editor/Slate/Launcher/Android/Platform_Android_ASTC_24x.png
[2018.10.10-07.10.37:943][  0]LogStreaming: Warning: Failed to read file '../../../Engine/Content/Editor/Slate/Launcher/Android/Platform_Android_128x.png' error.
[2018.10.10-07.10.37:943][  0]LogSlate: Could not find file for Slate resource: ../../../Engine/Content/Editor/Slate/Launcher/Android/Platform_Android_128x.png
[2018.10.10-07.10.37:943][  0]LogStreaming: Warning: Failed to read file '../../../Engine/Content/Editor/Slate/Launcher/Android/Platform_Android_128x.png' error.
[2018.10.10-07.10.37:943][  0]LogSlate: Could not find file for Slate resource: ../../../Engine/Content/Editor/Slate/Launcher/Android/Platform_Android_128x.png
[2018.10.10-07.10.37:943][  0]LogStreaming: Warning: Failed to read file '../../../Engine/Content/Editor/Slate/Launcher/Android/Platform_Android_24x.png' error.
[2018.10.10-07.10.37:943][  0]LogSlate: Could not find file for Slate resource: ../../../Engine/Content/Editor/Slate/Launcher/Android/Platform_Android_24x.png
[2018.10.10-07.10.37:943][  0]LogStreaming: Warning: Failed to read file '../../../Engine/Content/Editor/Slate/Launcher/Android/Platform_Android_128x.png' error.
[2018.10.10-07.10.37:943][  0]LogSlate: Could not find file for Slate resource: ../../../Engine/Content/Editor/Slate/Launcher/Android/Platform_Android_128x.png
[2018.10.10-07.10.37:943][  0]LogStreaming: Warning: Failed to read file '../../../Engine/Content/Editor/Slate/Launcher/Android/Platform_Android_128x.png' error.
[2018.10.10-07.10.37:944][  0]LogSlate: Could not find file for Slate resource: ../../../Engine/Content/Editor/Slate/Launcher/Android/Platform_Android_128x.png
[2018.10.10-07.10.37:944][  0]LogStreaming: Warning: Failed to read file '../../../Engine/Content/Editor/Slate/Launcher/Android/Platform_Android_24x.png' error.
[2018.10.10-07.10.37:944][  0]LogSlate: Could not find file for Slate resource: ../../../Engine/Content/Editor/Slate/Launcher/Android/Platform_Android_24x.png
[2018.10.10-07.10.37:944][  0]LogStreaming: Warning: Failed to read file '../../../Engine/Content/Editor/Slate/Launcher/Android/Platform_Android_128x.png' error.
[2018.10.10-07.10.37:944][  0]LogSlate: Could not find file for Slate resource: ../../../Engine/Content/Editor/Slate/Launcher/Android/Platform_Android_128x.png
[2018.10.10-07.10.37:944][  0]LogStreaming: Warning: Failed to read file '../../../Engine/Content/Editor/Slate/Launcher/Android/Platform_Android_128x.png' error.
[2018.10.10-07.10.37:944][  0]LogSlate: Could not find file for Slate resource: ../../../Engine/Content/Editor/Slate/Launcher/Android/Platform_Android_128x.png
[2018.10.10-07.10.37:944][  0]LogStreaming: Warning: Failed to read file '../../../Engine/Content/Editor/Slate/Launcher/Android/Platform_Android_ATC_24x.png' error.
[2018.10.10-07.10.37:944][  0]LogSlate: Could not find file for Slate resource: ../../../Engine/Content/Editor/Slate/Launcher/Android/Platform_Android_ATC_24x.png
[2018.10.10-07.10.37:944][  0]LogStreaming: Warning: Failed to read file '../../../Engine/Content/Editor/Slate/Launcher/Android/Platform_Android_128x.png' error.
[2018.10.10-07.10.37:944][  0]LogSlate: Could not find file for Slate resource: ../../../Engine/Content/Editor/Slate/Launcher/Android/Platform_Android_128x.png
[2018.10.10-07.10.37:944][  0]LogStreaming: Warning: Failed to read file '../../../Engine/Content/Editor/Slate/Launcher/Android/Platform_Android_128x.png' error.
[2018.10.10-07.10.37:944][  0]LogSlate: Could not find file for Slate resource: ../../../Engine/Content/Editor/Slate/Launcher/Android/Platform_Android_128x.png
[2018.10.10-07.10.37:944][  0]LogStreaming: Warning: Failed to read file '../../../Engine/Content/Editor/Slate/Launcher/Android/Platform_Android_DXT_24x.png' error.
[2018.10.10-07.10.37:945][  0]LogSlate: Could not find file for Slate resource: ../../../Engine/Content/Editor/Slate/Launcher/Android/Platform_Android_DXT_24x.png
[2018.10.10-07.10.37:945][  0]LogStreaming: Warning: Failed to read file '../../../Engine/Content/Editor/Slate/Launcher/Android/Platform_Android_128x.png' error.
[2018.10.10-07.10.37:945][  0]LogSlate: Could not find file for Slate resource: ../../../Engine/Content/Editor/Slate/Launcher/Android/Platform_Android_128x.png
[2018.10.10-07.10.37:945][  0]LogStreaming: Warning: Failed to read file '../../../Engine/Content/Editor/Slate/Launcher/Android/Platform_Android_128x.png' error.
[2018.10.10-07.10.37:945][  0]LogSlate: Could not find file for Slate resource: ../../../Engine/Content/Editor/Slate/Launcher/Android/Platform_Android_128x.png
[2018.10.10-07.10.37:945][  0]LogStreaming: Warning: Failed to read file '../../../Engine/Content/Editor/Slate/Launcher/Android/Platform_Android_ETC1_24x.png' error.
[2018.10.10-07.10.37:945][  0]LogSlate: Could not find file for Slate resource: ../../../Engine/Content/Editor/Slate/Launcher/Android/Platform_Android_ETC1_24x.png
[2018.10.10-07.10.37:945][  0]LogStreaming: Warning: Failed to read file '../../../Engine/Content/Editor/Slate/Launcher/Android/Platform_Android_128x.png' error.
[2018.10.10-07.10.37:945][  0]LogSlate: Could not find file for Slate resource: ../../../Engine/Content/Editor/Slate/Launcher/Android/Platform_Android_128x.png
[2018.10.10-07.10.37:945][  0]LogStreaming: Warning: Failed to read file '../../../Engine/Content/Editor/Slate/Launcher/Android/Platform_Android_128x.png' error.
[2018.10.10-07.10.37:945][  0]LogSlate: Could not find file for Slate resource: ../../../Engine/Content/Editor/Slate/Launcher/Android/Platform_Android_128x.png
[2018.10.10-07.10.37:945][  0]LogStreaming: Warning: Failed to read file '../../../Engine/Content/Editor/Slate/Launcher/Android/Platform_Android_ETC1_24x.png' error.
[2018.10.10-07.10.37:945][  0]LogSlate: Could not find file for Slate resource: ../../../Engine/Content/Editor/Slate/Launcher/Android/Platform_Android_ETC1_24x.png
[2018.10.10-07.10.37:945][  0]LogStreaming: Warning: Failed to read file '../../../Engine/Content/Editor/Slate/Launcher/Android/Platform_Android_128x.png' error.
[2018.10.10-07.10.37:945][  0]LogSlate: Could not find file for Slate resource: ../../../Engine/Content/Editor/Slate/Launcher/Android/Platform_Android_128x.png
[2018.10.10-07.10.37:946][  0]LogStreaming: Warning: Failed to read file '../../../Engine/Content/Editor/Slate/Launcher/Android/Platform_Android_128x.png' error.
[2018.10.10-07.10.37:946][  0]LogSlate: Could not find file for Slate resource: ../../../Engine/Content/Editor/Slate/Launcher/Android/Platform_Android_128x.png
[2018.10.10-07.10.37:946][  0]LogStreaming: Warning: Failed to read file '../../../Engine/Content/Editor/Slate/Launcher/Android/Platform_Android_ETC2_24x.png' error.
[2018.10.10-07.10.37:946][  0]LogSlate: Could not find file for Slate resource: ../../../Engine/Content/Editor/Slate/Launcher/Android/Platform_Android_ETC2_24x.png
[2018.10.10-07.10.37:946][  0]LogStreaming: Warning: Failed to read file '../../../Engine/Content/Editor/Slate/Launcher/Android/Platform_Android_128x.png' error.
[2018.10.10-07.10.37:946][  0]LogSlate: Could not find file for Slate resource: ../../../Engine/Content/Editor/Slate/Launcher/Android/Platform_Android_128x.png
[2018.10.10-07.10.37:946][  0]LogStreaming: Warning: Failed to read file '../../../Engine/Content/Editor/Slate/Launcher/Android/Platform_Android_128x.png' error.
[2018.10.10-07.10.37:946][  0]LogSlate: Could not find file for Slate resource: ../../../Engine/Content/Editor/Slate/Launcher/Android/Platform_Android_128x.png
[2018.10.10-07.10.37:946][  0]LogStreaming: Warning: Failed to read file '../../../Engine/Content/Editor/Slate/Launcher/Android/Platform_Android_PVRTC_24x.png' error.
[2018.10.10-07.10.37:946][  0]LogSlate: Could not find file for Slate resource: ../../../Engine/Content/Editor/Slate/Launcher/Android/Platform_Android_PVRTC_24x.png
[2018.10.10-07.10.37:946][  0]LogStreaming: Warning: Failed to read file '../../../Engine/Content/Editor/Slate/Launcher/Android/Platform_Android_128x.png' error.
[2018.10.10-07.10.37:946][  0]LogSlate: Could not find file for Slate resource: ../../../Engine/Content/Editor/Slate/Launcher/Android/Platform_Android_128x.png
[2018.10.10-07.10.37:946][  0]LogStreaming: Warning: Failed to read file '../../../Engine/Content/Editor/Slate/Launcher/Android/Platform_Android_128x.png' error.
[2018.10.10-07.10.37:947][  0]LogSlate: Could not find file for Slate resource: ../../../Engine/Content/Editor/Slate/Launcher/Android/Platform_Android_128x.png
[2018.10.10-07.10.37:947][  0]LogStreaming: Warning: Failed to read file '../../../Engine/Content/Editor/Slate/Launcher/Android/Platform_Android_ASTC_24x.png' error.
[2018.10.10-07.10.37:947][  0]LogSlate: Could not find file for Slate resource: ../../../Engine/Content/Editor/Slate/Launcher/Android/Platform_Android_ASTC_24x.png
[2018.10.10-07.10.37:947][  0]LogStreaming: Warning: Failed to read file '../../../Engine/Content/Editor/Slate/Launcher/Android/Platform_Android_128x.png' error.
[2018.10.10-07.10.37:947][  0]LogSlate: Could not find file for Slate resource: ../../../Engine/Content/Editor/Slate/Launcher/Android/Platform_Android_128x.png
[2018.10.10-07.10.37:947][  0]LogStreaming: Warning: Failed to read file '../../../Engine/Content/Editor/Slate/Launcher/Android/Platform_Android_128x.png' error.
[2018.10.10-07.10.37:947][  0]LogSlate: Could not find file for Slate resource: ../../../Engine/Content/Editor/Slate/Launcher/Android/Platform_Android_128x.png
[2018.10.10-07.10.38:801][  0]LogTcpMessaging: Initializing TcpMessaging bridge
[2018.10.10-07.10.38:823][  0]LogUdpMessaging: Initializing bridge on interface 0.0.0.0:0 to multicast group 230.0.0.1:6666.
[2018.10.10-07.10.39:104][  0]SourceControl: Source control is disabled
[2018.10.10-07.10.39:104][  0]SourceControl: Source control is disabled
[2018.10.10-07.10.39:115][  0]SourceControl: Source control is disabled
[2018.10.10-07.10.39:122][  0]SourceControl: Source control is disabled
[2018.10.10-07.10.39:802][  0]LogAndroidPermission: UAndroidPermissionCallbackProxy::GetInstance
[2018.10.10-07.10.40:156][  0]LogEngine: Initializing Engine...
[2018.10.10-07.10.40:280][  0]LogStats: UGameplayTagsManager::ConstructGameplayTagTree: ImportINI prefixes -  0.000 s
[2018.10.10-07.10.40:280][  0]LogStats: UGameplayTagsManager::ConstructGameplayTagTree: Construct from data asset -  0.000 s
[2018.10.10-07.10.40:280][  0]LogStats: UGameplayTagsManager::ConstructGameplayTagTree: ImportINI -  0.000 s
[2018.10.10-07.10.40:280][  0]LogStats: UGameplayTagsManager::ConstructGameplayTagTree: GameplayTagTreeChangedEvent.Broadcast -  0.000 s
[2018.10.10-07.10.40:503][  0]LogInit: Initializing FReadOnlyCVARCache
[2018.10.10-07.10.40:537][  0]LogAIModule: Creating AISystem for world Untitled
[2018.10.10-07.10.41:054][  0]LogInit: XAudio2 using 'Speakers (4- USB Audio Device)' : 2 channels at 48 kHz using 16 bits per sample (channel mask 0x3)
[2018.10.10-07.10.41:089][  0]LogInit: FAudioDevice initialized.
[2018.10.10-07.10.41:090][  0]LogNetVersion: Set ProjectVersion to 1.0.0.0. Version Checksum will be recalculated on next use.
[2018.10.10-07.10.41:129][  0]LogDerivedDataCache: Saved boot cache 0.04s 68MB ../../../../../prototyping-unreal/VarjoSample/DerivedDataCache/Boot.ddc.
[2018.10.10-07.10.41:152][  0]LogInit: Texture streaming: Enabled
[2018.10.10-07.10.41:211][  0]LogEngineSessionManager: EngineSessionManager initialized
[2018.10.10-07.10.41:211][  0]LogEngineSessionManager: EngineSessionManager sent abnormal shutdown report. Type=Debugger, SessionId={E8E20172-4CC9-B8A6-3C89-E8BDF27DF3F4}
[2018.10.10-07.10.41:242][  0]LogInit: Transaction tracking system initialized
[2018.10.10-07.10.41:334][  0]BlueprintLog: New page: Editor Load
[2018.10.10-07.10.41:695][  0]LocalizationService: Localization service is disabled
[2018.10.10-07.10.42:505][  0]LogCook: Display: Max memory allowance for cook 16384mb min free memory 0mb
[2018.10.10-07.10.42:506][  0]LogCook: Display: Mobile HDR setting 1
[2018.10.10-07.10.42:506][  0]LogGameplayTags: Display: UGameplayTagsManager::DoneAddingNativeTags. DelegateIsBound: 0
[2018.10.10-07.10.42:506][  0]LogStats: UGameplayTagsManager::ConstructGameplayTagTree: ImportINI prefixes -  0.000 s
[2018.10.10-07.10.42:506][  0]LogStats: UGameplayTagsManager::ConstructGameplayTagTree: Construct from data asset -  0.000 s
[2018.10.10-07.10.42:506][  0]LogStats: UGameplayTagsManager::ConstructGameplayTagTree: ImportINI -  0.000 s
[2018.10.10-07.10.42:506][  0]LogStats: UGameplayTagsManager::ConstructGameplayTagTree: GameplayTagTreeChangedEvent.Broadcast -  0.000 s
[2018.10.10-07.10.42:994][  0]LogFileCache: Scanning file cache for directory 'C:/Users/marku/prototyping-unreal/VarjoSample/Content/' took 0.06s
[2018.10.10-07.10.42:994][  0]SourceControl: Source control is disabled
[2018.10.10-07.10.42:994][  0]Cmd: MAP LOAD FILE="../../../../../prototyping-unreal/VarjoSample/Content/StarterContent/Maps/Minimal_Default.umap" TEMPLATE=0 SHOWPROGRESS=1 FEATURELEVEL=3
[2018.10.10-07.10.43:014][  0]LightingResults: New page: Lighting Build
[2018.10.10-07.10.43:021][  0]MapCheck: New page: Map Check
[2018.10.10-07.10.43:021][  0]LightingResults: New page: Lighting Build
[2018.10.10-07.10.43:356][  0]LogAIModule: Creating AISystem for world Minimal_Default
[2018.10.10-07.10.43:370][  0]LogEditorServer: Finished looking for orphan Actors (0.000 secs)
[2018.10.10-07.10.43:403][  0]Cmd: MAP CHECKDEP NOCLEARLOG
[2018.10.10-07.10.43:469][  0]MapCheck: Map check complete: 0 Error(s), 0 Warning(s), took 64.701ms to complete.
[2018.10.10-07.10.43:469][  0]LogFileHelpers: Loading map 'Minimal_Default' took 0.475
[2018.10.10-07.10.43:619][  0]LogSlate: Updating window title bar state: overlay mode, drag disabled, window buttons hidden, title bar hidden
[2018.10.10-07.10.43:626][  0]LogSlate: Updating window title bar state: overlay mode, drag disabled, window buttons hidden, title bar hidden
[2018.10.10-07.10.43:633][  0]LogSlate: Updating window title bar state: overlay mode, drag disabled, window buttons hidden, title bar hidden
[2018.10.10-07.10.43:640][  0]LogSlate: Updating window title bar state: overlay mode, drag disabled, window buttons hidden, title bar hidden
[2018.10.10-07.10.43:663][  0]LogCollectionManager: Loaded 0 collections in 0.007197 seconds
[2018.10.10-07.10.43:717][  0]LogFileCache: Scanning file cache for directory 'C:/Users/marku/prototyping-unreal/VarjoSample/Saved/Collections/' took 0.01s
[2018.10.10-07.10.43:717][  0]LogFileCache: Scanning file cache for directory 'C:/Users/marku/prototyping-unreal/VarjoSample/Content/Developers/marku/Collections/' took 0.01s
[2018.10.10-07.10.43:717][  0]LogFileCache: Scanning file cache for directory 'C:/Users/marku/prototyping-unreal/VarjoSample/Content/Collections/' took 0.01s
[2018.10.10-07.10.43:717][  0]LogCollectionManager: Rebuilt the GUID cache for 0 collections in 0.000000 seconds
[2018.10.10-07.10.43:730][  0]LogContentBrowser: Native class hierarchy populated in 0.0127 seconds. Added 2566 classes and 594 folders.
[2018.10.10-07.10.43:748][  0]LogContentBrowser: Native class hierarchy updated for 'WidgetCarousel' in 0.0006 seconds. Added 0 classes and 0 folders.
[2018.10.10-07.10.43:793][  0]LogContentBrowser: Native class hierarchy updated for 'AddContentDialog' in 0.0005 seconds. Added 0 classes and 0 folders.
[2018.10.10-07.10.43:811][  0]LogContentBrowser: Native class hierarchy updated for 'SceneOutliner' in 0.0006 seconds. Added 1 classes and 2 folders.
[2018.10.10-07.10.43:874][  0]LogSlate: Took 0.000170 seconds to synchronously load lazily loaded font '../../../Engine/Content/Slate/Fonts/Roboto-Regular.ttf' (155K)
[2018.10.10-07.10.43:877][  0]LogSlate: Took 0.000309 seconds to synchronously load lazily loaded font '../../../Engine/Content/Slate/Fonts/Roboto-Bold.ttf' (160K)
[2018.10.10-07.10.43:885][  0]LogSlate: Took 0.000292 seconds to synchronously load lazily loaded font '../../../Engine/Content/Editor/Slate/Fonts/FontAwesome.ttf' (139K)
[2018.10.10-07.10.43:969][  0]LogRenderer: Reallocating scene render targets to support 1608x816 Format 10 NumSamples 1 (Frame:1).
[2018.10.10-07.10.44:126][  0]LogContentBrowser: Native class hierarchy updated for 'HierarchicalLODOutliner' in 0.0004 seconds. Added 0 classes and 0 folders.
[2018.10.10-07.10.44:126][  0]LogLoad: (Engine Initialization) Total time: 15.54 seconds
[2018.10.10-07.10.44:126][  0]LogLoad: (Engine Initialization) Total Blueprint compile time: 0.00 seconds
[2018.10.10-07.10.44:138][  0]LogWindowsTextInputMethodSystem: Display: IME system now deactivated.
[2018.10.10-07.10.44:169][  0]LogContentStreaming: Texture pool size now 1000 MB
[2018.10.10-07.10.44:232][  1]LogAssetRegistry: Asset discovery search completed in 8.2166 seconds
[2018.10.10-07.10.44:234][  1]LogCollectionManager: Rebuilt the object cache for 0 collections in 0.000005 seconds (found 0 objects)
[2018.10.10-07.10.44:234][  1]LogCollectionManager: Fixed up redirectors for 0 collections in 0.000212 seconds (updated 0 objects)
[2018.10.10-07.10.59:720][492]LogSlate: FSceneViewport::OnFocusLost() reason 0
[2018.10.10-07.10.59:820][504]LogTemp: Repeating last play command: VR Preview
[2018.10.10-07.10.59:834][504]LogBlueprintUserMessages: Early PlayInEditor Detection: Level '/Game/StarterContent/Maps/Minimal_Default.Minimal_Default:PersistentLevel' has LevelScriptBlueprint '/Game/StarterContent/Maps/Minimal_Default.Minimal_Default:PersistentLevel.Minimal_Default' with GeneratedClass '/Game/StarterContent/Maps/Minimal_Default.Minimal_Default_C' with ClassGeneratedBy '/Game/StarterContent/Maps/Minimal_Default.Minimal_Default:PersistentLevel.Minimal_Default'
[2018.10.10-07.10.59:834][504]LogPlayLevel: PlayLevel: No blueprints needed recompiling
[2018.10.10-07.10.59:850][504]PIE: New page: PIE session: Minimal_Default (Oct 10, 2018, 1:10:59 PM)
[2018.10.10-07.10.59:850][504]LogPlayLevel: Creating play world package: /Game/StarterContent/Maps/UEDPIE_0_Minimal_Default
[2018.10.10-07.10.59:855][504]LogPlayLevel: PIE: StaticDuplicateObject took: (0.004685s)
[2018.10.10-07.10.59:856][504]LogAIModule: Creating AISystem for world Minimal_Default
[2018.10.10-07.10.59:857][504]LogPlayLevel: PIE: World Init took: (0.001215s)
[2018.10.10-07.10.59:857][504]LogPlayLevel: PIE: Created PIE world by copying editor world from /Game/StarterContent/Maps/Minimal_Default.Minimal_Default to /Game/StarterContent/Maps/UEDPIE_0_Minimal_Default.Minimal_Default (0.006568s)
[2018.10.10-07.10.59:927][504]LogInit: XAudio2 using 'Speakers (4- USB Audio Device)' : 2 channels at 48 kHz using 16 bits per sample (channel mask 0x3)
[2018.10.10-07.10.59:939][504]LogInit: FAudioDevice initialized.
[2018.10.10-07.10.59:952][504]LogSlate: Updating window title bar state: overlay mode, drag disabled, window buttons hidden, title bar hidden
[2018.10.10-07.11.00:099][504]LogLoad: Game class is 'VRGameMode_C'
[2018.10.10-07.11.00:102][504]LogWorld: Bringing World /Game/StarterContent/Maps/UEDPIE_0_Minimal_Default.Minimal_Default up for play (max tick rate 0) at 2018.10.10-10.11.00
[2018.10.10-07.11.00:103][504]LogWorld: Bringing up level for play took: 0.001718
[2018.10.10-07.11.00:171][504]LogContentBrowser: Native class hierarchy updated for 'MovieSceneCapture' in 0.0008 seconds. Added 10 classes and 0 folders.
[2018.10.10-07.11.00:181][504]PIE: Play in editor start time for /Game/StarterContent/Maps/UEDPIE_0_Minimal_Default 1.239
[2018.10.10-07.11.00:182][504]LogBlueprintUserMessages: Late PlayInEditor Detection: Level '/Game/StarterContent/Maps/Minimal_Default.Minimal_Default:PersistentLevel' has LevelScriptBlueprint '/Game/StarterContent/Maps/Minimal_Default.Minimal_Default:PersistentLevel.Minimal_Default' with GeneratedClass '/Game/StarterContent/Maps/Minimal_Default.Minimal_Default_C' with ClassGeneratedBy '/Game/StarterContent/Maps/Minimal_Default.Minimal_Default:PersistentLevel.Minimal_Default'
[2018.10.10-07.11.00:259][505]LogRenderer: Reallocating scene render targets to support 4096x3200 Format 10 NumSamples 1 (Frame:1).
[2018.10.10-07.11.03:950][624]LogSlate: FSceneViewport::OnFocusLost() reason 2
[2018.10.10-07.11.05:129][669]LogBlueprintUserMessages: Early EndPlayMap Detection: Level '/Game/StarterContent/Maps/Minimal_Default.Minimal_Default:PersistentLevel' has LevelScriptBlueprint '/Game/StarterContent/Maps/Minimal_Default.Minimal_Default:PersistentLevel.Minimal_Default' with GeneratedClass '/Game/StarterContent/Maps/Minimal_Default.Minimal_Default_C' with ClassGeneratedBy '/Game/StarterContent/Maps/Minimal_Default.Minimal_Default:PersistentLevel.Minimal_Default'
[2018.10.10-07.11.05:129][669]LogSlate: Updating window title bar state: overlay mode, drag disabled, window buttons hidden, title bar hidden
[2018.10.10-07.11.05:148][669]LogSlate: Window 'VarjoSample Game Preview Standalone (64-bit/PCD3D_SM5)' being destroyed
[2018.10.10-07.11.05:189][669]LogPlayLevel: Display: Shutting down PIE online subsystems
[2018.10.10-07.11.05:190][669]LogBlueprintUserMessages: Late EndPlayMap Detection: Level '/Game/StarterContent/Maps/Minimal_Default.Minimal_Default:PersistentLevel' has LevelScriptBlueprint '/Game/StarterContent/Maps/Minimal_Default.Minimal_Default:PersistentLevel.Minimal_Default' with GeneratedClass '/Game/StarterContent/Maps/Minimal_Default.Minimal_Default_C' with ClassGeneratedBy '/Game/StarterContent/Maps/Minimal_Default.Minimal_Default:PersistentLevel.Minimal_Default'
[2018.10.10-07.11.05:254][670]LogPlayLevel: Display: Destroying online subsystem :Context_4
[2018.10.10-07.11.06:695][790]LogSlate: Window 'VarjoSample - Unreal Editor' being destroyed
[2018.10.10-07.11.06:697][790]LogWindowsTextInputMethodSystem: Display: IME system now deactivated.
[2018.10.10-07.11.06:904][791]Cmd: QUIT_EDITOR
[2018.10.10-07.11.06:960][791]LogExit: Preparing to exit.
[2018.10.10-07.11.08:038][791]LogExit: Editor shut down
[2018.10.10-07.11.08:038][791]LogExit: Transaction tracking system shut down
[2018.10.10-07.11.08:580][791]LogExit: Object subsystem successfully closed.
[2018.10.10-07.11.08:644][791]LogShaderCompilers: Display: Shaders left to compile 0
[2018.10.10-07.11.08:649][791]LogD3D11RHI: Shutdown
[2018.10.10-07.11.08:649][791]LogD3D11RHI: CleanupD3DDevice
[2018.10.10-07.11.08:650][791]LogD3D11RHI: ~FD3D11DynamicRHI
[2018.10.10-07.11.08:670][791]LogModuleManager: Shutting down and abandoning module MovieSceneCapture (596)
[2018.10.10-07.11.08:670][791]LogModuleManager: Shutting down and abandoning module Voice (594)
[2018.10.10-07.11.08:670][791]LogModuleManager: Shutting down and abandoning module HierarchicalLODOutliner (592)
[2018.10.10-07.11.08:670][791]LogModuleManager: Shutting down and abandoning module SceneOutliner (590)
[2018.10.10-07.11.08:670][791]LogModuleManager: Shutting down and abandoning module AddContentDialog (588)
[2018.10.10-07.11.08:672][791]LogModuleManager: Shutting down and abandoning module WidgetCarousel (587)
[2018.10.10-07.11.08:672][791]LogModuleManager: Shutting down and abandoning module EditorWidgets (584)
[2018.10.10-07.11.08:672][791]LogModuleManager: Shutting down and abandoning module CollectionManager (582)
[2018.10.10-07.11.08:672][791]LogModuleManager: Shutting down and abandoning module StatsViewer (580)
[2018.10.10-07.11.08:672][791]LogModuleManager: Shutting down and abandoning module FoliageEdit (578)
[2018.10.10-07.11.08:672][791]LogModuleManager: Shutting down and abandoning module LandscapeEditor (576)
[2018.10.10-07.11.08:673][791]LogModuleManager: Shutting down and abandoning module MeshPaintMode (574)
[2018.10.10-07.11.08:673][791]LogModuleManager: Shutting down and abandoning module SceneDepthPickerMode (572)
[2018.10.10-07.11.08:673][791]LogModuleManager: Shutting down and abandoning module ActorPickerMode (570)
[2018.10.10-07.11.08:673][791]LogModuleManager: Shutting down and abandoning module GeometryMode (568)
[2018.10.10-07.11.08:673][791]LogModuleManager: Shutting down and abandoning module TextureAlignMode (566)
[2018.10.10-07.11.08:673][791]LogModuleManager: Shutting down and abandoning module BspMode (564)
[2018.10.10-07.11.08:673][791]LogModuleManager: Shutting down and abandoning module PIEPreviewDeviceProfileSelector (562)
[2018.10.10-07.11.08:673][791]LogModuleManager: Shutting down and abandoning module SequenceRecorderSections (560)
[2018.10.10-07.11.08:673][791]LogModuleManager: Shutting down and abandoning module AutomationWorker (558)
[2018.10.10-07.11.08:673][791]LogModuleManager: Shutting down and abandoning module AudioCaptureEditor (556)
[2018.10.10-07.11.08:673][791]LogModuleManager: Shutting down and abandoning module SequenceRecorder (555)
[2018.10.10-07.11.08:674][791]LogModuleManager: Shutting down and abandoning module MatineeToLevelSequence (552)
[2018.10.10-07.11.08:674][791]LogModuleManager: Shutting down and abandoning module LevelSequenceEditor (550)
[2018.10.10-07.11.08:674][791]LogModuleManager: Shutting down and abandoning module PlacementMode (549)
[2018.10.10-07.11.08:674][791]LogModuleManager: Shutting down and abandoning module MaterialEditor (548)
[2018.10.10-07.11.08:674][791]LogModuleManager: Shutting down and abandoning module WmfMediaFactory (544)
[2018.10.10-07.11.08:674][791]LogModuleManager: Shutting down and abandoning module WmfMediaEditor (542)
[2018.10.10-07.11.08:674][791]LogModuleManager: Shutting down and abandoning module MediaPlayerEditor (540)
[2018.10.10-07.11.08:674][791]LogModuleManager: Shutting down and abandoning module OpenExrWrapper (538)
[2018.10.10-07.11.08:674][791]LogModuleManager: Shutting down and abandoning module ImgMediaFactory (536)
[2018.10.10-07.11.08:675][791]LogModuleManager: Shutting down and abandoning module ImgMediaEditor (534)
[2018.10.10-07.11.08:675][791]LogModuleManager: Shutting down and abandoning module AvfMediaFactory (532)
[2018.10.10-07.11.08:675][791]LogModuleManager: Shutting down and abandoning module AvfMediaEditor (530)
[2018.10.10-07.11.08:675][791]LogModuleManager: Shutting down and abandoning module AndroidMediaFactory (528)
[2018.10.10-07.11.08:675][791]LogModuleManager: Shutting down and abandoning module AndroidMediaEditor (526)
[2018.10.10-07.11.08:675][791]LogModuleManager: Shutting down and abandoning module MagicLeapCameraPreviewFactory (524)
[2018.10.10-07.11.08:675][791]LogModuleManager: Shutting down and abandoning module MagicLeapMediaFactory (522)
[2018.10.10-07.11.08:675][791]LogModuleManager: Shutting down and abandoning module MagicLeapMediaEditor (520)
[2018.10.10-07.11.08:675][791]LogModuleManager: Shutting down and abandoning module CharacterAI (518)
[2018.10.10-07.11.08:675][791]LogModuleManager: Shutting down and abandoning module SmartSnapping (516)
[2018.10.10-07.11.08:675][791]LogModuleManager: Shutting down and abandoning module SessionServices (514)
[2018.10.10-07.11.08:675][791]LogModuleManager: Shutting down and abandoning module ViewportSnapping (512)
[2018.10.10-07.11.08:675][791]LogModuleManager: Shutting down and abandoning module ViewportInteraction (510)
[2018.10.10-07.11.08:675][791]LogModuleManager: Shutting down and abandoning module ClothPainter (508)
[2018.10.10-07.11.08:676][791]LogModuleManager: Shutting down and abandoning module SkeletalMeshEditor (507)
[2018.10.10-07.11.08:676][791]LogModuleManager: Shutting down and abandoning module LogVisualizer (504)
[2018.10.10-07.11.08:676][791]LogModuleManager: Shutting down and abandoning module IntroTutorials (502)
[2018.10.10-07.11.08:676][791]LogModuleManager: Shutting down and abandoning module GameProjectGeneration (501)
[2018.10.10-07.11.08:676][791]LogModuleManager: Shutting down and abandoning module LuminPlatformEditor (498)
[2018.10.10-07.11.08:676][791]LogModuleManager: Shutting down and abandoning module IOSPlatformEditor (496)
[2018.10.10-07.11.08:676][791]LogModuleManager: Shutting down and abandoning module HTML5PlatformEditor (494)
[2018.10.10-07.11.08:676][791]LogModuleManager: Shutting down and abandoning module AndroidPlatformEditor (492)
[2018.10.10-07.11.08:676][791]LogModuleManager: Shutting down and abandoning module AndroidDeviceDetection (491)
